2025-05-02 07:12:27,621 [INFO] Activator:176 - 


2025-05-02 07:12:27,628 [INFO] Activator:177 - !SESSION log4j initialized
2025-05-02 07:12:28,139 [ERROR] LogOutputStream:75 - [STDERR_REDIRECT] SWT Webkit: Warning, You are using an old version of webkitgtk. (pre 2.4) BrowserFunction functionality will not be available
2025-05-02 07:12:28,146 [ERROR] LogOutputStream:75 - [STDERR_REDIRECT] SWT WebKit: error initializing DBus server, dBusServer == 0
2025-05-02 07:12:31,546 [INFO] LogOutputStream:77 - [STDOUT_REDIRECT] 
2025-05-02 07:12:52,370 [ERROR] LogOutputStream:75 - [STDERR_REDIRECT] SLF4J: Failed to load class "org.slf4j.impl.StaticLoggerBinder".
2025-05-02 07:12:52,371 [ERROR] LogOutputStream:75 - [STDERR_REDIRECT] SLF4J: Defaulting to no-operation (NOP) logger implementation
2025-05-02 07:12:52,371 [ERROR] LogOutputStream:75 - [STDERR_REDIRECT] SLF4J: See http://www.slf4j.org/codes.html#StaticLoggerBinder for further details.
2025-05-02 07:12:55,115 [INFO] ApplicationProperties:184 - Using Application install path: /app/stm32cubeide/plugins/com.st.stm32cube.common.mx_6.8.0.202302231600
2025-05-02 07:12:55,166 [INFO] DbMcusXml:78 - Set database path to: /app/stm32cubeide/plugins/com.st.stm32cube.common.mx_6.8.0.202302231600//db//mcu/
2025-05-02 07:12:55,168 [INFO] ApiDb:274 - Set plugin database path to: /app/stm32cubeide/plugins/com.st.stm32cube.common.mx_6.8.0.202302231600//db//plugins/boardmanager/
2025-05-02 07:12:55,176 [WARN] ApiDb:259 - Overriding images path with different value:  => /app/stm32cubeide/plugins/com.st.stm32cube.common.mx_6.8.0.202302231600//db//plugins/mcufinder/images/
2025-05-02 07:12:55,204 [INFO] ApiDb:250 - Set database path to: /home/ziad/.stmcufinder/plugins/mcufinder//mcu/
2025-05-02 07:12:55,208 [INFO] DbMcusAds:125 - Set database path to: /home/ziad/.stmcufinder/plugins/mcufinder//mcu/
2025-05-02 07:12:55,228 [INFO] CrossReferenceDbSqlite:203 - Set database path to: /home/ziad/.stmcufinder/plugins/mcufinder//mcu/cs/
2025-05-02 07:12:55,415 [INFO] RulesReader:64 - Compatibility file has been processed (293 Rules)
2025-05-02 07:12:55,512 [INFO] DbMcusXml:78 - Set database path to: /app/stm32cubeide/plugins/com.st.stm32cube.common.mx_6.8.0.202302231600//db//mcu/
2025-05-02 07:12:55,512 [INFO] ApiDb:274 - Set plugin database path to: /app/stm32cubeide/plugins/com.st.stm32cube.common.mx_6.8.0.202302231600//db//plugins/boardmanager/
2025-05-02 07:12:55,513 [INFO] ApiDb:261 - Set plugin images path to: /app/stm32cubeide/plugins/com.st.stm32cube.common.mx_6.8.0.202302231600//db//plugins/mcufinder/images/
2025-05-02 07:12:55,514 [WARN] DbFile:41 - Overriding database path with different value: /home/ziad/.stmcufinder/plugins/mcufinder/ => /home/ziad/.stmcufinder/plugins/mcufinder
2025-05-02 07:12:55,514 [INFO] ApiDb:250 - Set database path to: /home/ziad/.stmcufinder/plugins/mcufinder//mcu/
2025-05-02 07:12:55,514 [WARN] DbFile:41 - Overriding database path with different value: /home/ziad/.stmcufinder/plugins/mcufinder/ => /home/ziad/.stmcufinder/plugins/mcufinder
2025-05-02 07:12:55,514 [INFO] DbMcusAds:125 - Set database path to: /home/ziad/.stmcufinder/plugins/mcufinder//mcu/
2025-05-02 07:12:55,515 [WARN] DbFile:41 - Overriding database path with different value: /home/ziad/.stmcufinder/plugins/mcufinder/ => /home/ziad/.stmcufinder/plugins/mcufinder
2025-05-02 07:12:55,515 [WARN] DbFile:41 - Overriding database path with different value: /home/ziad/.stmcufinder/plugins/mcufinder/ => /home/ziad/.stmcufinder/plugins/mcufinder
2025-05-02 07:12:55,515 [INFO] CrossReferenceDbSqlite:203 - Set database path to: /home/ziad/.stmcufinder/plugins/mcufinder//mcu/cs/
2025-05-02 07:12:55,638 [INFO] MainPanel:253 - HeapMemory: 268435456
2025-05-02 07:12:55,814 [INFO] DbMcusXml:78 - Set database path to: /app/stm32cubeide/plugins/com.st.stm32cube.common.mx_6.8.0.202302231600//db//mcu/
2025-05-02 07:12:55,815 [INFO] ApiDb:274 - Set plugin database path to: /app/stm32cubeide/plugins/com.st.stm32cube.common.mx_6.8.0.202302231600//db//plugins/boardmanager/
2025-05-02 07:12:55,815 [INFO] ApiDb:261 - Set plugin images path to: /app/stm32cubeide/plugins/com.st.stm32cube.common.mx_6.8.0.202302231600//db//plugins/mcufinder/images/
2025-05-02 07:12:55,815 [WARN] DbFile:41 - Overriding database path with different value: /home/ziad/.stmcufinder/plugins/mcufinder/ => /home/ziad/.stmcufinder/plugins/mcufinder
2025-05-02 07:12:55,816 [INFO] ApiDb:250 - Set database path to: /home/ziad/.stmcufinder/plugins/mcufinder//mcu/
2025-05-02 07:12:55,816 [WARN] DbFile:41 - Overriding database path with different value: /home/ziad/.stmcufinder/plugins/mcufinder/ => /home/ziad/.stmcufinder/plugins/mcufinder
2025-05-02 07:12:55,816 [INFO] DbMcusAds:125 - Set database path to: /home/ziad/.stmcufinder/plugins/mcufinder//mcu/
2025-05-02 07:12:55,816 [WARN] DbFile:41 - Overriding database path with different value: /home/ziad/.stmcufinder/plugins/mcufinder/ => /home/ziad/.stmcufinder/plugins/mcufinder
2025-05-02 07:12:55,816 [WARN] DbFile:41 - Overriding database path with different value: /home/ziad/.stmcufinder/plugins/mcufinder/ => /home/ziad/.stmcufinder/plugins/mcufinder
2025-05-02 07:12:55,816 [INFO] CrossReferenceDbSqlite:203 - Set database path to: /home/ziad/.stmcufinder/plugins/mcufinder//mcu/cs/
2025-05-02 07:12:55,840 [INFO] ApplicationProperties:184 - Using Application install path: /app/stm32cubeide/plugins/com.st.stm32cube.common.mx_6.8.0.202302231600
2025-05-02 07:12:55,844 [INFO] PluginManage:196 - Search for loadable plugins [exclusion list=, ]
2025-05-02 07:12:55,846 [INFO] PluginManage:310 - Check plugin analytics
2025-05-02 07:12:56,252 [INFO] AnalyticsPlugin:253 - Accepted Software Licenses: 
2025-05-02 07:12:56,252 [INFO] AnalyticsPlugin:255 - Accepted CMSIS Pack Licenses: 
2025-05-02 07:12:56,253 [INFO] AnalyticsPlugin:257 - Accepted Firmware Licenses: 
2025-05-02 07:12:56,266 [INFO] PluginManage:359 - Loaded plugin analytics (category:tool,tabindex:-1)
2025-05-02 07:12:56,266 [INFO] PluginManage:310 - Check plugin cadmodel
2025-05-02 07:12:56,528 [INFO] CADModel:105 - Init CAD model plugin
2025-05-02 07:12:56,528 [INFO] PluginManage:359 - Loaded plugin cadmodel (category:power,tabindex:5)
2025-05-02 07:12:56,528 [INFO] PluginManage:310 - Check plugin clock
2025-05-02 07:12:56,542 [INFO] PluginManage:359 - Loaded plugin clock (category:base,tabindex:2)
2025-05-02 07:12:56,543 [INFO] PluginManage:310 - Check plugin ddr
2025-05-02 07:12:56,547 [INFO] PluginManage:359 - Loaded plugin ddr (category:tool,tabindex:6)
2025-05-02 07:12:56,547 [INFO] PluginManage:310 - Check plugin filemanager
2025-05-02 07:12:56,737 [INFO] PluginManage:359 - Loaded plugin filemanager (category:base,tabindex:10)
2025-05-02 07:12:56,737 [INFO] PluginManage:310 - Check plugin ipmanager
2025-05-02 07:12:56,747 [INFO] PluginManage:359 - Loaded plugin ipmanager (category:base,tabindex:5)
2025-05-02 07:12:56,747 [INFO] PluginManage:310 - Check plugin lpbam
2025-05-02 07:12:56,763 [INFO] PluginManage:359 - Loaded plugin lpbam (category:base,tabindex:0)
2025-05-02 07:12:56,764 [INFO] PluginManage:310 - Check plugin pinoutandconfiguration
2025-05-02 07:12:56,776 [INFO] PluginManage:359 - Loaded plugin pinoutandconfiguration (category:base,tabindex:1)
2025-05-02 07:12:56,776 [INFO] PluginManage:310 - Check plugin pinoutconfig
2025-05-02 07:12:56,928 [WARN] SupportedApi:132 - Cannot load RTOS API schema: s4s-elt-must-match.1: The content of 'definitions' must match (annotation?, (simpleType | complexType)?, (unique | key | keyref)*)). A problem was found starting at: attribute.
2025-05-02 07:12:57,166 [INFO] PluginManage:359 - Loaded plugin pinoutconfig (category:base,tabindex:0)
2025-05-02 07:12:57,166 [INFO] PluginManage:310 - Check plugin power
2025-05-02 07:12:57,182 [INFO] PluginManage:359 - Loaded plugin power (category:power,tabindex:4)
2025-05-02 07:12:57,182 [INFO] PluginManage:310 - Check plugin projectmanager
2025-05-02 07:12:57,206 [INFO] PluginManage:359 - Loaded plugin projectmanager (category:projectmanager,tabindex:3)
2025-05-02 07:12:57,206 [INFO] PluginManage:310 - Check plugin thirdparty
2025-05-02 07:12:57,404 [INFO] PluginManage:359 - Loaded plugin thirdparty (category:base,tabindex:-1)
2025-05-02 07:12:57,404 [INFO] PluginManage:310 - Check plugin tools
2025-05-02 07:12:57,405 [WARN] IntegrityCheckThread:84 - waiting for thirdparty lock release [integrity check]
2025-05-02 07:12:57,406 [INFO] IntegrityCheckThread:86 - entering critical section [integrity check]
2025-05-02 07:12:57,411 [INFO] ThirdPartyUpdaterWithRetryManager:70 - Updater plugin not ready yet. [1/15]
2025-05-02 07:12:57,412 [INFO] PluginManage:359 - Loaded plugin tools (category:base,tabindex:7)
2025-05-02 07:12:57,413 [INFO] PluginManage:310 - Check plugin tutovideos
2025-05-02 07:12:57,701 [INFO] PluginManage:359 - Loaded plugin tutovideos (category:base,tabindex:-1)
2025-05-02 07:12:57,701 [INFO] PluginManage:310 - Check plugin updater
2025-05-02 07:12:57,728 [INFO] PluginManage:359 - Loaded plugin updater (category:base,tabindex:12)
2025-05-02 07:12:57,728 [INFO] PluginManage:283 - PluginManage : Loaded plugins [15]
2025-05-02 07:12:58,090 [INFO] PinOutPanel:1499 - setPackage(No Configuration,No Configuration)
2025-05-02 07:12:58,176 [INFO] CADModel:165 - CPN selected for project level
2025-05-02 07:12:58,176 [INFO] CADModel:114 - Register for checkConnection events
2025-05-02 07:12:58,197 [INFO] IPUIPlugin:80 - create IPUIPlugin
2025-05-02 07:12:58,197 [INFO] PluginManager:220 - loadIPPluginJar : add dfsdm
2025-05-02 07:12:58,200 [INFO] IPUIPlugin:80 - create IPUIPlugin
2025-05-02 07:12:58,200 [INFO] PluginManager:220 - loadIPPluginJar : add fatfs
2025-05-02 07:12:58,203 [INFO] IPUIPlugin:80 - create IPUIPlugin
2025-05-02 07:12:58,204 [INFO] PluginManager:220 - loadIPPluginJar : add tracer_emb
2025-05-02 07:12:58,212 [INFO] IPUIPlugin:80 - create IPUIPlugin
2025-05-02 07:12:58,213 [INFO] PluginManager:220 - loadIPPluginJar : add hash
2025-05-02 07:12:58,221 [INFO] IPUIPlugin:80 - create IPUIPlugin
2025-05-02 07:12:58,221 [INFO] PluginManager:220 - loadIPPluginJar : add opamp
2025-05-02 07:12:58,223 [INFO] IPUIPlugin:80 - create IPUIPlugin
2025-05-02 07:12:58,224 [INFO] PluginManager:220 - loadIPPluginJar : add quadspi
2025-05-02 07:12:58,229 [INFO] IPUIPlugin:80 - create IPUIPlugin
2025-05-02 07:12:58,229 [INFO] PluginManager:220 - loadIPPluginJar : add openamp
2025-05-02 07:12:58,231 [INFO] IPUIPlugin:80 - create IPUIPlugin
2025-05-02 07:12:58,232 [INFO] PluginManager:220 - loadIPPluginJar : add ltdc
2025-05-02 07:12:58,237 [INFO] IPUIPlugin:80 - create IPUIPlugin
2025-05-02 07:12:58,237 [INFO] PluginManager:220 - loadIPPluginJar : add resmgrutility
2025-05-02 07:12:58,241 [INFO] IPUIPlugin:80 - create IPUIPlugin
2025-05-02 07:12:58,241 [INFO] PluginManager:220 - loadIPPluginJar : add gtzc
2025-05-02 07:12:58,245 [INFO] IPUIPlugin:80 - create IPUIPlugin
2025-05-02 07:12:58,245 [INFO] PluginManager:220 - loadIPPluginJar : add can
2025-05-02 07:12:58,253 [INFO] IPUIPlugin:80 - create IPUIPlugin
2025-05-02 07:12:58,254 [INFO] PluginManager:220 - loadIPPluginJar : add gic
2025-05-02 07:12:58,261 [INFO] IPUIPlugin:80 - create IPUIPlugin
2025-05-02 07:12:58,261 [INFO] PluginManager:220 - loadIPPluginJar : add gpio
2025-05-02 07:12:58,266 [INFO] IPUIPlugin:80 - create IPUIPlugin
2025-05-02 07:12:58,266 [INFO] PluginManager:220 - loadIPPluginJar : add i2c
2025-05-02 07:12:58,270 [INFO] IPUIPlugin:80 - create IPUIPlugin
2025-05-02 07:12:58,270 [INFO] PluginManager:220 - loadIPPluginJar : add gfxmmu
2025-05-02 07:12:58,274 [INFO] IPUIPlugin:80 - create IPUIPlugin
2025-05-02 07:12:58,275 [INFO] PluginManager:220 - loadIPPluginJar : add i3c
2025-05-02 07:12:58,283 [INFO] IPUIPlugin:80 - create IPUIPlugin
2025-05-02 07:12:58,283 [INFO] PluginManager:220 - loadIPPluginJar : add stm32_wpan
2025-05-02 07:12:58,289 [INFO] IPUIPlugin:80 - create IPUIPlugin
2025-05-02 07:12:58,289 [INFO] PluginManager:220 - loadIPPluginJar : add ipddr
2025-05-02 07:12:58,293 [INFO] IPUIPlugin:80 - create IPUIPlugin
2025-05-02 07:12:58,293 [INFO] PluginManager:220 - loadIPPluginJar : add i2s
2025-05-02 07:12:58,297 [INFO] IPUIPlugin:80 - create IPUIPlugin
2025-05-02 07:12:58,298 [INFO] PluginManager:220 - loadIPPluginJar : add pdm2pcm
2025-05-02 07:12:58,307 [INFO] IPUIPlugin:80 - create IPUIPlugin
2025-05-02 07:12:58,307 [INFO] PluginManager:220 - loadIPPluginJar : add freertos
2025-05-02 07:12:58,311 [INFO] IPUIPlugin:80 - create IPUIPlugin
2025-05-02 07:12:58,312 [INFO] PluginManager:220 - loadIPPluginJar : add aes
2025-05-02 07:12:58,315 [INFO] IPUIPlugin:80 - create IPUIPlugin
2025-05-02 07:12:58,315 [INFO] PluginManager:220 - loadIPPluginJar : add tim
2025-05-02 07:12:58,318 [INFO] IPUIPlugin:80 - create IPUIPlugin
2025-05-02 07:12:58,318 [INFO] PluginManager:220 - loadIPPluginJar : add ucpd
2025-05-02 07:12:58,323 [INFO] IPUIPlugin:80 - create IPUIPlugin
2025-05-02 07:12:58,323 [INFO] PluginManager:220 - loadIPPluginJar : add usart
2025-05-02 07:12:58,329 [INFO] IPUIPlugin:80 - create IPUIPlugin
2025-05-02 07:12:58,329 [INFO] PluginManager:220 - loadIPPluginJar : add touchsensing
2025-05-02 07:12:58,335 [INFO] IPUIPlugin:80 - create IPUIPlugin
2025-05-02 07:12:58,336 [INFO] PluginManager:220 - loadIPPluginJar : add nvic
2025-05-02 07:12:58,344 [INFO] IPUIPlugin:80 - create IPUIPlugin
2025-05-02 07:12:58,344 [INFO] PluginManager:220 - loadIPPluginJar : add fmc
2025-05-02 07:12:58,346 [INFO] IPUIPlugin:80 - create IPUIPlugin
2025-05-02 07:12:58,347 [INFO] PluginManager:220 - loadIPPluginJar : add comp
2025-05-02 07:12:58,350 [INFO] IPUIPlugin:80 - create IPUIPlugin
2025-05-02 07:12:58,351 [INFO] PluginManager:220 - loadIPPluginJar : add spi
2025-05-02 07:12:58,355 [INFO] IPUIPlugin:80 - create IPUIPlugin
2025-05-02 07:12:58,356 [INFO] PluginManager:220 - loadIPPluginJar : add lorawan
2025-05-02 07:12:58,358 [INFO] IPUIPlugin:80 - create IPUIPlugin
2025-05-02 07:12:58,358 [INFO] PluginManager:220 - loadIPPluginJar : add tsc
2025-05-02 07:12:58,361 [INFO] IPUIPlugin:80 - create IPUIPlugin
2025-05-02 07:12:58,362 [INFO] PluginManager:220 - loadIPPluginJar : add cryp
2025-05-02 07:12:58,366 [INFO] IPUIPlugin:80 - create IPUIPlugin
2025-05-02 07:12:58,366 [INFO] PluginManager:220 - loadIPPluginJar : add usbx
2025-05-02 07:12:58,369 [INFO] IPUIPlugin:80 - create IPUIPlugin
2025-05-02 07:12:58,369 [INFO] PluginManager:220 - loadIPPluginJar : add genericplugin
2025-05-02 07:12:58,378 [INFO] IPUIPlugin:80 - create IPUIPlugin
2025-05-02 07:12:58,380 [INFO] PluginManager:220 - loadIPPluginJar : add plateformsettings
2025-05-02 07:12:58,387 [INFO] IPUIPlugin:80 - create IPUIPlugin
2025-05-02 07:12:58,387 [INFO] PluginManager:220 - loadIPPluginJar : add linkedlist
2025-05-02 07:12:58,389 [INFO] IPUIPlugin:80 - create IPUIPlugin
2025-05-02 07:12:58,389 [INFO] PluginManager:220 - loadIPPluginJar : add ts
2025-05-02 07:12:58,397 [INFO] IPUIPlugin:80 - create IPUIPlugin
2025-05-02 07:12:58,398 [INFO] PluginManager:220 - loadIPPluginJar : add mdma
2025-05-02 07:12:58,401 [INFO] IPUIPlugin:80 - create IPUIPlugin
2025-05-02 07:12:58,401 [INFO] PluginManager:220 - loadIPPluginJar : add dma3
2025-05-02 07:12:58,410 [INFO] IPUIPlugin:80 - create IPUIPlugin
2025-05-02 07:12:58,410 [INFO] PluginManager:220 - loadIPPluginJar : add adc
2025-05-02 07:12:58,414 [INFO] IPUIPlugin:80 - create IPUIPlugin
2025-05-02 07:12:58,414 [INFO] PluginManager:220 - loadIPPluginJar : add sai
2025-05-02 07:12:58,420 [INFO] IPUIPlugin:80 - create IPUIPlugin
2025-05-02 07:12:58,420 [INFO] PluginManager:220 - loadIPPluginJar : add dma
2025-05-02 07:12:58,545 [INFO] CADModel:165 - CPN selected for project level
2025-05-02 07:12:58,545 [INFO] CADModel:114 - Register for checkConnection events
2025-05-02 07:12:58,546 [FATAL] Updater:308 - Updater called before beeing initialized
2025-05-02 07:12:58,546 [ERROR] CADModel:125 - Updater not yet initialized, retry later 
2025-05-02 07:12:58,714 [INFO] CADModel:165 - CPN selected for project level
2025-05-02 07:12:58,714 [INFO] CADModel:114 - Register for checkConnection events
2025-05-02 07:12:58,714 [FATAL] Updater:308 - Updater called before beeing initialized
2025-05-02 07:12:58,715 [ERROR] CADModel:125 - Updater not yet initialized, retry later 
2025-05-02 07:12:58,721 [FATAL] Updater:308 - Updater called before beeing initialized
2025-05-02 07:12:58,839 [FATAL] Updater:308 - Updater called before beeing initialized
2025-05-02 07:12:58,850 [INFO] DbMcusAds:53 - JSON generation date=Thu Mar 06 16:54:21 EET 2025 (1741272861825)
2025-05-02 07:12:58,850 [FATAL] Updater:308 - Updater called before beeing initialized
2025-05-02 07:12:58,912 [WARN] DetailPanel:346 - Failed to get advertising image, set to default
2025-05-02 07:12:59,081 [FATAL] Updater:308 - Updater called before beeing initialized
2025-05-02 07:12:59,084 [FATAL] Updater:308 - Updater called before beeing initialized
2025-05-02 07:12:59,084 [FATAL] Updater:308 - Updater called before beeing initialized
2025-05-02 07:12:59,084 [WARN] DetailPanel:346 - Failed to get advertising image, set to default
2025-05-02 07:12:59,085 [FATAL] Updater:308 - Updater called before beeing initialized
2025-05-02 07:12:59,130 [ERROR] Updater:1120 - MainUpdater not yet initialized. External WinMGr cannot be set.
2025-05-02 07:12:59,132 [INFO] Updater:1056 - Updater Version found : 6.8.0
2025-05-02 07:12:59,156 [INFO] ApplicationProperties:184 - Using Application install path: /app/stm32cubeide/plugins/com.st.stm32cube.common.mx_6.8.0.202302231600
2025-05-02 07:12:59,527 [INFO] MainUpdater:2854 - connection check result : 10
2025-05-02 07:12:59,527 [INFO] MainUpdater:3548 - Updater definition file requires update
2025-05-02 07:12:59,529 [INFO] MainUpdater:283 - Updater Check For Update Now.
2025-05-02 07:12:59,529 [INFO] MicroXplorer:498 - Change Database Version : DB.6.0.80
2025-05-02 07:12:59,616 [INFO] ServerAccessManage:473 - Download File updaters.zip
2025-05-02 07:12:59,859 [INFO] FileExtend:240 - Unzip File : updaters.zip
2025-05-02 07:12:59,859 [INFO] FileExtend:255 - Standard Zip Deflate
2025-05-02 07:13:00,173 [INFO] ServerAccessManage:473 - Download File PacksControlFlags.xml
2025-05-02 07:13:00,306 [INFO] ServerAccessManage:473 - Download File cubemx.pidx
2025-05-02 07:13:00,414 [WARN] MainUpdater:1187 - Updater busy. Cannot search thirdparties
2025-05-02 07:13:00,415 [INFO] ThirdPartyUpdaterWithRetryManager:96 - Updater plugin is busy. [1/15]
2025-05-02 07:13:01,450 [INFO] ServerAccessManage:473 - Download File STMicroelectronics.X-CUBE-MEMS1.pdsc
2025-05-02 07:13:03,417 [WARN] MainUpdater:1187 - Updater busy. Cannot search thirdparties
2025-05-02 07:13:03,418 [INFO] ThirdPartyUpdaterWithRetryManager:96 - Updater plugin is busy. [2/15]
2025-05-02 07:13:05,058 [INFO] ServerAccessManage:473 - Download File STMicroelectronics.X-CUBE-NFC7.pdsc
2025-05-02 07:13:05,832 [INFO] ServerAccessManage:473 - Download File STMicroelectronics.X-CUBE-TOF1.pdsc
2025-05-02 07:13:06,418 [WARN] MainUpdater:1187 - Updater busy. Cannot search thirdparties
2025-05-02 07:13:06,418 [INFO] ThirdPartyUpdaterWithRetryManager:96 - Updater plugin is busy. [3/15]
2025-05-02 07:13:07,339 [ERROR] ServerAccessManage:1089 - Problem, file not found on Server
2025-05-02 07:13:08,415 [INFO] ServerAccessManage:473 - Download File STMicroelectronics.X-CUBE-WB05N.pdsc
2025-05-02 07:13:09,136 [INFO] ServerAccessManage:473 - Download File Avnet-IotConnect.X-CUBE-IoTC-DA16k-PMOD.pdsc
2025-05-02 07:13:09,420 [WARN] MainUpdater:1187 - Updater busy. Cannot search thirdparties
2025-05-02 07:13:09,420 [INFO] ThirdPartyUpdaterWithRetryManager:96 - Updater plugin is busy. [4/15]
2025-05-02 07:13:09,611 [WARN] PackLoader:240 - Cannot read IP mode file for STMicroelectronics.X-CUBE-MEMS1.11.2.0
2025-05-02 07:13:09,633 [INFO] CheckServerUpdateThread:120 - End of CheckServer Thread
2025-05-02 07:13:09,773 [INFO] MainUpdater:2854 - connection check result : 10
2025-05-02 07:13:09,779 [INFO] McuFinderGlobals:66 - Set McuFinderConnectedMode to true
2025-05-02 07:13:10,322 [INFO] ServerAccessManage:473 - Download File mcusAds.json._tmp_
2025-05-02 07:13:10,407 [WARN] PackLoader:240 - Cannot read IP mode file for STMicroelectronics.X-CUBE-NFC7.2.0.0
2025-05-02 07:13:10,432 [WARN] PopulateThirdPartyThread:106 - Error when creating pack: /home/ziad/.stm32cubemx/thirdparties/pdsc/STMicroelectronics.X-CUBE-TOF1.pdsc
2025-05-02 07:13:10,450 [INFO] LoadUrlFilesThread:156 - End of LoadUrlFiles Thread
2025-05-02 07:13:10,466 [WARN] PackLoader:240 - Cannot read IP mode file for STMicroelectronics.X-CUBE-WB05N.2.0.0
2025-05-02 07:13:10,478 [WARN] PopulateThirdPartyThread:106 - Error when creating pack: /home/ziad/.stm32cubemx/thirdparties/pdsc/Avnet-IotConnect.X-CUBE-IoTC-DA16k-PMOD.pdsc
2025-05-02 07:13:10,479 [INFO] PopulateThirdPartyThread:66 - Ending populate Thread
2025-05-02 07:13:10,505 [INFO] ThirdParty:1030 - CMSIS Pack Vendor :STMicroelectronics X-CUBE-NFC7 2.0.0
2025-05-02 07:13:10,505 [INFO] ThirdParty:1030 - CMSIS Pack Vendor :STMicroelectronics X-CUBE-MEMS1 11.2.0
2025-05-02 07:13:10,505 [INFO] ThirdParty:1030 - CMSIS Pack Vendor :STMicroelectronics X-CUBE-WB05N 2.0.0
2025-05-02 07:13:10,506 [INFO] LoadServerUpdatesThread:373 - End of LoadServerUpdate Thread
2025-05-02 07:13:10,661 [INFO] ServerAccessManage:473 - Download File cube-finder-db.zip
2025-05-02 07:13:12,420 [WARN] MainUpdater:1187 - Updater busy. Cannot search thirdparties
2025-05-02 07:13:12,421 [INFO] ThirdPartyUpdaterWithRetryManager:96 - Updater plugin is busy. [5/15]
2025-05-02 07:13:15,421 [WARN] MainUpdater:1187 - Updater busy. Cannot search thirdparties
2025-05-02 07:13:15,421 [INFO] ThirdPartyUpdaterWithRetryManager:96 - Updater plugin is busy. [6/15]
2025-05-02 07:13:18,422 [WARN] MainUpdater:1187 - Updater busy. Cannot search thirdparties
2025-05-02 07:13:18,422 [INFO] ThirdPartyUpdaterWithRetryManager:96 - Updater plugin is busy. [7/15]
2025-05-02 07:13:21,422 [WARN] MainUpdater:1187 - Updater busy. Cannot search thirdparties
2025-05-02 07:13:21,423 [INFO] ThirdPartyUpdaterWithRetryManager:96 - Updater plugin is busy. [8/15]
2025-05-02 07:13:22,545 [INFO] FileExtend:240 - Unzip File : cube-finder-db.zip
2025-05-02 07:13:22,545 [INFO] FileExtend:255 - Standard Zip Deflate
2025-05-02 07:13:24,423 [WARN] MainUpdater:1187 - Updater busy. Cannot search thirdparties
2025-05-02 07:13:24,423 [INFO] ThirdPartyUpdaterWithRetryManager:96 - Updater plugin is busy. [9/15]
2025-05-02 07:13:24,474 [INFO] LoadUrlFilesThread:156 - End of LoadUrlFiles Thread
2025-05-02 07:13:24,884 [INFO] ServerAccessManage:473 - Download File crdb.zip
2025-05-02 07:13:25,302 [INFO] FileExtend:240 - Unzip File : crdb.zip
2025-05-02 07:13:25,302 [INFO] FileExtend:255 - Standard Zip Deflate
2025-05-02 07:13:25,464 [INFO] LoadUrlFilesThread:156 - End of LoadUrlFiles Thread
2025-05-02 07:13:25,649 [INFO] ServerAccessManage:473 - Download File tutoVideoDB.zip
2025-05-02 07:13:25,695 [INFO] FileExtend:240 - Unzip File : tutoVideoDB.zip
2025-05-02 07:13:25,701 [INFO] FileExtend:255 - Standard Zip Deflate
2025-05-02 07:13:25,813 [INFO] LoadUrlFilesThread:156 - End of LoadUrlFiles Thread
2025-05-02 07:13:25,830 [WARN] DbFile:41 - Overriding database path with different value: /home/ziad/.stmcufinder/plugins/mcufinder/ => /home/ziad/.stmcufinder/plugins/mcufinder
2025-05-02 07:13:26,016 [INFO] ServerAccessManage:473 - Download File api_config.json
2025-05-02 07:13:26,142 [INFO] LoadUrlFilesThread:156 - End of LoadUrlFiles Thread
2025-05-02 07:13:26,159 [INFO] DbMcusAds:53 - JSON generation date=Thu Mar 06 16:54:22 EET 2025 (1741272862204)
2025-05-02 07:13:26,197 [INFO] LoadUrlFilesThread:185 - End of LoadServerUrlFiles without Thread
2025-05-02 07:13:26,197 [INFO] TargetSelectorAdapter:259 - Refresh data is successful
2025-05-02 07:13:26,330 [INFO] ApiDb:581 - Connected to CubeFinder SQLite database (/home/ziad/.stmcufinder/plugins/mcufinder/mcu/cube-finder-db.db)
2025-05-02 07:13:26,440 [INFO] ApiDb:668 - CubeFinder database Data Model version=2.1
2025-05-02 07:13:26,441 [INFO] ApiDb:669 - CubeFinder database Configuration version=3.0.39
2025-05-02 07:13:26,441 [INFO] ApiDb:670 - CubeFinder database generation date=2025-04-23 (1745419778)
2025-05-02 07:13:26,442 [INFO] ApiDb:671 - CubeFinder database FW Pack versions=[FP-ATR-ASTRA1_V2.0.0, FP-SNS-FLIGHT1_V5.1.0, FP-SNS-MOTENV1_V5.0.0, FP-SNS-MOTENVWB1_V1.4.0, FP-SNS-SMARTAG2_V1.2.0, FP-SNS-STBOX1_V2.0.0, STM32Cube_FW_C0_V1.4.0, STM32Cube_FW_F4_V1.28.1, STM32Cube_FW_F7_V1.17.2, STM32Cube_FW_G0_V1.6.2, STM32Cube_FW_G4_V1.6.1, STM32Cube_FW_H5_V1.5.0, STM32Cube_FW_H7RS_V1.2.0, STM32Cube_FW_H7_V1.12.1, STM32Cube_FW_L0_V1.12.2, STM32Cube_FW_L4_V1.18.1, STM32Cube_FW_L5_V1.5.1, STM32Cube_FW_N6_V1.1.1, STM32Cube_FW_U0_V1.2.0, STM32Cube_FW_U3_V1.1.0, STM32Cube_FW_U5_V1.7.0, STM32Cube_FW_WB0_V1.2.0, STM32Cube_FW_WBA_V1.6.0, STM32Cube_FW_WB_V1.22.0, STM32Cube_FW_WL3_V1.1.0, STM32Cube_FW_WL_V1.3.1, X-CUBE-ALGOBUILD_V1.4.0, X-CUBE-ALS_V1.0.2, X-CUBE-AZRTOS-F4_V1.1.0, X-CUBE-AZRTOS-F7_V1.1.0, X-CUBE-AZRTOS-G0_V1.1.0, X-CUBE-AZRTOS-G4_V2.0.0, X-CUBE-AZRTOS-H7RS_V1.1.0, X-CUBE-AZRTOS-H7_V3.3.0, X-CUBE-AZRTOS-L4_V2.0.0, X-CUBE-AZRTOS-L5_V2.0.0, X-CUBE-AZRTOS-WB_V2.0.0, X-CUBE-AZRTOS-WL_V2.0.0, X-CUBE-BLE1_V7.1.0, X-CUBE-BLE2_V3.3.0, X-CUBE-BLEMGR_V4.0.0, X-CUBE-EEPRMA1_V5.1.0, X-CUBE-FREERTOS_V1.3.0, X-CUBE-GNSS1_V6.0.0, X-CUBE-MEMS1_V11.2.0, X-CUBE-NFC4_V3.0.0, X-CUBE-NFC7_V1.0.1, X-CUBE-SFXS2LP1_V4.0.0, X-CUBE-SUBG2_V5.0.0, X-CUBE-TOF1_V3.4.3]
2025-05-02 07:13:27,788 [WARN] PackLoader:240 - Cannot read IP mode file for STMicroelectronics.FP-SNS-MOTENVWB1.1.4.0
2025-05-02 07:13:27,798 [WARN] PackLoader:240 - Cannot read IP mode file for STMicroelectronics.FP-ATR-ASTRA1.2.0.2
2025-05-02 07:13:27,810 [WARN] PackLoader:240 - Cannot read IP mode file for STMicroelectronics.FP-ATR-ASTRA1.2.0.1
2025-05-02 07:13:27,824 [WARN] PackLoader:240 - Cannot read IP mode file for STMicroelectronics.X-CUBE-SMBUS.2.1.0
2025-05-02 07:13:27,840 [WARN] PackLoader:240 - Cannot read IP mode file for STMicroelectronics.X-CUBE-WB05N.1.1.0
2025-05-02 07:13:27,890 [WARN] PackLoader:240 - Cannot read IP mode file for STMicroelectronics.X-CUBE-AZRTOS-F7.1.1.0
2025-05-02 07:13:27,900 [WARN] PackLoader:240 - Cannot read IP mode file for STMicroelectronics.FP-SNS-FLIGHT1.5.0.2
2025-05-02 07:13:27,914 [ERROR] Engine:466 - /home/ziad/.stm32cubemx/thirdparties/pdsc/Infineon.AIROC-Wi-Fi-Bluetooth-STM32.1.7.0.pdsc: PDSC version is not supported
2025-05-02 07:13:27,929 [WARN] PackLoader:240 - Cannot read IP mode file for STMicroelectronics.X-CUBE-DISPLAY.3.0.0
2025-05-02 07:13:27,951 [WARN] PackLoader:240 - Cannot read IP mode file for STMicroelectronics.X-CUBE-BLE1.7.0.0
2025-05-02 07:13:27,991 [WARN] PackLoader:240 - Cannot read IP mode file for STMicroelectronics.X-CUBE-NFC10.1.0.0
2025-05-02 07:13:27,997 [ERROR] Engine:466 - /home/ziad/.stm32cubemx/thirdparties/pdsc/STMicroelectronics.X-CUBE-BLEMGR.4.0.0.pdsc: PDSC version is not supported
2025-05-02 07:13:28,006 [WARN] PackLoader:240 - Cannot read IP mode file for emotas.I-CUBE-CANOPEN.1.3.0
2025-05-02 07:13:28,015 [WARN] PackLoader:240 - Cannot read IP mode file for STMicroelectronics.X-CUBE-AI.10.0.0
2025-05-02 07:13:28,026 [WARN] PackLoader:240 - Cannot read IP mode file for STMicroelectronics.FP-SNS-SMARTAG2.1.2.0
2025-05-02 07:13:28,032 [ERROR] Engine:466 - /home/ziad/.stm32cubemx/thirdparties/pdsc/STMicroelectronics.FP-SNS-FLIGHT1.5.1.0.pdsc: PDSC version is not supported
2025-05-02 07:13:28,235 [WARN] PackLoader:240 - Cannot read IP mode file for STMicroelectronics.X-CUBE-MEMS1.11.1.0
2025-05-02 07:13:28,597 [INFO] LogOutputStream:77 - [STDOUT_REDIRECT] 1 : Invalid condition id : UX_CORESTACK_Condition cause : null
2025-05-02 07:13:28,598 [INFO] LogOutputStream:77 - [STDOUT_REDIRECT] 1 : Invalid condition id : UX_CORESTACK_Condition cause : null
2025-05-02 07:13:28,598 [INFO] LogOutputStream:77 - [STDOUT_REDIRECT] 1 : Invalid condition id : UX_CORESTACK_Condition cause : null
2025-05-02 07:13:28,598 [INFO] LogOutputStream:77 - [STDOUT_REDIRECT] 1 : Invalid condition id : UX_CORESTACK_Condition cause : null
2025-05-02 07:13:28,599 [INFO] LogOutputStream:77 - [STDOUT_REDIRECT] 1 : Invalid condition id : UX_CORESTACK_Condition cause : null
2025-05-02 07:13:28,611 [WARN] PackLoader:240 - Cannot read IP mode file for STMicroelectronics.X-CUBE-AZRTOS-WL.2.0.0
2025-05-02 07:13:28,619 [WARN] PackLoader:240 - Cannot read IP mode file for STMicroelectronics.FP-SNS-MOTENV1.5.0.0
2025-05-02 07:13:28,627 [WARN] PackLoader:240 - Cannot read IP mode file for wolfSSL.I-CUBE-wolfMQTT.1.19.0
2025-05-02 07:13:28,643 [WARN] PackLoader:240 - Cannot read IP mode file for WES.I-CUBE-Cesium.1.3.0
2025-05-02 07:13:28,650 [WARN] PackLoader:240 - Cannot read IP mode file for STMicroelectronics.X-CUBE-BLE2.3.3.0
2025-05-02 07:13:28,662 [WARN] PackLoader:240 - Cannot read IP mode file for STMicroelectronics.X-CUBE-NFC9.1.0.0
2025-05-02 07:13:28,668 [WARN] PackLoader:240 - Cannot read IP mode file for STMicroelectronics.X-CUBE-BLE1.7.1.0
2025-05-02 07:13:28,803 [WARN] PackLoader:240 - Cannot read IP mode file for STMicroelectronics.X-CUBE-MEMS1.11.2.0
2025-05-02 07:13:29,141 [WARN] PackLoader:240 - Cannot read IP mode file for STMicroelectronics.X-CUBE-AZRTOS-G0.1.1.0
2025-05-02 07:13:29,161 [WARN] PackLoader:240 - Cannot read IP mode file for STMicroelectronics.X-CUBE-SAFEA1.1.2.2
2025-05-02 07:13:29,176 [WARN] PackLoader:240 - Cannot read IP mode file for STMicroelectronics.X-CUBE-NFC4.3.0.0
2025-05-02 07:13:29,189 [ERROR] Engine:466 - /home/ziad/.stm32cubemx/thirdparties/pdsc/EmbeddedOffice.I-CUBE-FS-RTOS.1.0.1.pdsc: PDSC version is not supported
2025-05-02 07:13:29,197 [WARN] PackLoader:240 - Cannot read IP mode file for STMicroelectronics.X-CUBE-WB05N.2.0.0
2025-05-02 07:13:29,207 [ERROR] Engine:466 - /home/ziad/.stm32cubemx/thirdparties/pdsc/STMicroelectronics.X-CUBE-TCPP.4.2.0.pdsc: PDSC version is not supported
2025-05-02 07:13:29,213 [ERROR] Engine:466 - /home/ziad/.stm32cubemx/thirdparties/pdsc/RealThread.X-CUBE-RT-Thread_Nano.4.1.1.pdsc: PDSC version is not supported
2025-05-02 07:13:29,218 [WARN] PackLoader:240 - Cannot read IP mode file for STMicroelectronics.FP-ATR-SIGFOX1.3.2.0
2025-05-02 07:13:29,221 [ERROR] Engine:466 - /home/ziad/.stm32cubemx/thirdparties/pdsc/quantropi.X-CUBE-qispace-sdk-base.1.9.3.pdsc: PDSC version is not supported
2025-05-02 07:13:29,236 [WARN] PackLoader:240 - Cannot read IP mode file for STMicroelectronics.X-CUBE-EEPRMA1.5.1.0
2025-05-02 07:13:29,245 [WARN] PackLoader:240 - Cannot read IP mode file for wolfSSL.I-CUBE-wolfSSL.5.7.6
2025-05-02 07:13:29,252 [WARN] PackLoader:240 - Cannot read IP mode file for ITTIA_DB.I-CUBE-ITTIADB.8.9.0
2025-05-02 07:13:29,362 [WARN] PackLoader:240 - Cannot read IP mode file for SEGGER.I-CUBE-embOS.1.3.1
2025-05-02 07:13:29,460 [WARN] PackLoader:240 - Cannot read IP mode file for STMicroelectronics.X-CUBE-ALGOBUILD.1.4.0
2025-05-02 07:13:29,487 [WARN] PackLoader:240 - Cannot read IP mode file for STMicroelectronics.X-CUBE-AZRTOS-F4.1.1.0
2025-05-02 07:13:29,493 [ERROR] Engine:466 - /home/ziad/.stm32cubemx/thirdparties/pdsc/Avnet-IotConnect.X-CUBE-IoTC-DA16k-PMOD.1.0.0.pdsc: PDSC version is not supported
2025-05-02 07:13:29,499 [WARN] PackLoader:240 - Cannot read IP mode file for STMicroelectronics.X-CUBE-ISPU.2.1.0
2025-05-02 07:13:29,529 [WARN] PackLoader:240 - Cannot read IP mode file for STMicroelectronics.X-CUBE-AZRTOS-L5.2.0.0
2025-05-02 07:13:29,545 [WARN] PackLoader:240 - Cannot read IP mode file for STMicroelectronics.X-CUBE-NFC6.3.1.0
2025-05-02 07:13:29,552 [ERROR] Engine:466 - /home/ziad/.stm32cubemx/thirdparties/pdsc/STMicroelectronics.X-CUBE-DPower.1.2.0.pdsc: PDSC version is not supported
2025-05-02 07:13:29,560 [WARN] PackLoader:240 - Cannot read IP mode file for STMicroelectronics.X-CUBE-FREERTOS.1.3.0
2025-05-02 07:13:29,565 [WARN] PackLoader:240 - Cannot read IP mode file for STMicroelectronics.X-CUBE-NFC7.1.0.1
2025-05-02 07:13:29,573 [ERROR] Engine:466 - /home/ziad/.stm32cubemx/thirdparties/pdsc/STMicroelectronics.X-CUBE-DPower.1.3.0.pdsc: PDSC version is not supported
2025-05-02 07:13:29,612 [WARN] ConditionMgr:438 - getConditionDescription Invalid condition id : LAN8742 Phy interface Condition cause : null
2025-05-02 07:13:29,613 [WARN] PackLoader:240 - Cannot read IP mode file for STMicroelectronics.X-CUBE-AZRTOS-L4.2.0.0
2025-05-02 07:13:29,618 [WARN] ConditionMgr:1039 - genDependencies : Invalid condition id : LAN8742 Phy interface Condition cause : null
2025-05-02 07:13:29,619 [WARN] ConditionMgr:1039 - genDependencies : Invalid condition id : LAN8742 Phy interface Condition cause : null
2025-05-02 07:13:29,623 [WARN] ConditionMgr:1039 - genDependencies : Invalid condition id : LAN8742 Phy interface Condition cause : null
2025-05-02 07:13:29,647 [WARN] PackLoader:240 - Cannot read IP mode file for STMicroelectronics.X-CUBE-SFXS2LP1.4.0.0
2025-05-02 07:13:29,708 [WARN] PackLoader:240 - Cannot read IP mode file for STMicroelectronics.X-CUBE-AZRTOS-H7.3.3.0
2025-05-02 07:13:29,729 [WARN] ConditionMgr:438 - getConditionDescription Invalid condition id : UX DEVICE CLASS RTOS Condition cause : null
2025-05-02 07:13:29,729 [WARN] ConditionMgr:438 - getConditionDescription Invalid condition id : UX DEVICE CLASS RTOS Condition cause : null
2025-05-02 07:13:29,733 [WARN] PackLoader:240 - Cannot read IP mode file for STMicroelectronics.X-CUBE-AZRTOS-WB.2.0.0
2025-05-02 07:13:29,734 [WARN] ConditionMgr:1039 - genDependencies : Invalid condition id : UX DEVICE CLASS RTOS Condition cause : null
2025-05-02 07:13:29,760 [WARN] ConditionMgr:1039 - genDependencies : Invalid condition id : UX DEVICE CLASS RTOS Condition cause : null
2025-05-02 07:13:29,760 [WARN] ConditionMgr:1039 - genDependencies : Invalid condition id : UX DEVICE CLASS RTOS Condition cause : null
2025-05-02 07:13:29,761 [WARN] ConditionMgr:1039 - genDependencies : Invalid condition id : UX DEVICE CLASS RTOS Condition cause : null
2025-05-02 07:13:29,761 [WARN] ConditionMgr:1039 - genDependencies : Invalid condition id : UX DEVICE CLASS RTOS Condition cause : null
2025-05-02 07:13:29,769 [WARN] PackLoader:240 - Cannot read IP mode file for STMicroelectronics.X-CUBE-GNSS1.7.0.1
2025-05-02 07:13:29,778 [WARN] PackLoader:240 - Cannot read IP mode file for STMicroelectronics.X-CUBE-TOUCHGFX.4.25.0
2025-05-02 07:13:29,784 [ERROR] Engine:466 - /home/ziad/.stm32cubemx/thirdparties/pdsc/STMicroelectronics.FP-SNS-STBOX1.2.0.0.pdsc: PDSC version is not supported
2025-05-02 07:13:29,796 [WARN] PackLoader:240 - Cannot read IP mode file for STMicroelectronics.X-CUBE-SUBG2.5.0.0
2025-05-02 07:13:29,834 [WARN] PackLoader:240 - Cannot read IP mode file for STMicroelectronics.X-CUBE-AZRTOS-H7RS.1.1.0
2025-05-02 07:13:29,840 [WARN] PackLoader:240 - Cannot read IP mode file for Cesanta.I-CUBE-Mongoose.7.13.0
2025-05-02 07:13:29,860 [WARN] PackLoader:240 - Cannot read IP mode file for STMicroelectronics.X-CUBE-AZRTOS-G4.2.0.0
2025-05-02 07:13:29,871 [WARN] PackLoader:240 - Cannot read IP mode file for STMicroelectronics.X-CUBE-NFC7.2.0.0
2025-05-02 07:13:29,878 [ERROR] Engine:466 - /home/ziad/.stm32cubemx/thirdparties/pdsc/STMicroelectronics.X-CUBE-IPS.3.1.0.pdsc: PDSC version is not supported
2025-05-02 07:13:29,883 [WARN] PackLoader:240 - Cannot read IP mode file for STMicroelectronics.X-CUBE-ALS.1.0.2
2025-05-02 07:13:29,891 [WARN] PackLoader:240 - Cannot read IP mode file for STMicroelectronics.X-CUBE-TOUCHGFX.4.24.2
2025-05-02 07:13:29,896 [WARN] PackLoader:240 - Cannot read IP mode file for wolfSSL.I-CUBE-wolfTPM.3.4.0
2025-05-02 07:13:29,903 [WARN] PackLoader:240 - Cannot read IP mode file for portGmbH.I-Cube-SoM-uGOAL.1.1.0
2025-05-02 07:13:29,930 [WARN] PackLoader:240 - Cannot read IP mode file for STMicroelectronics.X-CUBE-AZRTOS-H7RS.1.0.0
2025-05-02 07:13:29,940 [ERROR] Engine:466 - /home/ziad/.stm32cubemx/thirdparties/pdsc/STMicroelectronics.X-CUBE-TOF1.3.4.2.pdsc: PDSC version is not supported
2025-05-02 07:13:29,946 [ERROR] Engine:466 - /home/ziad/.stm32cubemx/thirdparties/pdsc/STMicroelectronics.X-CUBE-TOF1.3.4.3.pdsc: PDSC version is not supported
2025-05-02 07:13:29,949 [WARN] PackLoader:240 - Cannot read IP mode file for wolfSSL.I-CUBE-wolfSSH.1.4.17
2025-05-02 07:13:29,950 [INFO] ThirdParty:978 - Integrity check success = true
2025-05-02 07:13:29,950 [INFO] IntegrityCheckThread:100 - exiting critical section [integrity check]
2025-05-02 07:13:29,950 [INFO] IntegrityCheckThread:103 - End integrity checks thread
2025-05-02 07:13:31,008 [INFO] ApiDb:240 - Found 297 in-development CPN: [B-G473E-ZEST1S, B-WB1M-WPAN1, B-WL5M-SUBG1, NUCLEO-C031C6, NUCLEO-H503RB, NUCLEO-H563ZI, NUCLEO-U545RE-Q, NUCLEO-U5A5ZJ-Q, NUCLEO-WBA52CG, STEVAL-PROTEUS1, STEVAL-STWINBX1, STM320518-EVAL, STM32C0116-DK, STM32C011D6Y3TR, STM32C011D6Y6TR, STM32C011F4P3, STM32C011F4P6, STM32C011F4U3, STM32C011F4U6TR, STM32C011F6P3, STM32C011F6P6, STM32C011F6U3, STM32C011F6U6TR, STM32C011J4M3, STM32C011J4M6, STM32C011J6M3, STM32C011J6M6, STM32C0316-DK, STM32C031C4T3, STM32C031C4T6, STM32C031C4U3, STM32C031C4U6, STM32C031C6T3, STM32C031C6T6, STM32C031C6U3, STM32C031C6U6, STM32C031F4P3, STM32C031F4P6, STM32C031F6P3, STM32C031F6P6, STM32C031G4U3, STM32C031G4U6, STM32C031G6U3, STM32C031G6U6, STM32C031K4T3, STM32C031K4T6, STM32C031K4U3, STM32C031K4U6, STM32C031K6T3, STM32C031K6T6, STM32C031K6U3, STM32C031K6U6, STM32G071K8TXN, STM32G071K8UXN, STM32G081GBU6N, STM32G081KBT6N, STM32G081KBUXN, STM32G0B1CCT6N, STM32G0B1KCT6, STM32G0B1NEY6TR, STM32G0B1RCT6N, STM32G0C1CCT6, STM32G0C1CCT6N, STM32G0C1CCU6N, STM32G0C1CET6N, STM32G0C1CEU6N, STM32G0C1KCT6, STM32G0C1NEY6TR, STM32G0C1RCI6N, STM32G0C1RCT6N, STM32G0C1REI6N, STM32G0C1RET6N, STM32G0C1VCI6, STM32G0C1VEI6, STM32G471CCT6, STM32G471CCU6, STM32G471CET3, STM32G471CET6, STM32G471CEU3, STM32G471CEU6, STM32G471MCT6, STM32G471MET3, STM32G471MET6, STM32G471MEY6TR, STM32G471QCT6, STM32G471QET3, STM32G471RCT6, STM32G471RET3, STM32G471RET6, STM32G471VCH6, STM32G471VCI6, STM32G471VCT6, STM32G471VEH3, STM32G471VEH6, STM32G471VEI3, STM32G471VEI6, STM32G471VET3, STM32G471VET6, STM32G474CCT6, STM32H503CBT6, STM32H503CBU6, STM32H503EBY6TR, STM32H503KBU6, STM32H503RBT6, STM32H562AGI6, STM32H562AII6, STM32H562IGK6, STM32H562IGT6, STM32H562IIK6, STM32H562IIT6, STM32H562RGT6, STM32H562RGV6, STM32H562RIT6, STM32H562RIV6, STM32H562VGT6, STM32H562VIT6, STM32H562ZGT6, STM32H562ZIT6, STM32H563AGI6, STM32H563AII3Q, STM32H563AII6, STM32H563IGK6, STM32H563IGT6, STM32H563IIK3Q, STM32H563IIK6, STM32H563IIT3Q, STM32H563IIT6, STM32H563MIY3QTR, STM32H563RGT6, STM32H563RGV6, STM32H563RIT6, STM32H563RIV6, STM32H563VGT6, STM32H563VIT3Q, STM32H563VIT6, STM32H563ZGT6, STM32H563ZIT3Q, STM32H563ZIT6, STM32H573AII3Q, STM32H573AII6, STM32H573I-DK, STM32H573IIK3Q, STM32H573IIK6, STM32H573IIT3Q, STM32H573IIT6, STM32H573MIY3QTR, STM32H573RIT6, STM32H573RIV6, STM32H573VIT3Q, STM32H573VIT6, STM32H573ZIT3Q, STM32H573ZIT6, STM32L4R5QGI6STR, STM32MP131AAE3, STM32MP131AAF3, STM32MP131AAG3, STM32MP131CAE3, STM32MP131CAF3, STM32MP131CAG3, STM32MP131DAE7, STM32MP131DAF7, STM32MP131DAG7, STM32MP131FAE7, STM32MP131FAF7, STM32MP131FAG7, STM32MP133AAE3, STM32MP133AAF3, STM32MP133AAG3, STM32MP133CAE3, STM32MP133CAF3, STM32MP133CAG3, STM32MP133DAE7, STM32MP133DAF7, STM32MP133DAG7, STM32MP133FAE7, STM32MP133FAF7, STM32MP133FAG7, STM32MP135AAE3, STM32MP135AAF3, STM32MP135AAG3, STM32MP135CAE3, STM32MP135CAF3, STM32MP135CAG3, STM32MP135DAE7, STM32MP135DAF7, STM32MP135DAG7, STM32MP135F-DK, STM32MP135FAE7, STM32MP135FAF7, STM32MP135FAF7T, STM32MP135FAF7U, STM32MP135FAG7, STM32U535CBT6, STM32U535CBT6Q, STM32U535CBU6, STM32U535CBU6Q, STM32U535CCT6, STM32U535CCT6Q, STM32U535CCU6, STM32U535CCU6Q, STM32U535CET6, STM32U535CET6Q, STM32U535CEU6, STM32U535CEU6Q, STM32U535JEY6QTR, STM32U535NCY6QTR, STM32U535NEY6QTR, STM32U535RBI6, STM32U535RBI6Q, STM32U535RBT6, STM32U535RBT6Q, STM32U535RCI6, STM32U535RCI6Q, STM32U535RCT6, STM32U535RCT6Q, STM32U535REI6, STM32U535REI6Q, STM32U535RET6, STM32U535RET6Q, STM32U535VCI6, STM32U535VCI6Q, STM32U535VCT6, STM32U535VCT6Q, STM32U535VEI6, STM32U535VEI6Q, STM32U535VET6, STM32U535VET6Q, STM32U545CET6, STM32U545CET6Q, STM32U545CEU6, STM32U545CEU6Q, STM32U545JEY6QTR, STM32U545NEY6QTR, STM32U545REI6, STM32U545REI6Q, STM32U545RET6, STM32U545RET6Q, STM32U545VEI6, STM32U545VEI6Q, STM32U545VET6, STM32U545VET6Q, STM32U595AIH6, STM32U595AIH6Q, STM32U595AJH6, STM32U595AJH6Q, STM32U595QII6, STM32U595QII6Q, STM32U595QJI6, STM32U595QJI6Q, STM32U595RIT6, STM32U595RIT6Q, STM32U595RJT6, STM32U595RJT6Q, STM32U595VIT6, STM32U595VIT6Q, STM32U595VJT6, STM32U595VJT6Q, STM32U595ZIT6, STM32U595ZIT6Q, STM32U595ZIY6QTR, STM32U595ZJT6, STM32U595ZJT6Q, STM32U595ZJY6QTR, STM32U599BJY6QTR, STM32U599NIH6Q, STM32U599NJH6Q, STM32U599VIT6Q, STM32U599VJT6, STM32U599VJT6Q, STM32U599ZIT6Q, STM32U599ZIY6QTR, STM32U599ZJT6Q, STM32U599ZJY6QTR, STM32U5A5AJH6, STM32U5A5AJH6Q, STM32U5A5QJI6, STM32U5A5QJI6Q, STM32U5A5RJT6, STM32U5A5RJT6Q, STM32U5A5VJT6, STM32U5A5VJT6Q, STM32U5A5ZJT6, STM32U5A5ZJT6Q, STM32U5A5ZJY6QTR, STM32U5A9BJY6QTR, STM32U5A9J-DK, STM32U5A9NJH6Q, STM32U5A9VJT6Q, STM32U5A9ZJT6Q, STM32U5A9ZJY6QTR, STM32WB1MMCH6, STM32WBA52CEU6, STM32WBA52CEU6T, STM32WBA52CGU6, STM32WBA52CGU6T, STM32WL5MOCH6, STM32WL5MOCH6TR]
2025-05-02 07:13:31,015 [INFO] DbMcus:216 - Found 4635 MCUs, 4635 are supported
2025-05-02 07:13:31,021 [INFO] ApiDb:423 - Load user favorites file /home/ziad/.stm32cubeide/favorites.mcus.txt: 1 item(s)
2025-05-02 07:13:31,022 [INFO] ApiDb:427 - User favorites MCUs=[STM32F103C8T6]
2025-05-02 07:13:31,022 [INFO] DbMcus:222 - Set 1 / 1 favorites MCUs
2025-05-02 07:13:32,085 [INFO] ApiDb:668 - CubeFinder database Data Model version=2.1
2025-05-02 07:13:32,085 [INFO] ApiDb:669 - CubeFinder database Configuration version=3.0.39
2025-05-02 07:13:32,085 [INFO] ApiDb:670 - CubeFinder database generation date=2025-04-23 (1745419778)
2025-05-02 07:13:32,085 [INFO] ApiDb:671 - CubeFinder database FW Pack versions=[FP-ATR-ASTRA1_V2.0.0, FP-SNS-FLIGHT1_V5.1.0, FP-SNS-MOTENV1_V5.0.0, FP-SNS-MOTENVWB1_V1.4.0, FP-SNS-SMARTAG2_V1.2.0, FP-SNS-STBOX1_V2.0.0, STM32Cube_FW_C0_V1.4.0, STM32Cube_FW_F4_V1.28.1, STM32Cube_FW_F7_V1.17.2, STM32Cube_FW_G0_V1.6.2, STM32Cube_FW_G4_V1.6.1, STM32Cube_FW_H5_V1.5.0, STM32Cube_FW_H7RS_V1.2.0, STM32Cube_FW_H7_V1.12.1, STM32Cube_FW_L0_V1.12.2, STM32Cube_FW_L4_V1.18.1, STM32Cube_FW_L5_V1.5.1, STM32Cube_FW_N6_V1.1.1, STM32Cube_FW_U0_V1.2.0, STM32Cube_FW_U3_V1.1.0, STM32Cube_FW_U5_V1.7.0, STM32Cube_FW_WB0_V1.2.0, STM32Cube_FW_WBA_V1.6.0, STM32Cube_FW_WB_V1.22.0, STM32Cube_FW_WL3_V1.1.0, STM32Cube_FW_WL_V1.3.1, X-CUBE-ALGOBUILD_V1.4.0, X-CUBE-ALS_V1.0.2, X-CUBE-AZRTOS-F4_V1.1.0, X-CUBE-AZRTOS-F7_V1.1.0, X-CUBE-AZRTOS-G0_V1.1.0, X-CUBE-AZRTOS-G4_V2.0.0, X-CUBE-AZRTOS-H7RS_V1.1.0, X-CUBE-AZRTOS-H7_V3.3.0, X-CUBE-AZRTOS-L4_V2.0.0, X-CUBE-AZRTOS-L5_V2.0.0, X-CUBE-AZRTOS-WB_V2.0.0, X-CUBE-AZRTOS-WL_V2.0.0, X-CUBE-BLE1_V7.1.0, X-CUBE-BLE2_V3.3.0, X-CUBE-BLEMGR_V4.0.0, X-CUBE-EEPRMA1_V5.1.0, X-CUBE-FREERTOS_V1.3.0, X-CUBE-GNSS1_V6.0.0, X-CUBE-MEMS1_V11.2.0, X-CUBE-NFC4_V3.0.0, X-CUBE-NFC7_V1.0.1, X-CUBE-SFXS2LP1_V4.0.0, X-CUBE-SUBG2_V5.0.0, X-CUBE-TOF1_V3.4.3]
2025-05-02 07:13:32,146 [INFO] DbBoardsSqlite:226 - include board P-NUCLEO-WB55-NUCLEO as a kit item of type 'Nucleo-64'
2025-05-02 07:13:32,146 [INFO] DbBoardsSqlite:226 - include board P-NUCLEO-WB55-USBDONGLE as a kit item of type 'Nucleo USB Dongle'
2025-05-02 07:13:32,146 [INFO] DbBoardsSqlite:226 - include board STEVAL-IDP005V1 as a kit item of type 'Evaluation Board'
2025-05-02 07:13:32,146 [INFO] DbBoardsSqlite:226 - include board STEVAL-IDP005V2 as a kit item of type 'Evaluation Board'
2025-05-02 07:13:32,212 [INFO] ApiDb:240 - Found 297 in-development CPN: [B-G473E-ZEST1S, B-WB1M-WPAN1, B-WL5M-SUBG1, NUCLEO-C031C6, NUCLEO-H503RB, NUCLEO-H563ZI, NUCLEO-U545RE-Q, NUCLEO-U5A5ZJ-Q, NUCLEO-WBA52CG, STEVAL-PROTEUS1, STEVAL-STWINBX1, STM320518-EVAL, STM32C0116-DK, STM32C011D6Y3TR, STM32C011D6Y6TR, STM32C011F4P3, STM32C011F4P6, STM32C011F4U3, STM32C011F4U6TR, STM32C011F6P3, STM32C011F6P6, STM32C011F6U3, STM32C011F6U6TR, STM32C011J4M3, STM32C011J4M6, STM32C011J6M3, STM32C011J6M6, STM32C0316-DK, STM32C031C4T3, STM32C031C4T6, STM32C031C4U3, STM32C031C4U6, STM32C031C6T3, STM32C031C6T6, STM32C031C6U3, STM32C031C6U6, STM32C031F4P3, STM32C031F4P6, STM32C031F6P3, STM32C031F6P6, STM32C031G4U3, STM32C031G4U6, STM32C031G6U3, STM32C031G6U6, STM32C031K4T3, STM32C031K4T6, STM32C031K4U3, STM32C031K4U6, STM32C031K6T3, STM32C031K6T6, STM32C031K6U3, STM32C031K6U6, STM32G071K8TXN, STM32G071K8UXN, STM32G081GBU6N, STM32G081KBT6N, STM32G081KBUXN, STM32G0B1CCT6N, STM32G0B1KCT6, STM32G0B1NEY6TR, STM32G0B1RCT6N, STM32G0C1CCT6, STM32G0C1CCT6N, STM32G0C1CCU6N, STM32G0C1CET6N, STM32G0C1CEU6N, STM32G0C1KCT6, STM32G0C1NEY6TR, STM32G0C1RCI6N, STM32G0C1RCT6N, STM32G0C1REI6N, STM32G0C1RET6N, STM32G0C1VCI6, STM32G0C1VEI6, STM32G471CCT6, STM32G471CCU6, STM32G471CET3, STM32G471CET6, STM32G471CEU3, STM32G471CEU6, STM32G471MCT6, STM32G471MET3, STM32G471MET6, STM32G471MEY6TR, STM32G471QCT6, STM32G471QET3, STM32G471RCT6, STM32G471RET3, STM32G471RET6, STM32G471VCH6, STM32G471VCI6, STM32G471VCT6, STM32G471VEH3, STM32G471VEH6, STM32G471VEI3, STM32G471VEI6, STM32G471VET3, STM32G471VET6, STM32G474CCT6, STM32H503CBT6, STM32H503CBU6, STM32H503EBY6TR, STM32H503KBU6, STM32H503RBT6, STM32H562AGI6, STM32H562AII6, STM32H562IGK6, STM32H562IGT6, STM32H562IIK6, STM32H562IIT6, STM32H562RGT6, STM32H562RGV6, STM32H562RIT6, STM32H562RIV6, STM32H562VGT6, STM32H562VIT6, STM32H562ZGT6, STM32H562ZIT6, STM32H563AGI6, STM32H563AII3Q, STM32H563AII6, STM32H563IGK6, STM32H563IGT6, STM32H563IIK3Q, STM32H563IIK6, STM32H563IIT3Q, STM32H563IIT6, STM32H563MIY3QTR, STM32H563RGT6, STM32H563RGV6, STM32H563RIT6, STM32H563RIV6, STM32H563VGT6, STM32H563VIT3Q, STM32H563VIT6, STM32H563ZGT6, STM32H563ZIT3Q, STM32H563ZIT6, STM32H573AII3Q, STM32H573AII6, STM32H573I-DK, STM32H573IIK3Q, STM32H573IIK6, STM32H573IIT3Q, STM32H573IIT6, STM32H573MIY3QTR, STM32H573RIT6, STM32H573RIV6, STM32H573VIT3Q, STM32H573VIT6, STM32H573ZIT3Q, STM32H573ZIT6, STM32L4R5QGI6STR, STM32MP131AAE3, STM32MP131AAF3, STM32MP131AAG3, STM32MP131CAE3, STM32MP131CAF3, STM32MP131CAG3, STM32MP131DAE7, STM32MP131DAF7, STM32MP131DAG7, STM32MP131FAE7, STM32MP131FAF7, STM32MP131FAG7, STM32MP133AAE3, STM32MP133AAF3, STM32MP133AAG3, STM32MP133CAE3, STM32MP133CAF3, STM32MP133CAG3, STM32MP133DAE7, STM32MP133DAF7, STM32MP133DAG7, STM32MP133FAE7, STM32MP133FAF7, STM32MP133FAG7, STM32MP135AAE3, STM32MP135AAF3, STM32MP135AAG3, STM32MP135CAE3, STM32MP135CAF3, STM32MP135CAG3, STM32MP135DAE7, STM32MP135DAF7, STM32MP135DAG7, STM32MP135F-DK, STM32MP135FAE7, STM32MP135FAF7, STM32MP135FAF7T, STM32MP135FAF7U, STM32MP135FAG7, STM32U535CBT6, STM32U535CBT6Q, STM32U535CBU6, STM32U535CBU6Q, STM32U535CCT6, STM32U535CCT6Q, STM32U535CCU6, STM32U535CCU6Q, STM32U535CET6, STM32U535CET6Q, STM32U535CEU6, STM32U535CEU6Q, STM32U535JEY6QTR, STM32U535NCY6QTR, STM32U535NEY6QTR, STM32U535RBI6, STM32U535RBI6Q, STM32U535RBT6, STM32U535RBT6Q, STM32U535RCI6, STM32U535RCI6Q, STM32U535RCT6, STM32U535RCT6Q, STM32U535REI6, STM32U535REI6Q, STM32U535RET6, STM32U535RET6Q, STM32U535VCI6, STM32U535VCI6Q, STM32U535VCT6, STM32U535VCT6Q, STM32U535VEI6, STM32U535VEI6Q, STM32U535VET6, STM32U535VET6Q, STM32U545CET6, STM32U545CET6Q, STM32U545CEU6, STM32U545CEU6Q, STM32U545JEY6QTR, STM32U545NEY6QTR, STM32U545REI6, STM32U545REI6Q, STM32U545RET6, STM32U545RET6Q, STM32U545VEI6, STM32U545VEI6Q, STM32U545VET6, STM32U545VET6Q, STM32U595AIH6, STM32U595AIH6Q, STM32U595AJH6, STM32U595AJH6Q, STM32U595QII6, STM32U595QII6Q, STM32U595QJI6, STM32U595QJI6Q, STM32U595RIT6, STM32U595RIT6Q, STM32U595RJT6, STM32U595RJT6Q, STM32U595VIT6, STM32U595VIT6Q, STM32U595VJT6, STM32U595VJT6Q, STM32U595ZIT6, STM32U595ZIT6Q, STM32U595ZIY6QTR, STM32U595ZJT6, STM32U595ZJT6Q, STM32U595ZJY6QTR, STM32U599BJY6QTR, STM32U599NIH6Q, STM32U599NJH6Q, STM32U599VIT6Q, STM32U599VJT6, STM32U599VJT6Q, STM32U599ZIT6Q, STM32U599ZIY6QTR, STM32U599ZJT6Q, STM32U599ZJY6QTR, STM32U5A5AJH6, STM32U5A5AJH6Q, STM32U5A5QJI6, STM32U5A5QJI6Q, STM32U5A5RJT6, STM32U5A5RJT6Q, STM32U5A5VJT6, STM32U5A5VJT6Q, STM32U5A5ZJT6, STM32U5A5ZJT6Q, STM32U5A5ZJY6QTR, STM32U5A9BJY6QTR, STM32U5A9J-DK, STM32U5A9NJH6Q, STM32U5A9VJT6Q, STM32U5A9ZJT6Q, STM32U5A9ZJY6QTR, STM32WB1MMCH6, STM32WBA52CEU6, STM32WBA52CEU6T, STM32WBA52CGU6, STM32WBA52CGU6T, STM32WL5MOCH6, STM32WL5MOCH6TR]
2025-05-02 07:13:32,242 [INFO] BoardInfo:880 - No configuration file found for board NUCLEO-C051C8
2025-05-02 07:13:32,243 [INFO] DbBoards:157 - Board is not supported: NUCLEO-C051C8
2025-05-02 07:13:32,244 [INFO] BoardInfo:880 - No configuration file found for board NUCLEO-C071RB
2025-05-02 07:13:32,244 [INFO] DbBoards:157 - Board is not supported: NUCLEO-C071RB
2025-05-02 07:13:32,245 [INFO] BoardInfo:880 - No configuration file found for board NUCLEO-C092RC
2025-05-02 07:13:32,245 [INFO] DbBoards:157 - Board is not supported: NUCLEO-C092RC
2025-05-02 07:13:32,294 [INFO] BoardInfo:880 - No configuration file found for board NUCLEO-H533RE
2025-05-02 07:13:32,294 [INFO] DbBoards:157 - Board is not supported: NUCLEO-H533RE
2025-05-02 07:13:32,303 [INFO] BoardInfo:880 - No configuration file found for board NUCLEO-H7S3L8
2025-05-02 07:13:32,304 [INFO] DbBoards:157 - Board is not supported: NUCLEO-H7S3L8
2025-05-02 07:13:32,328 [INFO] BoardInfo:880 - No configuration file found for board NUCLEO-N657X0-Q
2025-05-02 07:13:32,328 [INFO] DbBoards:157 - Board is not supported: NUCLEO-N657X0-Q
2025-05-02 07:13:32,329 [INFO] BoardInfo:880 - No configuration file found for board NUCLEO-U031R8
2025-05-02 07:13:32,329 [INFO] DbBoards:157 - Board is not supported: NUCLEO-U031R8
2025-05-02 07:13:32,330 [INFO] BoardInfo:880 - No configuration file found for board NUCLEO-U083RC
2025-05-02 07:13:32,330 [INFO] DbBoards:157 - Board is not supported: NUCLEO-U083RC
2025-05-02 07:13:32,331 [INFO] BoardInfo:880 - No configuration file found for board NUCLEO-U385RG-Q
2025-05-02 07:13:32,331 [INFO] DbBoards:157 - Board is not supported: NUCLEO-U385RG-Q
2025-05-02 07:13:32,356 [INFO] BoardInfo:880 - No configuration file found for board NUCLEO-WB05KZ
2025-05-02 07:13:32,357 [INFO] DbBoards:157 - Board is not supported: NUCLEO-WB05KZ
2025-05-02 07:13:32,358 [INFO] BoardInfo:880 - No configuration file found for board NUCLEO-WB07CC
2025-05-02 07:13:32,358 [INFO] DbBoards:157 - Board is not supported: NUCLEO-WB07CC
2025-05-02 07:13:32,360 [INFO] BoardInfo:880 - No configuration file found for board NUCLEO-WB09KE
2025-05-02 07:13:32,360 [INFO] DbBoards:157 - Board is not supported: NUCLEO-WB09KE
2025-05-02 07:13:32,366 [INFO] BoardInfo:880 - No configuration file found for board NUCLEO-WBA55CG
2025-05-02 07:13:32,366 [INFO] DbBoards:157 - Board is not supported: NUCLEO-WBA55CG
2025-05-02 07:13:32,368 [INFO] BoardInfo:880 - No configuration file found for board NUCLEO-WBA65RI
2025-05-02 07:13:32,368 [INFO] DbBoards:157 - Board is not supported: NUCLEO-WBA65RI
2025-05-02 07:13:32,370 [INFO] BoardInfo:880 - No configuration file found for board NUCLEO-WL33CC1
2025-05-02 07:13:32,370 [INFO] DbBoards:157 - Board is not supported: NUCLEO-WL33CC1
2025-05-02 07:13:32,372 [INFO] BoardInfo:880 - No configuration file found for board NUCLEO-WL33CC2
2025-05-02 07:13:32,373 [INFO] DbBoards:157 - Board is not supported: NUCLEO-WL33CC2
2025-05-02 07:13:32,383 [INFO] BoardInfo:880 - No configuration file found for board P-NUCLEO-WB55
2025-05-02 07:13:32,383 [INFO] DbBoards:157 - Kit is not supported: P-NUCLEO-WB55
2025-05-02 07:13:32,393 [INFO] BoardInfo:880 - No configuration file found for board STEVAL-BFA001V1B
2025-05-02 07:13:32,399 [INFO] DbBoards:157 - Kit is not supported: STEVAL-BFA001V1B
2025-05-02 07:13:32,403 [INFO] BoardInfo:880 - No configuration file found for board STEVAL-BFA001V2B
2025-05-02 07:13:32,404 [INFO] DbBoards:157 - Kit is not supported: STEVAL-BFA001V2B
2025-05-02 07:13:32,413 [INFO] BoardInfo:880 - No configuration file found for board STEVAL-MKBOXPRO
2025-05-02 07:13:32,413 [INFO] DbBoards:157 - Board is not supported: STEVAL-MKBOXPRO
2025-05-02 07:13:32,418 [INFO] BoardInfo:880 - No configuration file found for board STEVAL-SMARTAG2
2025-05-02 07:13:32,418 [INFO] DbBoards:157 - Board is not supported: STEVAL-SMARTAG2
2025-05-02 07:13:32,529 [INFO] BoardInfo:880 - No configuration file found for board STM32H7S78-DK
2025-05-02 07:13:32,529 [INFO] DbBoards:157 - Board is not supported: STM32H7S78-DK
2025-05-02 07:13:32,551 [INFO] BoardInfo:880 - No configuration file found for board STM32MP257F-DK
2025-05-02 07:13:32,551 [INFO] DbBoards:157 - Board is not supported: STM32MP257F-DK
2025-05-02 07:13:32,553 [INFO] BoardInfo:880 - No configuration file found for board STM32MP257F-EV1
2025-05-02 07:13:32,553 [INFO] DbBoards:157 - Board is not supported: STM32MP257F-EV1
2025-05-02 07:13:32,554 [INFO] BoardInfo:880 - No configuration file found for board STM32N6570-DK
2025-05-02 07:13:32,555 [INFO] DbBoards:157 - Board is not supported: STM32N6570-DK
2025-05-02 07:13:32,556 [INFO] BoardInfo:880 - No configuration file found for board STM32U083C-DK
2025-05-02 07:13:32,556 [INFO] DbBoards:157 - Board is not supported: STM32U083C-DK
2025-05-02 07:13:32,559 [INFO] BoardInfo:880 - No configuration file found for board STM32U5G9J-DK1
2025-05-02 07:13:32,559 [INFO] DbBoards:157 - Board is not supported: STM32U5G9J-DK1
2025-05-02 07:13:32,560 [INFO] BoardInfo:880 - No configuration file found for board STM32U5G9J-DK2
2025-05-02 07:13:32,560 [INFO] DbBoards:157 - Board is not supported: STM32U5G9J-DK2
2025-05-02 07:13:32,563 [INFO] BoardInfo:880 - No configuration file found for board STM32WBA55G-DK1
2025-05-02 07:13:32,563 [INFO] DbBoards:157 - Board is not supported: STM32WBA55G-DK1
2025-05-02 07:13:32,564 [INFO] BoardInfo:880 - No configuration file found for board STM32WBA65I-DK1
2025-05-02 07:13:32,564 [INFO] DbBoards:157 - Board is not supported: STM32WBA65I-DK1
2025-05-02 07:13:32,565 [INFO] DbBoards:161 - Found 210 boards, 180 are supported
2025-05-02 07:13:32,568 [INFO] ApiDb:414 - User favorites file not found: /home/ziad/.stm32cubeide/favorites.boards.txt
2025-05-02 07:13:32,568 [INFO] DbBoards:190 - Set 0 / 0 favorites Boards
2025-05-02 07:13:32,572 [INFO] ApiDb:668 - CubeFinder database Data Model version=2.1
2025-05-02 07:13:32,572 [INFO] ApiDb:669 - CubeFinder database Configuration version=3.0.39
2025-05-02 07:13:32,572 [INFO] ApiDb:670 - CubeFinder database generation date=2025-04-23 (1745419778)
2025-05-02 07:13:32,573 [INFO] ApiDb:671 - CubeFinder database FW Pack versions=[FP-ATR-ASTRA1_V2.0.0, FP-SNS-FLIGHT1_V5.1.0, FP-SNS-MOTENV1_V5.0.0, FP-SNS-MOTENVWB1_V1.4.0, FP-SNS-SMARTAG2_V1.2.0, FP-SNS-STBOX1_V2.0.0, STM32Cube_FW_C0_V1.4.0, STM32Cube_FW_F4_V1.28.1, STM32Cube_FW_F7_V1.17.2, STM32Cube_FW_G0_V1.6.2, STM32Cube_FW_G4_V1.6.1, STM32Cube_FW_H5_V1.5.0, STM32Cube_FW_H7RS_V1.2.0, STM32Cube_FW_H7_V1.12.1, STM32Cube_FW_L0_V1.12.2, STM32Cube_FW_L4_V1.18.1, STM32Cube_FW_L5_V1.5.1, STM32Cube_FW_N6_V1.1.1, STM32Cube_FW_U0_V1.2.0, STM32Cube_FW_U3_V1.1.0, STM32Cube_FW_U5_V1.7.0, STM32Cube_FW_WB0_V1.2.0, STM32Cube_FW_WBA_V1.6.0, STM32Cube_FW_WB_V1.22.0, STM32Cube_FW_WL3_V1.1.0, STM32Cube_FW_WL_V1.3.1, X-CUBE-ALGOBUILD_V1.4.0, X-CUBE-ALS_V1.0.2, X-CUBE-AZRTOS-F4_V1.1.0, X-CUBE-AZRTOS-F7_V1.1.0, X-CUBE-AZRTOS-G0_V1.1.0, X-CUBE-AZRTOS-G4_V2.0.0, X-CUBE-AZRTOS-H7RS_V1.1.0, X-CUBE-AZRTOS-H7_V3.3.0, X-CUBE-AZRTOS-L4_V2.0.0, X-CUBE-AZRTOS-L5_V2.0.0, X-CUBE-AZRTOS-WB_V2.0.0, X-CUBE-AZRTOS-WL_V2.0.0, X-CUBE-BLE1_V7.1.0, X-CUBE-BLE2_V3.3.0, X-CUBE-BLEMGR_V4.0.0, X-CUBE-EEPRMA1_V5.1.0, X-CUBE-FREERTOS_V1.3.0, X-CUBE-GNSS1_V6.0.0, X-CUBE-MEMS1_V11.2.0, X-CUBE-NFC4_V3.0.0, X-CUBE-NFC7_V1.0.1, X-CUBE-SFXS2LP1_V4.0.0, X-CUBE-SUBG2_V5.0.0, X-CUBE-TOF1_V3.4.3]
2025-05-02 07:13:33,837 [ERROR] DbExamplesSqlite:418 - Missing JSON key: board_cpn
2025-05-02 07:13:33,837 [ERROR] DbExamplesSqlite:418 - Missing JSON key: board_cpn
2025-05-02 07:13:33,837 [ERROR] DbExamplesSqlite:418 - Missing JSON key: board_cpn
2025-05-02 07:13:33,837 [ERROR] DbExamplesSqlite:418 - Missing JSON key: board_cpn
2025-05-02 07:13:34,035 [ERROR] DbExamplesSqlite:418 - Missing JSON key: board_cpn
2025-05-02 07:13:34,036 [ERROR] DbExamplesSqlite:418 - Missing JSON key: board_cpn
2025-05-02 07:13:34,036 [ERROR] DbExamplesSqlite:418 - Missing JSON key: board_cpn
2025-05-02 07:13:34,037 [ERROR] DbExamplesSqlite:418 - Missing JSON key: board_cpn
2025-05-02 07:13:34,037 [ERROR] DbExamplesSqlite:418 - Missing JSON key: board_cpn
2025-05-02 07:13:34,037 [ERROR] DbExamplesSqlite:418 - Missing JSON key: board_cpn
2025-05-02 07:13:34,038 [ERROR] DbExamplesSqlite:418 - Missing JSON key: board_cpn
2025-05-02 07:13:34,038 [ERROR] DbExamplesSqlite:418 - Missing JSON key: board_cpn
2025-05-02 07:13:34,038 [ERROR] DbExamplesSqlite:418 - Missing JSON key: board_cpn
2025-05-02 07:13:34,492 [ERROR] DbExamplesSqlite:418 - Missing JSON key: board_cpn
2025-05-02 07:13:34,513 [INFO] DbExamplesSqlite:376 - Ignored 46 examples not supported by CubeIDE
2025-05-02 07:13:34,513 [INFO] DbExamplesSqlite:377 - Found 10821 examples active
2025-05-02 07:13:34,513 [INFO] DbExamplesSqlite:378 - Found 0 examples obsolete
2025-05-02 07:13:34,514 [INFO] DbExamplesSqlite:379 - Found 0 examples under development
2025-05-02 07:13:34,514 [INFO] DbExamplesSqlite:380 - Found 79 examples not building
2025-05-02 07:13:34,518 [INFO] DbExamples:125 - Found 10854 examples
2025-05-02 07:13:34,564 [ERROR] DbExamples:208 - Found 3 examples with invalid data (board or MCU)
2025-05-02 07:13:34,565 [INFO] DbExamples:222 - Found 133 boards with related examples
2025-05-02 07:13:34,566 [INFO] DbExamples:235 - Found 110 MCUs with related examples
2025-05-02 07:13:34,601 [INFO] ApiDb:414 - User favorites file not found: /home/ziad/.stm32cubeide/favorites.examples.txt
2025-05-02 07:13:34,602 [INFO] DbExamples:250 - Set 0 / 0 favorites Examples
2025-05-02 07:13:34,873 [INFO] McuFinderGlobals:66 - Set McuFinderConnectedMode to true
2025-05-02 07:13:34,884 [INFO] MultiScanPanel:200 - Auto-refresh data requested => check proxy status ongoing
2025-05-02 07:13:34,889 [INFO] FinderPluginLoader:95 - Searching for filters in installed packs
2025-05-02 07:13:37,591 [INFO] LoadUrlFilesThread:185 - End of LoadServerUrlFiles without Thread
2025-05-02 07:13:37,832 [INFO] DetailPanel:341 - Set advertising image to /home/ziad/STM32Cube/Repository//en.prom-stm32u3-mcu-finder.jpg
2025-05-02 07:14:03,913 [INFO] McuFinderGlobals:66 - Set McuFinderConnectedMode to true
2025-05-02 07:14:04,426 [INFO] ApiDb:448 - Save user favorites file /home/ziad/.stm32cubeide/favorites.mcus.txt: 1 item(s)
2025-05-02 07:14:04,427 [INFO] ApiDb:452 - User favorites MCUs=[STM32F103C8T6]
2025-05-02 07:14:13,611 [INFO] MainUpdater:2854 - connection check result : 10
2025-05-02 07:14:13,784 [INFO] McuFinderGlobals:66 - Set McuFinderConnectedMode to true
2025-05-02 07:14:13,786 [INFO] MultiScanPanel:200 - Auto-refresh data requested => check proxy status ongoing
2025-05-02 07:14:13,786 [INFO] FinderPluginLoader:95 - Searching for filters in installed packs
2025-05-02 07:14:15,317 [INFO] LoadUrlFilesThread:185 - End of LoadServerUrlFiles without Thread
2025-05-02 07:14:15,318 [INFO] DetailPanel:341 - Set advertising image to /home/ziad/STM32Cube/Repository//en.prom-stm32u3-mcu-finder.jpg
2025-05-02 07:14:20,120 [INFO] ApiDb:581 - Connected to CubeFinder SQLite database (/home/ziad/.stmcufinder/plugins/mcufinder/mcu/cube-finder-db.db)
2025-05-02 07:15:07,569 [INFO] McuResultTable:1387 - Mark MCU STM32F405RGT6 as favorite
2025-05-02 07:15:14,028 [INFO] ServerAccessManage:473 - Download File DS8626.pdf
2025-05-02 07:15:15,193 [INFO] LoadUrlFilesThread:156 - End of LoadUrlFiles Thread
2025-05-02 07:15:15,216 [INFO] McuAction:140 - Datasheet
2025-05-02 07:15:24,706 [INFO] McuAction:76 - Docs & Resources
2025-05-02 07:15:26,978 [INFO] McuAction:49 - Features
2025-05-02 07:15:59,403 [INFO] MainUpdater:2854 - connection check result : 10
2025-05-02 07:15:59,404 [INFO] MainUpdater:2854 - connection check result : 10
2025-05-02 07:15:59,431 [INFO] MicroXplorer:468 - Change Database Path : 
2025-05-02 07:15:59,433 [INFO] MicroXplorer:498 - Change Database Version : DB.6.0.80
2025-05-02 07:15:59,435 [WARN] ThirdParty:871 - waiting for thirdparty lock release [close project]
2025-05-02 07:15:59,435 [INFO] ThirdParty:873 - entering critical section [close project]
2025-05-02 07:15:59,436 [INFO] ThirdParty:883 - exiting critical section [close project]
2025-05-02 07:15:59,439 [INFO] PinOutPanel:1499 - setPackage(No Configuration,No Configuration)
2025-05-02 07:15:59,453 [INFO] UtilMem:75 - Begin LoadConfig() Used Memory: 646323400 Bytes (858783744)
2025-05-02 07:15:59,456 [INFO] MicroXplorer:468 - Change Database Path : 
2025-05-02 07:15:59,456 [INFO] MicroXplorer:498 - Change Database Version : DB.6.0.80
2025-05-02 07:15:59,456 [INFO] OpenFileManager:308 - Change cursor
2025-05-02 07:15:59,500 [INFO] Mcu:1937 - Initializing MCU STM32F405RGTx STM32F405RGTx 
2025-05-02 07:15:59,501 [INFO] Mcu:1950 - No CPN specified => set CPN to STM32F405RGT6
2025-05-02 07:16:01,752 [INFO] Context:659 - Trying to add GPIOservice into a context  which must be forbidden
2025-05-02 07:16:02,374 [INFO] ImportTextPane:194 - (OptionalMessage_ERROR) Unable to find key (Mcu.ThirdPartyNb) in loaded IOC file
2025-05-02 07:16:02,374 [INFO] ImportTextPane:194 - (OptionalMessage_ERROR) Unable to find key (Mcu.PinsNb) in loaded IOC file
2025-05-02 07:16:02,374 [INFO] ImportTextPane:194 - (OptionalMessage_ERROR) Unable to find key (Mcu.IPNb) in loaded IOC file
2025-05-02 07:16:02,852 [INFO] RtosManager:555 - Registered RTOS mode: class=CMSIS, group=RTOS, mode=CMSIS_V1, owner=FREERTOS
2025-05-02 07:16:02,853 [INFO] RtosManager:555 - Registered RTOS mode: class=CMSIS, group=RTOS2, mode=CMSIS_V2, owner=FREERTOS
2025-05-02 07:16:02,853 [INFO] RtosManager:555 - Registered RTOS mode: class=RTOS, group=Core, mode=CMSIS_V1, owner=FREERTOS
2025-05-02 07:16:02,853 [INFO] RtosManager:555 - Registered RTOS mode: class=RTOS, group=Core, mode=CMSIS_V2, owner=FREERTOS
2025-05-02 07:16:02,854 [WARN] ModelIntegratedComponent:184 - Missing modes for component STMicroelectronics:FreeRTOS:0.0.1:STMicroelectronics:RTOS:FreeRTOS:Core:::10.2.0:
2025-05-02 07:16:02,894 [WARN] ModelIntegratedComponent:63 - No mode defined for component null
2025-05-02 07:16:02,894 [WARN] ModelIntegratedComponent:63 - No mode defined for component null
2025-05-02 07:16:02,894 [WARN] ModelIntegratedComponent:63 - No mode defined for component null
2025-05-02 07:16:02,894 [WARN] ModelIntegratedComponent:63 - No mode defined for component null
2025-05-02 07:16:02,895 [WARN] ModelIntegratedComponent:63 - No mode defined for component null
2025-05-02 07:16:02,895 [WARN] ModelIntegratedComponent:63 - No mode defined for component null
2025-05-02 07:16:02,895 [WARN] ModelIntegratedComponent:63 - No mode defined for component null
2025-05-02 07:16:02,895 [WARN] ModelIntegratedComponent:63 - No mode defined for component null
2025-05-02 07:16:02,895 [WARN] ModelIntegratedComponent:63 - No mode defined for component null
2025-05-02 07:16:02,895 [WARN] ModelIntegratedComponent:63 - No mode defined for component null
2025-05-02 07:16:02,895 [WARN] ModelIntegratedComponent:63 - No mode defined for component null
2025-05-02 07:16:02,895 [WARN] ModelIntegratedComponent:63 - No mode defined for component null
2025-05-02 07:16:02,896 [WARN] ModelIntegratedComponent:63 - No mode defined for component null
2025-05-02 07:16:02,896 [WARN] ModelIntegratedComponent:63 - No mode defined for component null
2025-05-02 07:16:02,896 [WARN] ModelIntegratedComponent:63 - No mode defined for component null
2025-05-02 07:16:02,896 [WARN] ModelIntegratedComponent:63 - No mode defined for component null
2025-05-02 07:16:02,896 [WARN] ModelIntegratedComponent:63 - No mode defined for component null
2025-05-02 07:16:02,896 [WARN] ModelIntegratedComponent:63 - No mode defined for component null
2025-05-02 07:16:02,896 [WARN] ModelIntegratedComponent:63 - No mode defined for component null
2025-05-02 07:16:02,896 [WARN] ModelIntegratedComponent:63 - No mode defined for component null
2025-05-02 07:16:02,896 [WARN] ModelIntegratedComponent:63 - No mode defined for component null
2025-05-02 07:16:02,896 [WARN] ModelIntegratedComponent:63 - No mode defined for component null
2025-05-02 07:16:02,897 [WARN] ModelIntegratedComponent:63 - No mode defined for component null
2025-05-02 07:16:02,897 [WARN] ModelIntegratedComponent:63 - No mode defined for component null
2025-05-02 07:16:02,897 [WARN] ModelIntegratedComponent:63 - No mode defined for component null
2025-05-02 07:16:02,897 [WARN] ModelIntegratedComponent:63 - No mode defined for component null
2025-05-02 07:16:02,897 [WARN] ModelIntegratedComponent:63 - No mode defined for component null
2025-05-02 07:16:02,897 [WARN] ModelIntegratedComponent:63 - No mode defined for component null
2025-05-02 07:16:02,897 [WARN] ModelIntegratedComponent:63 - No mode defined for component null
2025-05-02 07:16:02,897 [WARN] ModelIntegratedComponent:63 - No mode defined for component null
2025-05-02 07:16:02,897 [WARN] ModelIntegratedComponent:63 - No mode defined for component null
2025-05-02 07:16:02,897 [WARN] ModelIntegratedComponent:63 - No mode defined for component null
2025-05-02 07:16:02,897 [WARN] ModelIntegratedComponent:63 - No mode defined for component null
2025-05-02 07:16:04,208 [INFO] ThirdPartyModel:298 - Start build external matchings
2025-05-02 07:16:05,256 [INFO] ThirdPartyModel:316 - End build external matchings
2025-05-02 07:16:05,696 [INFO] UtilMem:75 - End LoadConfig() Used Memory: 740987952 Bytes (858783744)
2025-05-02 07:16:05,737 [WARN] ThirdParty:833 - waiting for thirdparty lock release [change project]
2025-05-02 07:16:05,738 [INFO] ThirdParty:835 - entering critical section [change project]
2025-05-02 07:16:05,738 [INFO] ThirdParty:1030 - CMSIS Pack Vendor :STMicroelectronics X-CUBE-AZRTOS-H7 3.3.0
2025-05-02 07:16:05,738 [INFO] ThirdParty:1030 - CMSIS Pack Vendor :STMicroelectronics X-CUBE-NFC9 1.0.0
2025-05-02 07:16:05,738 [INFO] ThirdParty:1030 - CMSIS Pack Vendor :STMicroelectronics USB_HOST 2.0.0
2025-05-02 07:16:05,738 [INFO] ThirdParty:1030 - CMSIS Pack Vendor :STMicroelectronics FP-SNS-MOTENVWB1 1.4.0
2025-05-02 07:16:05,738 [INFO] ThirdParty:1030 - CMSIS Pack Vendor :STMicroelectronics X-CUBE-AZRTOS-F4 1.1.0
2025-05-02 07:16:05,738 [INFO] ThirdParty:1030 - CMSIS Pack Vendor :STMicroelectronics LIBJPEG 8.0.0
2025-05-02 07:16:05,739 [INFO] ThirdParty:1030 - CMSIS Pack Vendor :STMicroelectronics FP-ATR-ASTRA1 2.0.2
2025-05-02 07:16:05,739 [INFO] ThirdParty:1030 - CMSIS Pack Vendor :STMicroelectronics FP-ATR-ASTRA1 2.0.1
2025-05-02 07:16:05,739 [INFO] ThirdParty:1030 - CMSIS Pack Vendor :STMicroelectronics X-CUBE-BLE1 7.1.0
2025-05-02 07:16:05,739 [INFO] ThirdParty:1030 - CMSIS Pack Vendor :STMicroelectronics X-CUBE-SMBUS 2.1.0
2025-05-02 07:16:05,739 [INFO] ThirdParty:1030 - CMSIS Pack Vendor :STMicroelectronics X-CUBE-WB05N 1.1.0
2025-05-02 07:16:05,739 [INFO] ThirdParty:1030 - CMSIS Pack Vendor :STMicroelectronics USB_DEVICE 3.0.0
2025-05-02 07:16:05,739 [INFO] ThirdParty:1030 - CMSIS Pack Vendor :STMicroelectronics X-CUBE-ISPU 2.1.0
2025-05-02 07:16:05,739 [INFO] ThirdParty:1030 - CMSIS Pack Vendor :STMicroelectronics X-CUBE-AZRTOS-WB 2.0.0
2025-05-02 07:16:05,739 [INFO] ThirdParty:1030 - CMSIS Pack Vendor :STMicroelectronics X-CUBE-GNSS1 7.0.1
2025-05-02 07:16:05,739 [INFO] ThirdParty:1030 - CMSIS Pack Vendor :STMicroelectronics X-CUBE-AZRTOS-F7 1.1.0
2025-05-02 07:16:05,739 [INFO] ThirdParty:1030 - CMSIS Pack Vendor :STMicroelectronics X-CUBE-AZRTOS-L5 2.0.0
2025-05-02 07:16:05,739 [INFO] ThirdParty:1030 - CMSIS Pack Vendor :STMicroelectronics X-CUBE-TOUCHGFX 4.25.0
2025-05-02 07:16:05,739 [INFO] ThirdParty:1030 - CMSIS Pack Vendor :STMicroelectronics USB_DEVICE 2.0.0
2025-05-02 07:16:05,739 [INFO] ThirdParty:1030 - CMSIS Pack Vendor :STMicroelectronics X-CUBE-NFC6 3.1.0
2025-05-02 07:16:05,739 [INFO] ThirdParty:1030 - CMSIS Pack Vendor :STMicroelectronics X-CUBE-MEMS1 11.2.0
2025-05-02 07:16:05,740 [INFO] ThirdParty:1030 - CMSIS Pack Vendor :STMicroelectronics FreeRTOS 0.0.1
2025-05-02 07:16:05,740 [INFO] ThirdParty:1030 - CMSIS Pack Vendor :STMicroelectronics X-CUBE-AZRTOS-G0 1.1.0
2025-05-02 07:16:05,740 [INFO] ThirdParty:1030 - CMSIS Pack Vendor :STMicroelectronics X-CUBE-SAFEA1 1.2.2
2025-05-02 07:16:05,740 [INFO] ThirdParty:1030 - CMSIS Pack Vendor :STMicroelectronics X-CUBE-NFC4 3.0.0
2025-05-02 07:16:05,740 [INFO] ThirdParty:1030 - CMSIS Pack Vendor :STMicroelectronics X-CUBE-SUBG2 5.0.0
2025-05-02 07:16:05,740 [INFO] ThirdParty:1030 - CMSIS Pack Vendor :STMicroelectronics X-CUBE-AZRTOS-H7RS 1.1.0
2025-05-02 07:16:05,740 [INFO] ThirdParty:1030 - CMSIS Pack Vendor :STMicroelectronics STM32_WPAN 1.0.0
2025-05-02 07:16:05,740 [INFO] ThirdParty:1030 - CMSIS Pack Vendor :STMicroelectronics lwIP 2.0.3
2025-05-02 07:16:05,740 [INFO] ThirdParty:1030 - CMSIS Pack Vendor :STMicroelectronics FP-SNS-FLIGHT1 5.0.2
2025-05-02 07:16:05,740 [INFO] ThirdParty:1030 - CMSIS Pack Vendor :Cesanta I-CUBE-Mongoose 7.13.0
2025-05-02 07:16:05,746 [INFO] ThirdParty:1030 - CMSIS Pack Vendor :STMicroelectronics USB_HOST 1.0.0
2025-05-02 07:16:05,746 [INFO] ThirdParty:1030 - CMSIS Pack Vendor :STMicroelectronics X-CUBE-AZRTOS-G4 2.0.0
2025-05-02 07:16:05,746 [INFO] ThirdParty:1030 - CMSIS Pack Vendor :STMicroelectronics X-CUBE-WB05N 2.0.0
2025-05-02 07:16:05,746 [INFO] ThirdParty:1030 - CMSIS Pack Vendor :STMicroelectronics PDM2PCM 3.1.0
2025-05-02 07:16:05,746 [INFO] ThirdParty:1030 - CMSIS Pack Vendor :STMicroelectronics PDM2PCM 3.3.0
2025-05-02 07:16:05,746 [INFO] ThirdParty:1030 - CMSIS Pack Vendor :STMicroelectronics X-CUBE-DISPLAY 3.0.0
2025-05-02 07:16:05,746 [INFO] ThirdParty:1030 - CMSIS Pack Vendor :STMicroelectronics X-CUBE-NFC7 2.0.0
2025-05-02 07:16:05,746 [INFO] ThirdParty:1030 - CMSIS Pack Vendor :STMicroelectronics X-CUBE-BLE1 7.0.0
2025-05-02 07:16:05,747 [INFO] ThirdParty:1030 - CMSIS Pack Vendor :STMicroelectronics FP-ATR-SIGFOX1 3.2.0
2025-05-02 07:16:05,747 [INFO] ThirdParty:1030 - CMSIS Pack Vendor :STMicroelectronics X-CUBE-NFC10 1.0.0
2025-05-02 07:16:05,747 [INFO] ThirdParty:1030 - CMSIS Pack Vendor :STMicroelectronics X-CUBE-EEPRMA1 5.1.0
2025-05-02 07:16:05,747 [INFO] ThirdParty:1030 - CMSIS Pack Vendor :STMicroelectronics HAL Drivers 0.0.0
2025-05-02 07:16:05,747 [INFO] ThirdParty:1030 - CMSIS Pack Vendor :STMicroelectronics MBEDTLS 2.16.2
2025-05-02 07:16:05,747 [INFO] ThirdParty:1030 - CMSIS Pack Vendor :STMicroelectronics X-CUBE-ALS 1.0.2
2025-05-02 07:16:05,747 [INFO] ThirdParty:1030 - CMSIS Pack Vendor :emotas I-CUBE-CANOPEN 1.3.0
2025-05-02 07:16:05,747 [INFO] ThirdParty:1030 - CMSIS Pack Vendor :STMicroelectronics X-CUBE-FREERTOS 1.3.0
2025-05-02 07:16:05,747 [INFO] ThirdParty:1030 - CMSIS Pack Vendor :STMicroelectronics X-CUBE-NFC7 1.0.1
2025-05-02 07:16:05,747 [INFO] ThirdParty:1030 - CMSIS Pack Vendor :STMicroelectronics MBEDTLS 2.14.1
2025-05-02 07:16:05,747 [INFO] ThirdParty:1030 - CMSIS Pack Vendor :wolfSSL I-CUBE-wolfSSL 5.7.6
2025-05-02 07:16:05,747 [INFO] ThirdParty:1030 - CMSIS Pack Vendor :ITTIA_DB I-CUBE-ITTIADB 8.9.0
2025-05-02 07:16:05,747 [INFO] ThirdParty:1030 - CMSIS Pack Vendor :STMicroelectronics X-CUBE-TOUCHGFX 4.24.2
2025-05-02 07:16:05,747 [INFO] ThirdParty:1030 - CMSIS Pack Vendor :wolfSSL I-CUBE-wolfTPM 3.4.0
2025-05-02 07:16:05,747 [INFO] ThirdParty:1030 - CMSIS Pack Vendor :portGmbH I-Cube-SoM-uGOAL 1.1.0
2025-05-02 07:16:05,747 [INFO] ThirdParty:1030 - CMSIS Pack Vendor :STMicroelectronics X-CUBE-AI 10.0.0
2025-05-02 07:16:05,747 [INFO] ThirdParty:1030 - CMSIS Pack Vendor :STMicroelectronics ThreadX 1.0.0
2025-05-02 07:16:05,748 [INFO] ThirdParty:1030 - CMSIS Pack Vendor :STMicroelectronics FP-SNS-SMARTAG2 1.2.0
2025-05-02 07:16:05,748 [INFO] ThirdParty:1030 - CMSIS Pack Vendor :STMicroelectronics X-CUBE-MEMS1 11.1.0
2025-05-02 07:16:05,748 [INFO] ThirdParty:1030 - CMSIS Pack Vendor :STMicroelectronics X-CUBE-AZRTOS-WL 2.0.0
2025-05-02 07:16:05,748 [INFO] ThirdParty:1030 - CMSIS Pack Vendor :SEGGER I-CUBE-embOS 1.3.1
2025-05-02 07:16:05,748 [INFO] ThirdParty:1030 - CMSIS Pack Vendor :STMicroelectronics X-CUBE-ALGOBUILD 1.4.0
2025-05-02 07:16:05,748 [INFO] ThirdParty:1030 - CMSIS Pack Vendor :STMicroelectronics FP-SNS-MOTENV1 5.0.0
2025-05-02 07:16:05,748 [INFO] ThirdParty:1030 - CMSIS Pack Vendor :STMicroelectronics USB_DEVICE 1.0.0
2025-05-02 07:16:05,748 [INFO] ThirdParty:1030 - CMSIS Pack Vendor :STMicroelectronics X-CUBE-AZRTOS-H7RS 1.0.0
2025-05-02 07:16:05,748 [INFO] ThirdParty:1030 - CMSIS Pack Vendor :wolfSSL I-CUBE-wolfMQTT 1.19.0
2025-05-02 07:16:05,748 [INFO] ThirdParty:1030 - CMSIS Pack Vendor :STMicroelectronics X-CUBE-AZRTOS-L4 2.0.0
2025-05-02 07:16:05,751 [INFO] ThirdParty:1030 - CMSIS Pack Vendor :STMicroelectronics ThreadX 0.0.2
2025-05-02 07:16:05,752 [INFO] ThirdParty:1030 - CMSIS Pack Vendor :WES I-CUBE-Cesium 1.3.0
2025-05-02 07:16:05,752 [INFO] ThirdParty:1030 - CMSIS Pack Vendor :STMicroelectronics lwIP 2.1.2
2025-05-02 07:16:05,752 [INFO] ThirdParty:1030 - CMSIS Pack Vendor :STMicroelectronics X-CUBE-SFXS2LP1 4.0.0
2025-05-02 07:16:05,752 [INFO] ThirdParty:1030 - CMSIS Pack Vendor :STMicroelectronics X-CUBE-BLE2 3.3.0
2025-05-02 07:16:05,752 [INFO] ThirdParty:1030 - CMSIS Pack Vendor :STMicroelectronics PDM2PCM 3.2.0
2025-05-02 07:16:05,752 [INFO] ThirdParty:1030 - CMSIS Pack Vendor :wolfSSL I-CUBE-wolfSSH 1.4.17
2025-05-02 07:16:05,753 [INFO] ThirdParty:841 - exiting critical section [change project]
2025-05-02 07:16:06,700 [INFO] PinOutPanel:1499 - setPackage(No Configuration,No Configuration)
2025-05-02 07:16:06,703 [INFO] PinOutPanel:1499 - setPackage(STM32F405RGTx,LQFP64)
2025-05-02 07:16:07,907 [INFO] UtilMem:75 - Before build in PCC Used Memory: 752034160 Bytes (858783744)
2025-05-02 07:16:08,981 [INFO] UtilMem:75 - After build in PCC Used Memory: 666000952 Bytes (858783744)
2025-05-02 07:16:09,041 [INFO] IPUIPlugin:80 - create IPUIPlugin
2025-05-02 07:16:09,041 [INFO] IPUIPlugin:80 - create IPUIPlugin
2025-05-02 07:16:09,041 [INFO] IPUIPlugin:80 - create IPUIPlugin
2025-05-02 07:16:09,042 [INFO] IPUIPlugin:80 - create IPUIPlugin
2025-05-02 07:16:09,042 [INFO] IPUIPlugin:80 - create IPUIPlugin
2025-05-02 07:16:09,042 [INFO] IPUIPlugin:80 - create IPUIPlugin
2025-05-02 07:16:09,042 [INFO] IPUIPlugin:80 - create IPUIPlugin
2025-05-02 07:16:09,043 [INFO] IPUIPlugin:80 - create IPUIPlugin
2025-05-02 07:16:09,043 [INFO] IPUIPlugin:80 - create IPUIPlugin
2025-05-02 07:16:09,043 [INFO] IPUIPlugin:80 - create IPUIPlugin
2025-05-02 07:16:09,043 [INFO] IPUIPlugin:80 - create IPUIPlugin
2025-05-02 07:16:09,044 [INFO] IPUIPlugin:80 - create IPUIPlugin
2025-05-02 07:16:09,044 [INFO] IPUIPlugin:80 - create IPUIPlugin
2025-05-02 07:16:09,044 [INFO] IPUIPlugin:80 - create IPUIPlugin
2025-05-02 07:16:09,044 [INFO] IPUIPlugin:80 - create IPUIPlugin
2025-05-02 07:16:09,045 [INFO] IPUIPlugin:80 - create IPUIPlugin
2025-05-02 07:16:09,045 [INFO] IPUIPlugin:80 - create IPUIPlugin
2025-05-02 07:16:09,045 [INFO] IPUIPlugin:80 - create IPUIPlugin
2025-05-02 07:16:09,046 [INFO] IPUIPlugin:80 - create IPUIPlugin
2025-05-02 07:16:09,046 [INFO] IPUIPlugin:80 - create IPUIPlugin
2025-05-02 07:16:09,047 [INFO] IPUIPlugin:80 - create IPUIPlugin
2025-05-02 07:16:09,047 [INFO] IPUIPlugin:80 - create IPUIPlugin
2025-05-02 07:16:09,048 [INFO] IPUIPlugin:80 - create IPUIPlugin
2025-05-02 07:16:09,049 [INFO] IPUIPlugin:80 - create IPUIPlugin
2025-05-02 07:16:09,049 [INFO] IPUIPlugin:80 - create IPUIPlugin
2025-05-02 07:16:09,050 [INFO] IPUIPlugin:80 - create IPUIPlugin
2025-05-02 07:16:09,050 [INFO] IPUIPlugin:80 - create IPUIPlugin
2025-05-02 07:16:09,051 [INFO] IPUIPlugin:80 - create IPUIPlugin
2025-05-02 07:16:09,051 [INFO] IPUIPlugin:80 - create IPUIPlugin
2025-05-02 07:16:09,052 [INFO] IPUIPlugin:80 - create IPUIPlugin
2025-05-02 07:16:09,052 [INFO] IPUIPlugin:80 - create IPUIPlugin
2025-05-02 07:16:09,053 [INFO] IPUIPlugin:80 - create IPUIPlugin
2025-05-02 07:16:09,053 [INFO] IPUIPlugin:80 - create IPUIPlugin
2025-05-02 07:16:09,054 [INFO] IPUIPlugin:80 - create IPUIPlugin
2025-05-02 07:16:09,054 [INFO] IPUIPlugin:80 - create IPUIPlugin
2025-05-02 07:16:09,054 [INFO] IPUIPlugin:80 - create IPUIPlugin
2025-05-02 07:16:09,055 [INFO] IPUIPlugin:80 - create IPUIPlugin
2025-05-02 07:16:09,055 [INFO] IPUIPlugin:80 - create IPUIPlugin
2025-05-02 07:16:09,056 [INFO] IPUIPlugin:80 - create IPUIPlugin
2025-05-02 07:16:09,057 [INFO] IPUIPlugin:80 - create IPUIPlugin
2025-05-02 07:16:09,057 [INFO] IPUIPlugin:80 - create IPUIPlugin
2025-05-02 07:16:09,058 [INFO] IPUIPlugin:80 - create IPUIPlugin
2025-05-02 07:16:09,058 [INFO] IPUIPlugin:80 - create IPUIPlugin
2025-05-02 07:16:09,059 [INFO] IPUIPlugin:80 - create IPUIPlugin
2025-05-02 07:16:09,060 [INFO] IPUIPlugin:80 - create IPUIPlugin
2025-05-02 07:16:09,060 [INFO] IPUIPlugin:80 - create IPUIPlugin
2025-05-02 07:16:09,061 [INFO] IPUIPlugin:80 - create IPUIPlugin
2025-05-02 07:16:09,062 [INFO] IPUIPlugin:80 - create IPUIPlugin
2025-05-02 07:16:09,062 [INFO] IPUIPlugin:80 - create IPUIPlugin
2025-05-02 07:16:09,064 [INFO] IPUIPlugin:80 - create IPUIPlugin
2025-05-02 07:16:09,065 [INFO] IPUIPlugin:80 - create IPUIPlugin
2025-05-02 07:16:09,067 [INFO] IPUIPlugin:80 - create IPUIPlugin
2025-05-02 07:16:09,068 [INFO] IPUIPlugin:80 - create IPUIPlugin
2025-05-02 07:16:09,070 [INFO] IPUIPlugin:80 - create IPUIPlugin
2025-05-02 07:16:09,122 [INFO] ApiDbMcu:507 - Load IP Config File for PDM2PCM
2025-05-02 07:16:09,329 [INFO] CADModel:165 - CPN selected for project levelSTM32F405RGT6
2025-05-02 07:16:09,329 [INFO] CADModel:114 - Register for checkConnection events
2025-05-02 07:16:09,373 [INFO] OpenFileManager:328 - Restore cursor
2025-05-02 07:16:11,477 [INFO] UtilMem:75 - End SaveConfig() Used Memory: 716634176 Bytes (858783744)
2025-05-02 07:16:12,348 [INFO] ServerAccessManage:473 - Download File stm32cube_fw_f4_v1270.zip
2025-05-02 07:19:57,262 [INFO] AnalyticsPlugin:368 - Accepted License(s): [FW.F4.1.27.0]
2025-05-02 07:19:57,274 [INFO] FileExtend:240 - Unzip File : stm32cube_fw_f4_v1270.zip
2025-05-02 07:19:57,275 [INFO] FileExtend:255 - Standard Zip Deflate
2025-05-02 07:20:51,424 [INFO] ServerAccessManage:473 - Download File stm32cube_fw_f4_v1271.zip
2025-05-02 07:21:36,827 [INFO] FileExtend:240 - Unzip File : stm32cube_fw_f4_v1271.zip
2025-05-02 07:21:36,827 [INFO] FileExtend:255 - Standard Zip Deflate
2025-05-02 07:21:40,784 [INFO] LoadServerPackagesThread:196 - End of LoadServerPackages Thread
2025-05-02 07:21:40,964 [INFO] ThirdPartyModel:298 - Start build external matchings
2025-05-02 07:21:41,040 [INFO] UtilMem:75 - End SaveConfig() Used Memory: 613291512 Bytes (1073741824)
2025-05-02 07:21:42,513 [INFO] BlockDiagram:2759 - set Specific Code input for plugin: RCC
2025-05-02 07:21:42,513 [INFO] BlockDiagram:2759 - set Specific Code input for plugin: NVIC
2025-05-02 07:21:42,516 [INFO] CodeGenerator:793 - code generatio: config db path: /app/stm32cubeide/plugins/com.st.stm32cube.common.mx_6.8.0.202302231600//db/
2025-05-02 07:21:43,438 [INFO] CodeEngine:255 - oldGeneratedFile, /home/ziad/Ziad_WS/sarcoos_project/code/stm32f405RGT6/stm32f405rgt6/MXTmpFiles/license.tmp_save
2025-05-02 07:21:44,486 [INFO] ThirdPartyModel:316 - End build external matchings
2025-05-02 07:21:44,519 [INFO] CheckServerUpdateThread:120 - End of CheckServer Thread
2025-05-02 07:21:44,574 [INFO] CodeEngine:279 - Generated code: /home/ziad/Ziad_WS/sarcoos_project/code/stm32f405RGT6/stm32f405rgt6/MXTmpFiles/license.tmp
2025-05-02 07:21:44,590 [INFO] CodeEngine:255 - oldGeneratedFile, /home/ziad/Ziad_WS/sarcoos_project/code/stm32f405RGT6/stm32f405rgt6/Core/Src/stm32f4xx_it.c_save
2025-05-02 07:21:44,866 [INFO] CodeEngine:279 - Generated code: /home/ziad/Ziad_WS/sarcoos_project/code/stm32f405RGT6/stm32f405rgt6/Core/Src/stm32f4xx_it.c
2025-05-02 07:21:44,867 [INFO] CodeEngine:255 - oldGeneratedFile, /home/ziad/Ziad_WS/sarcoos_project/code/stm32f405RGT6/stm32f405rgt6/Core/Inc/stm32f4xx_it.h_save
2025-05-02 07:21:45,131 [INFO] CodeEngine:279 - Generated code: /home/ziad/Ziad_WS/sarcoos_project/code/stm32f405RGT6/stm32f405rgt6/Core/Inc/stm32f4xx_it.h
2025-05-02 07:21:45,284 [INFO] CodeEngine:255 - oldGeneratedFile, /home/ziad/Ziad_WS/sarcoos_project/code/stm32f405RGT6/stm32f405rgt6/Core/Src/stm32f4xx_hal_msp.c_save
2025-05-02 07:21:45,580 [INFO] CodeEngine:279 - Generated code: /home/ziad/Ziad_WS/sarcoos_project/code/stm32f405RGT6/stm32f405rgt6/Core/Src/stm32f4xx_hal_msp.c
2025-05-02 07:21:45,583 [INFO] CodeEngine:255 - oldGeneratedFile, /home/ziad/Ziad_WS/sarcoos_project/code/stm32f405RGT6/stm32f405rgt6/MXTmpFiles/system.tmp_save
2025-05-02 07:21:45,728 [INFO] CodeEngine:279 - Generated code: /home/ziad/Ziad_WS/sarcoos_project/code/stm32f405RGT6/stm32f405rgt6/MXTmpFiles/system.tmp
2025-05-02 07:21:45,734 [INFO] CodeEngine:311 - oldGeneratedFile, /home/ziad/Ziad_WS/sarcoos_project/code/stm32f405RGT6/stm32f405rgt6/Core/Inc/stm32f4xx_hal_conf.h_save
2025-05-02 07:21:45,947 [INFO] CodeEngine:335 - Generated code: /home/ziad/Ziad_WS/sarcoos_project/code/stm32f405RGT6/stm32f405rgt6/Core/Inc/stm32f4xx_hal_conf.h
2025-05-02 07:21:46,073 [INFO] CodeEngine:255 - oldGeneratedFile, /home/ziad/Ziad_WS/sarcoos_project/code/stm32f405RGT6/stm32f405rgt6/Core/Inc/main.h_save
2025-05-02 07:21:46,298 [INFO] CodeEngine:279 - Generated code: /home/ziad/Ziad_WS/sarcoos_project/code/stm32f405RGT6/stm32f405rgt6/Core/Inc/main.h
2025-05-02 07:21:46,301 [INFO] CodeEngine:255 - oldGeneratedFile, /home/ziad/Ziad_WS/sarcoos_project/code/stm32f405RGT6/stm32f405rgt6/Core/Src/main.c_save
2025-05-02 07:21:46,585 [INFO] CodeEngine:279 - Generated code: /home/ziad/Ziad_WS/sarcoos_project/code/stm32f405RGT6/stm32f405rgt6/Core/Src/main.c
2025-05-02 07:21:48,020 [INFO] ProjectBuilder:2996 - Time for Copy HAL[1] : 51mS.
2025-05-02 07:21:48,193 [INFO] ProjectBuilder:4304 - Project Generator version: 3.19.2
2025-05-02 07:21:48,643 [INFO] ConfigFileManager:1483 - The Die is : DIE413
2025-05-02 07:21:48,668 [INFO] ApiDbMcu:507 - Load IP Config File for FATFS
2025-05-02 07:21:48,698 [INFO] ApiDbMcu:507 - Load IP Config File for FREERTOS
2025-05-02 07:21:48,701 [INFO] ApiDbMcu:507 - Load IP Config File for LIBJPEG
2025-05-02 07:21:48,713 [INFO] ApiDbMcu:507 - Load IP Config File for MBEDTLS
2025-05-02 07:21:48,727 [INFO] ApiDbMcu:507 - Load IP Config File for USB_DEVICE
2025-05-02 07:21:48,734 [INFO] ApiDbMcu:507 - Load IP Config File for USB_HOST
2025-05-02 07:21:50,088 [INFO] LogOutputStream:77 - [STDOUT_REDIRECT] 
2025-05-02 07:21:57,783 [INFO] ProjectBuilder:4505 - Time for Generating toolchain IDE Files: 9588mS.
2025-05-02 07:21:57,784 [INFO] ProjectBuilder:2867 - Time for Copy CMSIS : 1mS.
2025-05-02 07:21:57,785 [INFO] ProjectBuilder:2867 - Time for Copy CMSIS : 0mS.
2025-05-02 07:21:58,916 [INFO] McuFinderGlobals:66 - Set McuFinderConnectedMode to true
2025-05-02 07:21:58,920 [INFO] ApiDb:448 - Save user favorites file /home/ziad/.stm32cubeide/favorites.mcus.txt: 2 item(s)
2025-05-02 07:21:58,920 [INFO] ApiDb:452 - User favorites MCUs=[STM32F103C8T6, STM32F405RGT6]
2025-05-02 07:22:31,728 [INFO] UtilMem:75 - End SaveConfig() Used Memory: 387657800 Bytes (775946240)
2025-05-02 07:22:34,353 [INFO] UtilMem:75 - End SaveConfig() Used Memory: 416491592 Bytes (775946240)
2025-05-02 07:22:40,293 [INFO] UtilMem:75 - End SaveConfig() Used Memory: 448069992 Bytes (775946240)
2025-05-02 07:22:41,136 [INFO] BlockDiagram:2759 - set Specific Code input for plugin: RCC
2025-05-02 07:22:41,136 [INFO] BlockDiagram:2759 - set Specific Code input for plugin: NVIC
2025-05-02 07:22:41,137 [INFO] BlockDiagram:2759 - set Specific Code input for plugin: GPIO
2025-05-02 07:22:41,137 [INFO] CodeGenerator:793 - code generatio: config db path: /app/stm32cubeide/plugins/com.st.stm32cube.common.mx_6.8.0.202302231600//db/
2025-05-02 07:22:41,768 [INFO] CodeEngine:255 - oldGeneratedFile, /home/ziad/Ziad_WS/sarcoos_project/code/stm32f405RGT6/stm32f405rgt6/MXTmpFiles/license.tmp_save
2025-05-02 07:22:41,937 [INFO] CodeEngine:279 - Generated code: /home/ziad/Ziad_WS/sarcoos_project/code/stm32f405RGT6/stm32f405rgt6/MXTmpFiles/license.tmp
2025-05-02 07:22:41,968 [INFO] CodeEngine:255 - oldGeneratedFile, /home/ziad/Ziad_WS/sarcoos_project/code/stm32f405RGT6/stm32f405rgt6/MXTmpFiles/gpio.tmp_save
2025-05-02 07:22:42,110 [INFO] CodeEngine:279 - Generated code: /home/ziad/Ziad_WS/sarcoos_project/code/stm32f405RGT6/stm32f405rgt6/MXTmpFiles/gpio.tmp
2025-05-02 07:22:42,123 [INFO] CodeEngine:255 - oldGeneratedFile, /home/ziad/Ziad_WS/sarcoos_project/code/stm32f405RGT6/stm32f405rgt6/Core/Src/stm32f4xx_it.c_save
2025-05-02 07:22:42,271 [INFO] CodeEngine:279 - Generated code: /home/ziad/Ziad_WS/sarcoos_project/code/stm32f405RGT6/stm32f405rgt6/Core/Src/stm32f4xx_it.c
2025-05-02 07:22:42,274 [INFO] CodeEngine:255 - oldGeneratedFile, /home/ziad/Ziad_WS/sarcoos_project/code/stm32f405RGT6/stm32f405rgt6/Core/Inc/stm32f4xx_it.h_save
2025-05-02 07:22:42,399 [INFO] CodeEngine:279 - Generated code: /home/ziad/Ziad_WS/sarcoos_project/code/stm32f405RGT6/stm32f405rgt6/Core/Inc/stm32f4xx_it.h
2025-05-02 07:22:42,412 [INFO] CodeEngine:255 - oldGeneratedFile, /home/ziad/Ziad_WS/sarcoos_project/code/stm32f405RGT6/stm32f405rgt6/Core/Src/stm32f4xx_hal_msp.c_save
2025-05-02 07:22:42,582 [INFO] CodeEngine:279 - Generated code: /home/ziad/Ziad_WS/sarcoos_project/code/stm32f405RGT6/stm32f405rgt6/Core/Src/stm32f4xx_hal_msp.c
2025-05-02 07:22:42,587 [INFO] CodeEngine:255 - oldGeneratedFile, /home/ziad/Ziad_WS/sarcoos_project/code/stm32f405RGT6/stm32f405rgt6/MXTmpFiles/system.tmp_save
2025-05-02 07:22:42,703 [INFO] CodeEngine:279 - Generated code: /home/ziad/Ziad_WS/sarcoos_project/code/stm32f405RGT6/stm32f405rgt6/MXTmpFiles/system.tmp
2025-05-02 07:22:42,708 [INFO] CodeEngine:311 - oldGeneratedFile, /home/ziad/Ziad_WS/sarcoos_project/code/stm32f405RGT6/stm32f405rgt6/Core/Inc/stm32f4xx_hal_conf.h_save
2025-05-02 07:22:42,841 [INFO] CodeEngine:335 - Generated code: /home/ziad/Ziad_WS/sarcoos_project/code/stm32f405RGT6/stm32f405rgt6/Core/Inc/stm32f4xx_hal_conf.h
2025-05-02 07:22:42,870 [INFO] CodeEngine:255 - oldGeneratedFile, /home/ziad/Ziad_WS/sarcoos_project/code/stm32f405RGT6/stm32f405rgt6/Core/Inc/main.h_save
2025-05-02 07:22:42,997 [INFO] CodeEngine:279 - Generated code: /home/ziad/Ziad_WS/sarcoos_project/code/stm32f405RGT6/stm32f405rgt6/Core/Inc/main.h
2025-05-02 07:22:43,000 [INFO] CodeEngine:255 - oldGeneratedFile, /home/ziad/Ziad_WS/sarcoos_project/code/stm32f405RGT6/stm32f405rgt6/Core/Src/main.c_save
2025-05-02 07:22:43,254 [INFO] CodeEngine:279 - Generated code: /home/ziad/Ziad_WS/sarcoos_project/code/stm32f405RGT6/stm32f405rgt6/Core/Src/main.c
2025-05-02 07:22:44,273 [INFO] ProjectBuilder:2996 - Time for Copy HAL[1] : 41mS.
2025-05-02 07:22:44,278 [INFO] ProjectBuilder:4304 - Project Generator version: 3.19.2
2025-05-02 07:22:45,028 [INFO] ConfigFileManager:1483 - The Die is : DIE413
2025-05-02 07:22:47,935 [INFO] ProjectBuilder:4505 - Time for Generating toolchain IDE Files: 3657mS.
2025-05-02 07:22:47,936 [INFO] ProjectBuilder:2867 - Time for Copy CMSIS : 0mS.
2025-05-02 07:22:47,940 [INFO] ProjectBuilder:2867 - Time for Copy CMSIS : 0mS.
