2025-05-03 17:13:58,198 [INFO] Activator:176 - 


2025-05-03 17:13:58,204 [INFO] Activator:177 - !SESSION log4j initialized
2025-05-03 17:14:04,280 [INFO] LogOutputStream:77 - [STDOUT_REDIRECT] 
2025-05-03 17:14:25,728 [ERROR] LogOutputStream:75 - [STDERR_REDIRECT] SLF4J: Failed to load class "org.slf4j.impl.StaticLoggerBinder".
2025-05-03 17:14:25,728 [ERROR] LogOutputStream:75 - [STDERR_REDIRECT] SLF4J: Defaulting to no-operation (NOP) logger implementation
2025-05-03 17:14:25,729 [ERROR] LogOutputStream:75 - [STDERR_REDIRECT] SLF4J: See http://www.slf4j.org/codes.html#StaticLoggerBinder for further details.
2025-05-03 17:21:09,274 [INFO] ApplicationProperties:184 - Using Application install path: /app/stm32cubeide/plugins/com.st.stm32cube.common.mx_6.8.0.202302231600
2025-05-03 17:21:09,305 [INFO] DbMcusXml:78 - Set database path to: /app/stm32cubeide/plugins/com.st.stm32cube.common.mx_6.8.0.202302231600//db//mcu/
2025-05-03 17:21:09,306 [INFO] ApiDb:274 - Set plugin database path to: /app/stm32cubeide/plugins/com.st.stm32cube.common.mx_6.8.0.202302231600//db//plugins/boardmanager/
2025-05-03 17:21:09,310 [WARN] ApiDb:259 - Overriding images path with different value:  => /app/stm32cubeide/plugins/com.st.stm32cube.common.mx_6.8.0.202302231600//db//plugins/mcufinder/images/
2025-05-03 17:21:09,338 [INFO] ApiDb:250 - Set database path to: /home/ziad/.stmcufinder/plugins/mcufinder//mcu/
2025-05-03 17:21:09,340 [INFO] DbMcusAds:125 - Set database path to: /home/ziad/.stmcufinder/plugins/mcufinder//mcu/
2025-05-03 17:21:09,361 [INFO] CrossReferenceDbSqlite:203 - Set database path to: /home/ziad/.stmcufinder/plugins/mcufinder//mcu/cs/
2025-05-03 17:21:09,512 [INFO] RulesReader:64 - Compatibility file has been processed (293 Rules)
2025-05-03 17:21:09,613 [INFO] DbMcusXml:78 - Set database path to: /app/stm32cubeide/plugins/com.st.stm32cube.common.mx_6.8.0.202302231600//db//mcu/
2025-05-03 17:21:09,614 [INFO] ApiDb:274 - Set plugin database path to: /app/stm32cubeide/plugins/com.st.stm32cube.common.mx_6.8.0.202302231600//db//plugins/boardmanager/
2025-05-03 17:21:09,614 [INFO] ApiDb:261 - Set plugin images path to: /app/stm32cubeide/plugins/com.st.stm32cube.common.mx_6.8.0.202302231600//db//plugins/mcufinder/images/
2025-05-03 17:21:09,615 [WARN] DbFile:41 - Overriding database path with different value: /home/ziad/.stmcufinder/plugins/mcufinder/ => /home/ziad/.stmcufinder/plugins/mcufinder
2025-05-03 17:21:09,615 [INFO] ApiDb:250 - Set database path to: /home/ziad/.stmcufinder/plugins/mcufinder//mcu/
2025-05-03 17:21:09,615 [WARN] DbFile:41 - Overriding database path with different value: /home/ziad/.stmcufinder/plugins/mcufinder/ => /home/ziad/.stmcufinder/plugins/mcufinder
2025-05-03 17:21:09,615 [INFO] DbMcusAds:125 - Set database path to: /home/ziad/.stmcufinder/plugins/mcufinder//mcu/
2025-05-03 17:21:09,615 [WARN] DbFile:41 - Overriding database path with different value: /home/ziad/.stmcufinder/plugins/mcufinder/ => /home/ziad/.stmcufinder/plugins/mcufinder
2025-05-03 17:21:09,616 [WARN] DbFile:41 - Overriding database path with different value: /home/ziad/.stmcufinder/plugins/mcufinder/ => /home/ziad/.stmcufinder/plugins/mcufinder
2025-05-03 17:21:09,616 [INFO] CrossReferenceDbSqlite:203 - Set database path to: /home/ziad/.stmcufinder/plugins/mcufinder//mcu/cs/
2025-05-03 17:21:09,737 [INFO] MainPanel:253 - HeapMemory: 625999872
2025-05-03 17:21:09,933 [INFO] DbMcusXml:78 - Set database path to: /app/stm32cubeide/plugins/com.st.stm32cube.common.mx_6.8.0.202302231600//db//mcu/
2025-05-03 17:21:09,933 [INFO] ApiDb:274 - Set plugin database path to: /app/stm32cubeide/plugins/com.st.stm32cube.common.mx_6.8.0.202302231600//db//plugins/boardmanager/
2025-05-03 17:21:09,934 [INFO] ApiDb:261 - Set plugin images path to: /app/stm32cubeide/plugins/com.st.stm32cube.common.mx_6.8.0.202302231600//db//plugins/mcufinder/images/
2025-05-03 17:21:09,934 [WARN] DbFile:41 - Overriding database path with different value: /home/ziad/.stmcufinder/plugins/mcufinder/ => /home/ziad/.stmcufinder/plugins/mcufinder
2025-05-03 17:21:09,934 [INFO] ApiDb:250 - Set database path to: /home/ziad/.stmcufinder/plugins/mcufinder//mcu/
2025-05-03 17:21:09,935 [WARN] DbFile:41 - Overriding database path with different value: /home/ziad/.stmcufinder/plugins/mcufinder/ => /home/ziad/.stmcufinder/plugins/mcufinder
2025-05-03 17:21:09,935 [INFO] DbMcusAds:125 - Set database path to: /home/ziad/.stmcufinder/plugins/mcufinder//mcu/
2025-05-03 17:21:09,935 [WARN] DbFile:41 - Overriding database path with different value: /home/ziad/.stmcufinder/plugins/mcufinder/ => /home/ziad/.stmcufinder/plugins/mcufinder
2025-05-03 17:21:09,935 [WARN] DbFile:41 - Overriding database path with different value: /home/ziad/.stmcufinder/plugins/mcufinder/ => /home/ziad/.stmcufinder/plugins/mcufinder
2025-05-03 17:21:09,935 [INFO] CrossReferenceDbSqlite:203 - Set database path to: /home/ziad/.stmcufinder/plugins/mcufinder//mcu/cs/
2025-05-03 17:21:09,960 [INFO] ApplicationProperties:184 - Using Application install path: /app/stm32cubeide/plugins/com.st.stm32cube.common.mx_6.8.0.202302231600
2025-05-03 17:21:09,963 [INFO] PluginManage:196 - Search for loadable plugins [exclusion list=, ]
2025-05-03 17:21:09,967 [INFO] PluginManage:310 - Check plugin analytics
2025-05-03 17:21:10,211 [INFO] AnalyticsPlugin:253 - Accepted Software Licenses: 
2025-05-03 17:21:10,211 [INFO] AnalyticsPlugin:255 - Accepted CMSIS Pack Licenses: 
2025-05-03 17:21:10,211 [INFO] AnalyticsPlugin:257 - Accepted Firmware Licenses: FW.F4.1.27.0
2025-05-03 17:21:10,218 [INFO] PluginManage:359 - Loaded plugin analytics (category:tool,tabindex:-1)
2025-05-03 17:21:10,219 [INFO] PluginManage:310 - Check plugin cadmodel
2025-05-03 17:21:10,520 [INFO] CADModel:105 - Init CAD model plugin
2025-05-03 17:21:10,521 [INFO] PluginManage:359 - Loaded plugin cadmodel (category:power,tabindex:5)
2025-05-03 17:21:10,521 [INFO] PluginManage:310 - Check plugin clock
2025-05-03 17:21:10,540 [INFO] PluginManage:359 - Loaded plugin clock (category:base,tabindex:2)
2025-05-03 17:21:10,540 [INFO] PluginManage:310 - Check plugin ddr
2025-05-03 17:21:10,546 [INFO] PluginManage:359 - Loaded plugin ddr (category:tool,tabindex:6)
2025-05-03 17:21:10,546 [INFO] PluginManage:310 - Check plugin filemanager
2025-05-03 17:21:10,785 [INFO] PluginManage:359 - Loaded plugin filemanager (category:base,tabindex:10)
2025-05-03 17:21:10,786 [INFO] PluginManage:310 - Check plugin ipmanager
2025-05-03 17:21:10,795 [INFO] PluginManage:359 - Loaded plugin ipmanager (category:base,tabindex:5)
2025-05-03 17:21:10,795 [INFO] PluginManage:310 - Check plugin lpbam
2025-05-03 17:21:10,812 [INFO] PluginManage:359 - Loaded plugin lpbam (category:base,tabindex:0)
2025-05-03 17:21:10,812 [INFO] PluginManage:310 - Check plugin pinoutandconfiguration
2025-05-03 17:21:10,827 [INFO] PluginManage:359 - Loaded plugin pinoutandconfiguration (category:base,tabindex:1)
2025-05-03 17:21:10,827 [INFO] PluginManage:310 - Check plugin pinoutconfig
2025-05-03 17:21:10,973 [WARN] SupportedApi:132 - Cannot load RTOS API schema: s4s-elt-must-match.1: The content of 'definitions' must match (annotation?, (simpleType | complexType)?, (unique | key | keyref)*)). A problem was found starting at: attribute.
2025-05-03 17:21:11,191 [INFO] PluginManage:359 - Loaded plugin pinoutconfig (category:base,tabindex:0)
2025-05-03 17:21:11,191 [INFO] PluginManage:310 - Check plugin power
2025-05-03 17:21:11,208 [INFO] PluginManage:359 - Loaded plugin power (category:power,tabindex:4)
2025-05-03 17:21:11,208 [INFO] PluginManage:310 - Check plugin projectmanager
2025-05-03 17:21:11,234 [INFO] PluginManage:359 - Loaded plugin projectmanager (category:projectmanager,tabindex:3)
2025-05-03 17:21:11,234 [INFO] PluginManage:310 - Check plugin thirdparty
2025-05-03 17:21:11,426 [WARN] IntegrityCheckThread:84 - waiting for thirdparty lock release [integrity check]
2025-05-03 17:21:11,427 [INFO] PluginManage:359 - Loaded plugin thirdparty (category:base,tabindex:-1)
2025-05-03 17:21:11,427 [INFO] IntegrityCheckThread:86 - entering critical section [integrity check]
2025-05-03 17:21:11,427 [INFO] PluginManage:310 - Check plugin tools
2025-05-03 17:21:11,431 [INFO] ThirdPartyUpdaterWithRetryManager:70 - Updater plugin not ready yet. [1/15]
2025-05-03 17:21:11,431 [INFO] PluginManage:359 - Loaded plugin tools (category:base,tabindex:7)
2025-05-03 17:21:11,432 [INFO] PluginManage:310 - Check plugin tutovideos
2025-05-03 17:21:11,708 [INFO] PluginManage:359 - Loaded plugin tutovideos (category:base,tabindex:-1)
2025-05-03 17:21:11,708 [INFO] PluginManage:310 - Check plugin updater
2025-05-03 17:21:11,729 [INFO] PluginManage:359 - Loaded plugin updater (category:base,tabindex:12)
2025-05-03 17:21:11,730 [INFO] PluginManage:283 - PluginManage : Loaded plugins [15]
2025-05-03 17:21:12,066 [INFO] PinOutPanel:1499 - setPackage(No Configuration,No Configuration)
2025-05-03 17:21:12,146 [INFO] CADModel:165 - CPN selected for project level
2025-05-03 17:21:12,146 [INFO] CADModel:114 - Register for checkConnection events
2025-05-03 17:21:12,163 [INFO] IPUIPlugin:80 - create IPUIPlugin
2025-05-03 17:21:12,164 [INFO] PluginManager:220 - loadIPPluginJar : add dfsdm
2025-05-03 17:21:12,166 [INFO] IPUIPlugin:80 - create IPUIPlugin
2025-05-03 17:21:12,166 [INFO] PluginManager:220 - loadIPPluginJar : add fatfs
2025-05-03 17:21:12,169 [INFO] IPUIPlugin:80 - create IPUIPlugin
2025-05-03 17:21:12,169 [INFO] PluginManager:220 - loadIPPluginJar : add tracer_emb
2025-05-03 17:21:12,175 [INFO] IPUIPlugin:80 - create IPUIPlugin
2025-05-03 17:21:12,175 [INFO] PluginManager:220 - loadIPPluginJar : add hash
2025-05-03 17:21:12,209 [INFO] IPUIPlugin:80 - create IPUIPlugin
2025-05-03 17:21:12,209 [INFO] PluginManager:220 - loadIPPluginJar : add opamp
2025-05-03 17:21:12,212 [INFO] IPUIPlugin:80 - create IPUIPlugin
2025-05-03 17:21:12,212 [INFO] PluginManager:220 - loadIPPluginJar : add quadspi
2025-05-03 17:21:12,217 [INFO] IPUIPlugin:80 - create IPUIPlugin
2025-05-03 17:21:12,217 [INFO] PluginManager:220 - loadIPPluginJar : add openamp
2025-05-03 17:21:12,219 [INFO] IPUIPlugin:80 - create IPUIPlugin
2025-05-03 17:21:12,219 [INFO] PluginManager:220 - loadIPPluginJar : add ltdc
2025-05-03 17:21:12,224 [INFO] IPUIPlugin:80 - create IPUIPlugin
2025-05-03 17:21:12,224 [INFO] PluginManager:220 - loadIPPluginJar : add resmgrutility
2025-05-03 17:21:12,228 [INFO] IPUIPlugin:80 - create IPUIPlugin
2025-05-03 17:21:12,228 [INFO] PluginManager:220 - loadIPPluginJar : add gtzc
2025-05-03 17:21:12,232 [INFO] IPUIPlugin:80 - create IPUIPlugin
2025-05-03 17:21:12,232 [INFO] PluginManager:220 - loadIPPluginJar : add can
2025-05-03 17:21:12,239 [INFO] IPUIPlugin:80 - create IPUIPlugin
2025-05-03 17:21:12,240 [INFO] PluginManager:220 - loadIPPluginJar : add gic
2025-05-03 17:21:12,247 [INFO] IPUIPlugin:80 - create IPUIPlugin
2025-05-03 17:21:12,247 [INFO] PluginManager:220 - loadIPPluginJar : add gpio
2025-05-03 17:21:12,251 [INFO] IPUIPlugin:80 - create IPUIPlugin
2025-05-03 17:21:12,251 [INFO] PluginManager:220 - loadIPPluginJar : add i2c
2025-05-03 17:21:12,254 [INFO] IPUIPlugin:80 - create IPUIPlugin
2025-05-03 17:21:12,254 [INFO] PluginManager:220 - loadIPPluginJar : add gfxmmu
2025-05-03 17:21:12,258 [INFO] IPUIPlugin:80 - create IPUIPlugin
2025-05-03 17:21:12,258 [INFO] PluginManager:220 - loadIPPluginJar : add i3c
2025-05-03 17:21:12,265 [INFO] IPUIPlugin:80 - create IPUIPlugin
2025-05-03 17:21:12,265 [INFO] PluginManager:220 - loadIPPluginJar : add stm32_wpan
2025-05-03 17:21:12,270 [INFO] IPUIPlugin:80 - create IPUIPlugin
2025-05-03 17:21:12,270 [INFO] PluginManager:220 - loadIPPluginJar : add ipddr
2025-05-03 17:21:12,273 [INFO] IPUIPlugin:80 - create IPUIPlugin
2025-05-03 17:21:12,273 [INFO] PluginManager:220 - loadIPPluginJar : add i2s
2025-05-03 17:21:12,276 [INFO] IPUIPlugin:80 - create IPUIPlugin
2025-05-03 17:21:12,276 [INFO] PluginManager:220 - loadIPPluginJar : add pdm2pcm
2025-05-03 17:21:12,283 [INFO] IPUIPlugin:80 - create IPUIPlugin
2025-05-03 17:21:12,283 [INFO] PluginManager:220 - loadIPPluginJar : add freertos
2025-05-03 17:21:12,286 [INFO] IPUIPlugin:80 - create IPUIPlugin
2025-05-03 17:21:12,286 [INFO] PluginManager:220 - loadIPPluginJar : add aes
2025-05-03 17:21:12,288 [INFO] IPUIPlugin:80 - create IPUIPlugin
2025-05-03 17:21:12,289 [INFO] PluginManager:220 - loadIPPluginJar : add tim
2025-05-03 17:21:12,291 [INFO] IPUIPlugin:80 - create IPUIPlugin
2025-05-03 17:21:12,291 [INFO] PluginManager:220 - loadIPPluginJar : add ucpd
2025-05-03 17:21:12,294 [INFO] IPUIPlugin:80 - create IPUIPlugin
2025-05-03 17:21:12,294 [INFO] PluginManager:220 - loadIPPluginJar : add usart
2025-05-03 17:21:12,298 [INFO] IPUIPlugin:80 - create IPUIPlugin
2025-05-03 17:21:12,298 [INFO] PluginManager:220 - loadIPPluginJar : add touchsensing
2025-05-03 17:21:12,303 [INFO] IPUIPlugin:80 - create IPUIPlugin
2025-05-03 17:21:12,303 [INFO] PluginManager:220 - loadIPPluginJar : add nvic
2025-05-03 17:21:12,308 [INFO] IPUIPlugin:80 - create IPUIPlugin
2025-05-03 17:21:12,308 [INFO] PluginManager:220 - loadIPPluginJar : add fmc
2025-05-03 17:21:12,310 [INFO] IPUIPlugin:80 - create IPUIPlugin
2025-05-03 17:21:12,310 [INFO] PluginManager:220 - loadIPPluginJar : add comp
2025-05-03 17:21:12,312 [INFO] IPUIPlugin:80 - create IPUIPlugin
2025-05-03 17:21:12,313 [INFO] PluginManager:220 - loadIPPluginJar : add spi
2025-05-03 17:21:12,316 [INFO] IPUIPlugin:80 - create IPUIPlugin
2025-05-03 17:21:12,316 [INFO] PluginManager:220 - loadIPPluginJar : add lorawan
2025-05-03 17:21:12,319 [INFO] IPUIPlugin:80 - create IPUIPlugin
2025-05-03 17:21:12,319 [INFO] PluginManager:220 - loadIPPluginJar : add tsc
2025-05-03 17:21:12,322 [INFO] IPUIPlugin:80 - create IPUIPlugin
2025-05-03 17:21:12,322 [INFO] PluginManager:220 - loadIPPluginJar : add cryp
2025-05-03 17:21:12,326 [INFO] IPUIPlugin:80 - create IPUIPlugin
2025-05-03 17:21:12,326 [INFO] PluginManager:220 - loadIPPluginJar : add usbx
2025-05-03 17:21:12,328 [INFO] IPUIPlugin:80 - create IPUIPlugin
2025-05-03 17:21:12,328 [INFO] PluginManager:220 - loadIPPluginJar : add genericplugin
2025-05-03 17:21:12,337 [INFO] IPUIPlugin:80 - create IPUIPlugin
2025-05-03 17:21:12,340 [INFO] PluginManager:220 - loadIPPluginJar : add plateformsettings
2025-05-03 17:21:12,349 [INFO] IPUIPlugin:80 - create IPUIPlugin
2025-05-03 17:21:12,349 [INFO] PluginManager:220 - loadIPPluginJar : add linkedlist
2025-05-03 17:21:12,351 [INFO] IPUIPlugin:80 - create IPUIPlugin
2025-05-03 17:21:12,352 [INFO] PluginManager:220 - loadIPPluginJar : add ts
2025-05-03 17:21:12,360 [INFO] IPUIPlugin:80 - create IPUIPlugin
2025-05-03 17:21:12,361 [INFO] PluginManager:220 - loadIPPluginJar : add mdma
2025-05-03 17:21:12,364 [INFO] IPUIPlugin:80 - create IPUIPlugin
2025-05-03 17:21:12,364 [INFO] PluginManager:220 - loadIPPluginJar : add dma3
2025-05-03 17:21:12,373 [INFO] IPUIPlugin:80 - create IPUIPlugin
2025-05-03 17:21:12,374 [INFO] PluginManager:220 - loadIPPluginJar : add adc
2025-05-03 17:21:12,378 [INFO] IPUIPlugin:80 - create IPUIPlugin
2025-05-03 17:21:12,379 [INFO] PluginManager:220 - loadIPPluginJar : add sai
2025-05-03 17:21:12,388 [INFO] IPUIPlugin:80 - create IPUIPlugin
2025-05-03 17:21:12,389 [INFO] PluginManager:220 - loadIPPluginJar : add dma
2025-05-03 17:21:12,513 [INFO] CADModel:165 - CPN selected for project level
2025-05-03 17:21:12,513 [INFO] CADModel:114 - Register for checkConnection events
2025-05-03 17:21:12,513 [FATAL] Updater:308 - Updater called before beeing initialized
2025-05-03 17:21:12,513 [ERROR] CADModel:125 - Updater not yet initialized, retry later 
2025-05-03 17:21:12,721 [INFO] CADModel:165 - CPN selected for project level
2025-05-03 17:21:12,721 [INFO] CADModel:114 - Register for checkConnection events
2025-05-03 17:21:12,721 [FATAL] Updater:308 - Updater called before beeing initialized
2025-05-03 17:21:12,721 [ERROR] CADModel:125 - Updater not yet initialized, retry later 
2025-05-03 17:21:12,726 [FATAL] Updater:308 - Updater called before beeing initialized
2025-05-03 17:21:12,862 [FATAL] Updater:308 - Updater called before beeing initialized
2025-05-03 17:21:12,874 [INFO] DbMcusAds:53 - JSON generation date=Thu Mar 06 16:54:22 EET 2025 (1741272862204)
2025-05-03 17:21:12,874 [FATAL] Updater:308 - Updater called before beeing initialized
2025-05-03 17:21:12,935 [WARN] DetailPanel:346 - Failed to get advertising image, set to default
2025-05-03 17:21:13,105 [FATAL] Updater:308 - Updater called before beeing initialized
2025-05-03 17:21:13,108 [FATAL] Updater:308 - Updater called before beeing initialized
2025-05-03 17:21:13,108 [FATAL] Updater:308 - Updater called before beeing initialized
2025-05-03 17:21:13,108 [WARN] DetailPanel:346 - Failed to get advertising image, set to default
2025-05-03 17:21:13,109 [FATAL] Updater:308 - Updater called before beeing initialized
2025-05-03 17:21:13,161 [ERROR] Updater:1120 - MainUpdater not yet initialized. External WinMGr cannot be set.
2025-05-03 17:21:13,164 [INFO] Updater:1056 - Updater Version found : 6.8.0
2025-05-03 17:21:13,191 [INFO] ApplicationProperties:184 - Using Application install path: /app/stm32cubeide/plugins/com.st.stm32cube.common.mx_6.8.0.202302231600
2025-05-03 17:21:13,597 [INFO] MainUpdater:2854 - connection check result : 10
2025-05-03 17:21:13,598 [INFO] MainUpdater:283 - Updater Check For Update Now.
2025-05-03 17:21:13,598 [INFO] MicroXplorer:498 - Change Database Version : DB.6.0.80
2025-05-03 17:21:13,809 [INFO] MainUpdater:2854 - connection check result : 10
2025-05-03 17:21:13,810 [INFO] MainUpdater:2854 - connection check result : 10
2025-05-03 17:21:13,811 [INFO] CheckServerUpdateThread:120 - End of CheckServer Thread
2025-05-03 17:21:13,951 [INFO] MicroXplorer:468 - Change Database Path : 
2025-05-03 17:21:13,952 [INFO] MicroXplorer:498 - Change Database Version : DB.6.0.80
2025-05-03 17:21:13,955 [WARN] ThirdParty:871 - waiting for thirdparty lock release [close project]
2025-05-03 17:21:14,754 [WARN] PackLoader:240 - Cannot read IP mode file for STMicroelectronics.FP-SNS-MOTENVWB1.1.4.0
2025-05-03 17:21:14,770 [WARN] PackLoader:240 - Cannot read IP mode file for STMicroelectronics.FP-ATR-ASTRA1.2.0.2
2025-05-03 17:21:14,780 [WARN] PackLoader:240 - Cannot read IP mode file for STMicroelectronics.FP-ATR-ASTRA1.2.0.1
2025-05-03 17:21:14,802 [WARN] PackLoader:240 - Cannot read IP mode file for STMicroelectronics.X-CUBE-SMBUS.2.1.0
2025-05-03 17:21:14,825 [WARN] PackLoader:240 - Cannot read IP mode file for STMicroelectronics.X-CUBE-WB05N.1.1.0
2025-05-03 17:21:14,915 [WARN] PackLoader:240 - Cannot read IP mode file for STMicroelectronics.X-CUBE-AZRTOS-F7.1.1.0
2025-05-03 17:21:14,932 [WARN] PackLoader:240 - Cannot read IP mode file for STMicroelectronics.FP-SNS-FLIGHT1.5.0.2
2025-05-03 17:21:14,959 [ERROR] Engine:466 - /home/ziad/.stm32cubemx/thirdparties/pdsc/Infineon.AIROC-Wi-Fi-Bluetooth-STM32.1.7.0.pdsc: PDSC version is not supported
2025-05-03 17:21:15,010 [WARN] PackLoader:240 - Cannot read IP mode file for STMicroelectronics.X-CUBE-DISPLAY.3.0.0
2025-05-03 17:21:15,030 [WARN] PackLoader:240 - Cannot read IP mode file for STMicroelectronics.X-CUBE-BLE1.7.0.0
2025-05-03 17:21:15,046 [WARN] PackLoader:240 - Cannot read IP mode file for STMicroelectronics.X-CUBE-NFC10.1.0.0
2025-05-03 17:21:15,064 [ERROR] Engine:466 - /home/ziad/.stm32cubemx/thirdparties/pdsc/STMicroelectronics.X-CUBE-BLEMGR.4.0.0.pdsc: PDSC version is not supported
2025-05-03 17:21:15,077 [WARN] PackLoader:240 - Cannot read IP mode file for emotas.I-CUBE-CANOPEN.1.3.0
2025-05-03 17:21:15,085 [WARN] PackLoader:240 - Cannot read IP mode file for STMicroelectronics.X-CUBE-AI.10.0.0
2025-05-03 17:21:15,098 [WARN] PackLoader:240 - Cannot read IP mode file for STMicroelectronics.FP-SNS-SMARTAG2.1.2.0
2025-05-03 17:21:15,115 [ERROR] Engine:466 - /home/ziad/.stm32cubemx/thirdparties/pdsc/STMicroelectronics.FP-SNS-FLIGHT1.5.1.0.pdsc: PDSC version is not supported
2025-05-03 17:21:15,316 [WARN] PackLoader:240 - Cannot read IP mode file for STMicroelectronics.X-CUBE-MEMS1.11.1.0
2025-05-03 17:21:15,652 [INFO] LogOutputStream:77 - [STDOUT_REDIRECT] 1 : Invalid condition id : UX_CORESTACK_Condition cause : null
2025-05-03 17:21:15,653 [INFO] LogOutputStream:77 - [STDOUT_REDIRECT] 1 : Invalid condition id : UX_CORESTACK_Condition cause : null
2025-05-03 17:21:15,655 [INFO] LogOutputStream:77 - [STDOUT_REDIRECT] 1 : Invalid condition id : UX_CORESTACK_Condition cause : null
2025-05-03 17:21:15,655 [INFO] LogOutputStream:77 - [STDOUT_REDIRECT] 1 : Invalid condition id : UX_CORESTACK_Condition cause : null
2025-05-03 17:21:15,656 [INFO] LogOutputStream:77 - [STDOUT_REDIRECT] 1 : Invalid condition id : UX_CORESTACK_Condition cause : null
2025-05-03 17:21:15,662 [WARN] PackLoader:240 - Cannot read IP mode file for STMicroelectronics.X-CUBE-AZRTOS-WL.2.0.0
2025-05-03 17:21:15,670 [WARN] PackLoader:240 - Cannot read IP mode file for STMicroelectronics.FP-SNS-MOTENV1.5.0.0
2025-05-03 17:21:15,676 [WARN] PackLoader:240 - Cannot read IP mode file for wolfSSL.I-CUBE-wolfMQTT.1.19.0
2025-05-03 17:21:15,685 [WARN] PackLoader:240 - Cannot read IP mode file for WES.I-CUBE-Cesium.1.3.0
2025-05-03 17:21:15,692 [WARN] PackLoader:240 - Cannot read IP mode file for STMicroelectronics.X-CUBE-BLE2.3.3.0
2025-05-03 17:21:15,701 [WARN] PackLoader:240 - Cannot read IP mode file for STMicroelectronics.X-CUBE-NFC9.1.0.0
2025-05-03 17:21:15,710 [WARN] PackLoader:240 - Cannot read IP mode file for STMicroelectronics.X-CUBE-BLE1.7.1.0
2025-05-03 17:21:15,819 [WARN] PackLoader:240 - Cannot read IP mode file for STMicroelectronics.X-CUBE-MEMS1.11.2.0
2025-05-03 17:21:16,227 [WARN] PackLoader:240 - Cannot read IP mode file for STMicroelectronics.X-CUBE-AZRTOS-G0.1.1.0
2025-05-03 17:21:16,238 [WARN] PackLoader:240 - Cannot read IP mode file for STMicroelectronics.X-CUBE-SAFEA1.1.2.2
2025-05-03 17:21:16,245 [WARN] PackLoader:240 - Cannot read IP mode file for STMicroelectronics.X-CUBE-NFC4.3.0.0
2025-05-03 17:21:16,251 [ERROR] Engine:466 - /home/ziad/.stm32cubemx/thirdparties/pdsc/EmbeddedOffice.I-CUBE-FS-RTOS.1.0.1.pdsc: PDSC version is not supported
2025-05-03 17:21:16,257 [WARN] PackLoader:240 - Cannot read IP mode file for STMicroelectronics.X-CUBE-WB05N.2.0.0
2025-05-03 17:21:16,262 [ERROR] Engine:466 - /home/ziad/.stm32cubemx/thirdparties/pdsc/STMicroelectronics.X-CUBE-TCPP.4.2.0.pdsc: PDSC version is not supported
2025-05-03 17:21:16,264 [ERROR] Engine:466 - /home/ziad/.stm32cubemx/thirdparties/pdsc/RealThread.X-CUBE-RT-Thread_Nano.4.1.1.pdsc: PDSC version is not supported
2025-05-03 17:21:16,268 [WARN] PackLoader:240 - Cannot read IP mode file for STMicroelectronics.FP-ATR-SIGFOX1.3.2.0
2025-05-03 17:21:16,270 [ERROR] Engine:466 - /home/ziad/.stm32cubemx/thirdparties/pdsc/quantropi.X-CUBE-qispace-sdk-base.1.9.3.pdsc: PDSC version is not supported
2025-05-03 17:21:16,278 [WARN] PackLoader:240 - Cannot read IP mode file for STMicroelectronics.X-CUBE-EEPRMA1.5.1.0
2025-05-03 17:21:16,284 [WARN] PackLoader:240 - Cannot read IP mode file for wolfSSL.I-CUBE-wolfSSL.5.7.6
2025-05-03 17:21:16,292 [WARN] PackLoader:240 - Cannot read IP mode file for ITTIA_DB.I-CUBE-ITTIADB.8.9.0
2025-05-03 17:21:16,353 [WARN] PackLoader:240 - Cannot read IP mode file for SEGGER.I-CUBE-embOS.1.3.1
2025-05-03 17:21:16,440 [WARN] PackLoader:240 - Cannot read IP mode file for STMicroelectronics.X-CUBE-ALGOBUILD.1.4.0
2025-05-03 17:21:16,467 [WARN] PackLoader:240 - Cannot read IP mode file for STMicroelectronics.X-CUBE-AZRTOS-F4.1.1.0
2025-05-03 17:21:16,487 [ERROR] Engine:466 - /home/ziad/.stm32cubemx/thirdparties/pdsc/Avnet-IotConnect.X-CUBE-IoTC-DA16k-PMOD.1.0.0.pdsc: PDSC version is not supported
2025-05-03 17:21:16,491 [WARN] PackLoader:240 - Cannot read IP mode file for STMicroelectronics.X-CUBE-ISPU.2.1.0
2025-05-03 17:21:16,517 [WARN] PackLoader:240 - Cannot read IP mode file for STMicroelectronics.X-CUBE-AZRTOS-L5.2.0.0
2025-05-03 17:21:16,531 [WARN] PackLoader:240 - Cannot read IP mode file for STMicroelectronics.X-CUBE-NFC6.3.1.0
2025-05-03 17:21:16,538 [ERROR] Engine:466 - /home/ziad/.stm32cubemx/thirdparties/pdsc/STMicroelectronics.X-CUBE-DPower.1.2.0.pdsc: PDSC version is not supported
2025-05-03 17:21:16,543 [WARN] PackLoader:240 - Cannot read IP mode file for STMicroelectronics.X-CUBE-FREERTOS.1.3.0
2025-05-03 17:21:16,548 [WARN] PackLoader:240 - Cannot read IP mode file for STMicroelectronics.X-CUBE-NFC7.1.0.1
2025-05-03 17:21:16,553 [ERROR] Engine:466 - /home/ziad/.stm32cubemx/thirdparties/pdsc/STMicroelectronics.X-CUBE-DPower.1.3.0.pdsc: PDSC version is not supported
2025-05-03 17:21:16,579 [WARN] ConditionMgr:438 - getConditionDescription Invalid condition id : LAN8742 Phy interface Condition cause : null
2025-05-03 17:21:16,581 [WARN] PackLoader:240 - Cannot read IP mode file for STMicroelectronics.X-CUBE-AZRTOS-L4.2.0.0
2025-05-03 17:21:16,583 [WARN] ConditionMgr:1039 - genDependencies : Invalid condition id : LAN8742 Phy interface Condition cause : null
2025-05-03 17:21:16,584 [WARN] ConditionMgr:1039 - genDependencies : Invalid condition id : LAN8742 Phy interface Condition cause : null
2025-05-03 17:21:16,585 [WARN] ConditionMgr:1039 - genDependencies : Invalid condition id : LAN8742 Phy interface Condition cause : null
2025-05-03 17:21:16,594 [WARN] PackLoader:240 - Cannot read IP mode file for STMicroelectronics.X-CUBE-SFXS2LP1.4.0.0
2025-05-03 17:21:16,648 [WARN] PackLoader:240 - Cannot read IP mode file for STMicroelectronics.X-CUBE-AZRTOS-H7.3.3.0
2025-05-03 17:21:16,672 [WARN] ConditionMgr:438 - getConditionDescription Invalid condition id : UX DEVICE CLASS RTOS Condition cause : null
2025-05-03 17:21:16,673 [WARN] ConditionMgr:438 - getConditionDescription Invalid condition id : UX DEVICE CLASS RTOS Condition cause : null
2025-05-03 17:21:16,677 [WARN] PackLoader:240 - Cannot read IP mode file for STMicroelectronics.X-CUBE-AZRTOS-WB.2.0.0
2025-05-03 17:21:16,678 [WARN] ConditionMgr:1039 - genDependencies : Invalid condition id : UX DEVICE CLASS RTOS Condition cause : null
2025-05-03 17:21:16,678 [WARN] ConditionMgr:1039 - genDependencies : Invalid condition id : UX DEVICE CLASS RTOS Condition cause : null
2025-05-03 17:21:16,679 [WARN] ConditionMgr:1039 - genDependencies : Invalid condition id : UX DEVICE CLASS RTOS Condition cause : null
2025-05-03 17:21:16,680 [WARN] ConditionMgr:1039 - genDependencies : Invalid condition id : UX DEVICE CLASS RTOS Condition cause : null
2025-05-03 17:21:16,680 [WARN] ConditionMgr:1039 - genDependencies : Invalid condition id : UX DEVICE CLASS RTOS Condition cause : null
2025-05-03 17:21:16,687 [WARN] PackLoader:240 - Cannot read IP mode file for STMicroelectronics.X-CUBE-GNSS1.7.0.1
2025-05-03 17:21:16,693 [WARN] PackLoader:240 - Cannot read IP mode file for STMicroelectronics.X-CUBE-TOUCHGFX.4.25.0
2025-05-03 17:21:16,697 [ERROR] Engine:466 - /home/ziad/.stm32cubemx/thirdparties/pdsc/STMicroelectronics.FP-SNS-STBOX1.2.0.0.pdsc: PDSC version is not supported
2025-05-03 17:21:16,712 [WARN] PackLoader:240 - Cannot read IP mode file for STMicroelectronics.X-CUBE-SUBG2.5.0.0
2025-05-03 17:21:16,774 [WARN] PackLoader:240 - Cannot read IP mode file for STMicroelectronics.X-CUBE-AZRTOS-H7RS.1.1.0
2025-05-03 17:21:16,782 [WARN] PackLoader:240 - Cannot read IP mode file for Cesanta.I-CUBE-Mongoose.7.13.0
2025-05-03 17:21:16,804 [WARN] PackLoader:240 - Cannot read IP mode file for STMicroelectronics.X-CUBE-AZRTOS-G4.2.0.0
2025-05-03 17:21:16,812 [WARN] PackLoader:240 - Cannot read IP mode file for STMicroelectronics.X-CUBE-NFC7.2.0.0
2025-05-03 17:21:16,819 [ERROR] Engine:466 - /home/ziad/.stm32cubemx/thirdparties/pdsc/STMicroelectronics.X-CUBE-IPS.3.1.0.pdsc: PDSC version is not supported
2025-05-03 17:21:16,821 [WARN] PackLoader:240 - Cannot read IP mode file for STMicroelectronics.X-CUBE-ALS.1.0.2
2025-05-03 17:21:16,826 [WARN] PackLoader:240 - Cannot read IP mode file for STMicroelectronics.X-CUBE-TOUCHGFX.4.24.2
2025-05-03 17:21:16,828 [WARN] PackLoader:240 - Cannot read IP mode file for wolfSSL.I-CUBE-wolfTPM.3.4.0
2025-05-03 17:21:16,832 [WARN] PackLoader:240 - Cannot read IP mode file for portGmbH.I-Cube-SoM-uGOAL.1.1.0
2025-05-03 17:21:16,854 [WARN] PackLoader:240 - Cannot read IP mode file for STMicroelectronics.X-CUBE-AZRTOS-H7RS.1.0.0
2025-05-03 17:21:16,882 [ERROR] Engine:466 - /home/ziad/.stm32cubemx/thirdparties/pdsc/STMicroelectronics.X-CUBE-TOF1.3.4.2.pdsc: PDSC version is not supported
2025-05-03 17:21:16,889 [ERROR] Engine:466 - /home/ziad/.stm32cubemx/thirdparties/pdsc/STMicroelectronics.X-CUBE-TOF1.3.4.3.pdsc: PDSC version is not supported
2025-05-03 17:21:16,892 [WARN] PackLoader:240 - Cannot read IP mode file for wolfSSL.I-CUBE-wolfSSH.1.4.17
2025-05-03 17:21:16,894 [INFO] ThirdParty:978 - Integrity check success = true
2025-05-03 17:21:16,894 [INFO] IntegrityCheckThread:100 - exiting critical section [integrity check]
2025-05-03 17:21:16,894 [INFO] IntegrityCheckThread:103 - End integrity checks thread
2025-05-03 17:21:16,894 [INFO] ThirdParty:873 - entering critical section [close project]
2025-05-03 17:21:16,896 [INFO] ThirdParty:883 - exiting critical section [close project]
2025-05-03 17:21:16,905 [INFO] PinOutPanel:1499 - setPackage(No Configuration,No Configuration)
2025-05-03 17:21:16,913 [INFO] UtilMem:75 - Begin LoadConfig() Used Memory: 615486264 Bytes (644874240)
2025-05-03 17:21:16,915 [INFO] MicroXplorer:468 - Change Database Path : 
2025-05-03 17:21:16,915 [INFO] MicroXplorer:498 - Change Database Version : DB.6.0.80
2025-05-03 17:21:16,916 [INFO] OpenFileManager:308 - Change cursor
2025-05-03 17:21:16,977 [INFO] Mcu:1937 - Initializing MCU STM32F405RGTx STM32F405RGTx STM32F405RGT6
2025-05-03 17:21:20,640 [INFO] Context:659 - Trying to add GPIOservice into a context  which must be forbidden
2025-05-03 17:21:22,252 [INFO] RtosManager:555 - Registered RTOS mode: class=CMSIS, group=RTOS, mode=CMSIS_V1, owner=FREERTOS
2025-05-03 17:21:22,253 [INFO] RtosManager:555 - Registered RTOS mode: class=CMSIS, group=RTOS2, mode=CMSIS_V2, owner=FREERTOS
2025-05-03 17:21:22,253 [INFO] RtosManager:555 - Registered RTOS mode: class=RTOS, group=Core, mode=CMSIS_V1, owner=FREERTOS
2025-05-03 17:21:22,253 [INFO] RtosManager:555 - Registered RTOS mode: class=RTOS, group=Core, mode=CMSIS_V2, owner=FREERTOS
2025-05-03 17:21:22,254 [WARN] ModelIntegratedComponent:184 - Missing modes for component STMicroelectronics:FreeRTOS:0.0.1:STMicroelectronics:RTOS:FreeRTOS:Core:::10.2.0:
2025-05-03 17:21:22,286 [WARN] ModelIntegratedComponent:63 - No mode defined for component null
2025-05-03 17:21:22,287 [WARN] ModelIntegratedComponent:63 - No mode defined for component null
2025-05-03 17:21:22,287 [WARN] ModelIntegratedComponent:63 - No mode defined for component null
2025-05-03 17:21:22,287 [WARN] ModelIntegratedComponent:63 - No mode defined for component null
2025-05-03 17:21:22,287 [WARN] ModelIntegratedComponent:63 - No mode defined for component null
2025-05-03 17:21:22,287 [WARN] ModelIntegratedComponent:63 - No mode defined for component null
2025-05-03 17:21:22,287 [WARN] ModelIntegratedComponent:63 - No mode defined for component null
2025-05-03 17:21:22,287 [WARN] ModelIntegratedComponent:63 - No mode defined for component null
2025-05-03 17:21:22,288 [WARN] ModelIntegratedComponent:63 - No mode defined for component null
2025-05-03 17:21:22,288 [WARN] ModelIntegratedComponent:63 - No mode defined for component null
2025-05-03 17:21:22,288 [WARN] ModelIntegratedComponent:63 - No mode defined for component null
2025-05-03 17:21:22,288 [WARN] ModelIntegratedComponent:63 - No mode defined for component null
2025-05-03 17:21:22,288 [WARN] ModelIntegratedComponent:63 - No mode defined for component null
2025-05-03 17:21:22,288 [WARN] ModelIntegratedComponent:63 - No mode defined for component null
2025-05-03 17:21:22,288 [WARN] ModelIntegratedComponent:63 - No mode defined for component null
2025-05-03 17:21:22,288 [WARN] ModelIntegratedComponent:63 - No mode defined for component null
2025-05-03 17:21:22,288 [WARN] ModelIntegratedComponent:63 - No mode defined for component null
2025-05-03 17:21:22,288 [WARN] ModelIntegratedComponent:63 - No mode defined for component null
2025-05-03 17:21:22,288 [WARN] ModelIntegratedComponent:63 - No mode defined for component null
2025-05-03 17:21:22,289 [WARN] ModelIntegratedComponent:63 - No mode defined for component null
2025-05-03 17:21:22,289 [WARN] ModelIntegratedComponent:63 - No mode defined for component null
2025-05-03 17:21:22,289 [WARN] ModelIntegratedComponent:63 - No mode defined for component null
2025-05-03 17:21:22,289 [WARN] ModelIntegratedComponent:63 - No mode defined for component null
2025-05-03 17:21:22,289 [WARN] ModelIntegratedComponent:63 - No mode defined for component null
2025-05-03 17:21:22,289 [WARN] ModelIntegratedComponent:63 - No mode defined for component null
2025-05-03 17:21:22,289 [WARN] ModelIntegratedComponent:63 - No mode defined for component null
2025-05-03 17:21:22,289 [WARN] ModelIntegratedComponent:63 - No mode defined for component null
2025-05-03 17:21:22,289 [WARN] ModelIntegratedComponent:63 - No mode defined for component null
2025-05-03 17:21:22,289 [WARN] ModelIntegratedComponent:63 - No mode defined for component null
2025-05-03 17:21:22,289 [WARN] ModelIntegratedComponent:63 - No mode defined for component null
2025-05-03 17:21:22,289 [WARN] ModelIntegratedComponent:63 - No mode defined for component null
2025-05-03 17:21:22,290 [WARN] ModelIntegratedComponent:63 - No mode defined for component null
2025-05-03 17:21:22,290 [WARN] ModelIntegratedComponent:63 - No mode defined for component null
2025-05-03 17:21:23,757 [INFO] ThirdPartyModel:298 - Start build external matchings
2025-05-03 17:21:24,973 [INFO] ThirdPartyModel:316 - End build external matchings
2025-05-03 17:21:25,042 [INFO] ImportTextPane:194 - (OptionalMessage_ERROR) IP (RCC) : Parameter (RTCHSEDivFreq_Value) has invalid value (12500000)
2025-05-03 17:21:26,096 [INFO] UtilMem:75 - End LoadConfig() Used Memory: 746151712 Bytes (880803840)
2025-05-03 17:21:26,295 [INFO] ApiDb:581 - Connected to CubeFinder SQLite database (/home/ziad/.stmcufinder/plugins/mcufinder/mcu/cube-finder-db.db)
2025-05-03 17:21:26,472 [INFO] ApiDb:668 - CubeFinder database Data Model version=2.1
2025-05-03 17:21:26,472 [INFO] ApiDb:669 - CubeFinder database Configuration version=3.0.39
2025-05-03 17:21:26,473 [INFO] ApiDb:670 - CubeFinder database generation date=2025-04-23 (1745419778)
2025-05-03 17:21:26,473 [INFO] ApiDb:671 - CubeFinder database FW Pack versions=[FP-ATR-ASTRA1_V2.0.0, FP-SNS-FLIGHT1_V5.1.0, FP-SNS-MOTENV1_V5.0.0, FP-SNS-MOTENVWB1_V1.4.0, FP-SNS-SMARTAG2_V1.2.0, FP-SNS-STBOX1_V2.0.0, STM32Cube_FW_C0_V1.4.0, STM32Cube_FW_F4_V1.28.1, STM32Cube_FW_F7_V1.17.2, STM32Cube_FW_G0_V1.6.2, STM32Cube_FW_G4_V1.6.1, STM32Cube_FW_H5_V1.5.0, STM32Cube_FW_H7RS_V1.2.0, STM32Cube_FW_H7_V1.12.1, STM32Cube_FW_L0_V1.12.2, STM32Cube_FW_L4_V1.18.1, STM32Cube_FW_L5_V1.5.1, STM32Cube_FW_N6_V1.1.1, STM32Cube_FW_U0_V1.2.0, STM32Cube_FW_U3_V1.1.0, STM32Cube_FW_U5_V1.7.0, STM32Cube_FW_WB0_V1.2.0, STM32Cube_FW_WBA_V1.6.0, STM32Cube_FW_WB_V1.22.0, STM32Cube_FW_WL3_V1.1.0, STM32Cube_FW_WL_V1.3.1, X-CUBE-ALGOBUILD_V1.4.0, X-CUBE-ALS_V1.0.2, X-CUBE-AZRTOS-F4_V1.1.0, X-CUBE-AZRTOS-F7_V1.1.0, X-CUBE-AZRTOS-G0_V1.1.0, X-CUBE-AZRTOS-G4_V2.0.0, X-CUBE-AZRTOS-H7RS_V1.1.0, X-CUBE-AZRTOS-H7_V3.3.0, X-CUBE-AZRTOS-L4_V2.0.0, X-CUBE-AZRTOS-L5_V2.0.0, X-CUBE-AZRTOS-WB_V2.0.0, X-CUBE-AZRTOS-WL_V2.0.0, X-CUBE-BLE1_V7.1.0, X-CUBE-BLE2_V3.3.0, X-CUBE-BLEMGR_V4.0.0, X-CUBE-EEPRMA1_V5.1.0, X-CUBE-FREERTOS_V1.3.0, X-CUBE-GNSS1_V6.0.0, X-CUBE-MEMS1_V11.2.0, X-CUBE-NFC4_V3.0.0, X-CUBE-NFC7_V1.0.1, X-CUBE-SFXS2LP1_V4.0.0, X-CUBE-SUBG2_V5.0.0, X-CUBE-TOF1_V3.4.3]
2025-05-03 17:21:29,557 [INFO] ApiDb:240 - Found 297 in-development CPN: [B-G473E-ZEST1S, B-WB1M-WPAN1, B-WL5M-SUBG1, NUCLEO-C031C6, NUCLEO-H503RB, NUCLEO-H563ZI, NUCLEO-U545RE-Q, NUCLEO-U5A5ZJ-Q, NUCLEO-WBA52CG, STEVAL-PROTEUS1, STEVAL-STWINBX1, STM320518-EVAL, STM32C0116-DK, STM32C011D6Y3TR, STM32C011D6Y6TR, STM32C011F4P3, STM32C011F4P6, STM32C011F4U3, STM32C011F4U6TR, STM32C011F6P3, STM32C011F6P6, STM32C011F6U3, STM32C011F6U6TR, STM32C011J4M3, STM32C011J4M6, STM32C011J6M3, STM32C011J6M6, STM32C0316-DK, STM32C031C4T3, STM32C031C4T6, STM32C031C4U3, STM32C031C4U6, STM32C031C6T3, STM32C031C6T6, STM32C031C6U3, STM32C031C6U6, STM32C031F4P3, STM32C031F4P6, STM32C031F6P3, STM32C031F6P6, STM32C031G4U3, STM32C031G4U6, STM32C031G6U3, STM32C031G6U6, STM32C031K4T3, STM32C031K4T6, STM32C031K4U3, STM32C031K4U6, STM32C031K6T3, STM32C031K6T6, STM32C031K6U3, STM32C031K6U6, STM32G071K8TXN, STM32G071K8UXN, STM32G081GBU6N, STM32G081KBT6N, STM32G081KBUXN, STM32G0B1CCT6N, STM32G0B1KCT6, STM32G0B1NEY6TR, STM32G0B1RCT6N, STM32G0C1CCT6, STM32G0C1CCT6N, STM32G0C1CCU6N, STM32G0C1CET6N, STM32G0C1CEU6N, STM32G0C1KCT6, STM32G0C1NEY6TR, STM32G0C1RCI6N, STM32G0C1RCT6N, STM32G0C1REI6N, STM32G0C1RET6N, STM32G0C1VCI6, STM32G0C1VEI6, STM32G471CCT6, STM32G471CCU6, STM32G471CET3, STM32G471CET6, STM32G471CEU3, STM32G471CEU6, STM32G471MCT6, STM32G471MET3, STM32G471MET6, STM32G471MEY6TR, STM32G471QCT6, STM32G471QET3, STM32G471RCT6, STM32G471RET3, STM32G471RET6, STM32G471VCH6, STM32G471VCI6, STM32G471VCT6, STM32G471VEH3, STM32G471VEH6, STM32G471VEI3, STM32G471VEI6, STM32G471VET3, STM32G471VET6, STM32G474CCT6, STM32H503CBT6, STM32H503CBU6, STM32H503EBY6TR, STM32H503KBU6, STM32H503RBT6, STM32H562AGI6, STM32H562AII6, STM32H562IGK6, STM32H562IGT6, STM32H562IIK6, STM32H562IIT6, STM32H562RGT6, STM32H562RGV6, STM32H562RIT6, STM32H562RIV6, STM32H562VGT6, STM32H562VIT6, STM32H562ZGT6, STM32H562ZIT6, STM32H563AGI6, STM32H563AII3Q, STM32H563AII6, STM32H563IGK6, STM32H563IGT6, STM32H563IIK3Q, STM32H563IIK6, STM32H563IIT3Q, STM32H563IIT6, STM32H563MIY3QTR, STM32H563RGT6, STM32H563RGV6, STM32H563RIT6, STM32H563RIV6, STM32H563VGT6, STM32H563VIT3Q, STM32H563VIT6, STM32H563ZGT6, STM32H563ZIT3Q, STM32H563ZIT6, STM32H573AII3Q, STM32H573AII6, STM32H573I-DK, STM32H573IIK3Q, STM32H573IIK6, STM32H573IIT3Q, STM32H573IIT6, STM32H573MIY3QTR, STM32H573RIT6, STM32H573RIV6, STM32H573VIT3Q, STM32H573VIT6, STM32H573ZIT3Q, STM32H573ZIT6, STM32L4R5QGI6STR, STM32MP131AAE3, STM32MP131AAF3, STM32MP131AAG3, STM32MP131CAE3, STM32MP131CAF3, STM32MP131CAG3, STM32MP131DAE7, STM32MP131DAF7, STM32MP131DAG7, STM32MP131FAE7, STM32MP131FAF7, STM32MP131FAG7, STM32MP133AAE3, STM32MP133AAF3, STM32MP133AAG3, STM32MP133CAE3, STM32MP133CAF3, STM32MP133CAG3, STM32MP133DAE7, STM32MP133DAF7, STM32MP133DAG7, STM32MP133FAE7, STM32MP133FAF7, STM32MP133FAG7, STM32MP135AAE3, STM32MP135AAF3, STM32MP135AAG3, STM32MP135CAE3, STM32MP135CAF3, STM32MP135CAG3, STM32MP135DAE7, STM32MP135DAF7, STM32MP135DAG7, STM32MP135F-DK, STM32MP135FAE7, STM32MP135FAF7, STM32MP135FAF7T, STM32MP135FAF7U, STM32MP135FAG7, STM32U535CBT6, STM32U535CBT6Q, STM32U535CBU6, STM32U535CBU6Q, STM32U535CCT6, STM32U535CCT6Q, STM32U535CCU6, STM32U535CCU6Q, STM32U535CET6, STM32U535CET6Q, STM32U535CEU6, STM32U535CEU6Q, STM32U535JEY6QTR, STM32U535NCY6QTR, STM32U535NEY6QTR, STM32U535RBI6, STM32U535RBI6Q, STM32U535RBT6, STM32U535RBT6Q, STM32U535RCI6, STM32U535RCI6Q, STM32U535RCT6, STM32U535RCT6Q, STM32U535REI6, STM32U535REI6Q, STM32U535RET6, STM32U535RET6Q, STM32U535VCI6, STM32U535VCI6Q, STM32U535VCT6, STM32U535VCT6Q, STM32U535VEI6, STM32U535VEI6Q, STM32U535VET6, STM32U535VET6Q, STM32U545CET6, STM32U545CET6Q, STM32U545CEU6, STM32U545CEU6Q, STM32U545JEY6QTR, STM32U545NEY6QTR, STM32U545REI6, STM32U545REI6Q, STM32U545RET6, STM32U545RET6Q, STM32U545VEI6, STM32U545VEI6Q, STM32U545VET6, STM32U545VET6Q, STM32U595AIH6, STM32U595AIH6Q, STM32U595AJH6, STM32U595AJH6Q, STM32U595QII6, STM32U595QII6Q, STM32U595QJI6, STM32U595QJI6Q, STM32U595RIT6, STM32U595RIT6Q, STM32U595RJT6, STM32U595RJT6Q, STM32U595VIT6, STM32U595VIT6Q, STM32U595VJT6, STM32U595VJT6Q, STM32U595ZIT6, STM32U595ZIT6Q, STM32U595ZIY6QTR, STM32U595ZJT6, STM32U595ZJT6Q, STM32U595ZJY6QTR, STM32U599BJY6QTR, STM32U599NIH6Q, STM32U599NJH6Q, STM32U599VIT6Q, STM32U599VJT6, STM32U599VJT6Q, STM32U599ZIT6Q, STM32U599ZIY6QTR, STM32U599ZJT6Q, STM32U599ZJY6QTR, STM32U5A5AJH6, STM32U5A5AJH6Q, STM32U5A5QJI6, STM32U5A5QJI6Q, STM32U5A5RJT6, STM32U5A5RJT6Q, STM32U5A5VJT6, STM32U5A5VJT6Q, STM32U5A5ZJT6, STM32U5A5ZJT6Q, STM32U5A5ZJY6QTR, STM32U5A9BJY6QTR, STM32U5A9J-DK, STM32U5A9NJH6Q, STM32U5A9VJT6Q, STM32U5A9ZJT6Q, STM32U5A9ZJY6QTR, STM32WB1MMCH6, STM32WBA52CEU6, STM32WBA52CEU6T, STM32WBA52CGU6, STM32WBA52CGU6T, STM32WL5MOCH6, STM32WL5MOCH6TR]
2025-05-03 17:21:29,563 [INFO] DbMcus:216 - Found 4635 MCUs, 4635 are supported
2025-05-03 17:21:29,566 [INFO] ApiDb:423 - Load user favorites file /home/ziad/.stm32cubeide/favorites.mcus.txt: 2 item(s)
2025-05-03 17:21:29,567 [INFO] ApiDb:427 - User favorites MCUs=[STM32F103C8T6, STM32F405RGT6]
2025-05-03 17:21:29,567 [INFO] DbMcus:222 - Set 2 / 2 favorites MCUs
2025-05-03 17:21:30,523 [WARN] ThirdParty:833 - waiting for thirdparty lock release [change project]
2025-05-03 17:21:30,523 [INFO] ThirdParty:835 - entering critical section [change project]
2025-05-03 17:21:30,524 [INFO] ThirdParty:1030 - CMSIS Pack Vendor :STMicroelectronics X-CUBE-AZRTOS-H7 3.3.0
2025-05-03 17:21:30,524 [INFO] ThirdParty:1030 - CMSIS Pack Vendor :STMicroelectronics X-CUBE-NFC9 1.0.0
2025-05-03 17:21:30,524 [INFO] ThirdParty:1030 - CMSIS Pack Vendor :STMicroelectronics USB_HOST 2.0.0
2025-05-03 17:21:30,524 [INFO] ThirdParty:1030 - CMSIS Pack Vendor :STMicroelectronics FP-SNS-MOTENVWB1 1.4.0
2025-05-03 17:21:30,524 [INFO] ThirdParty:1030 - CMSIS Pack Vendor :STMicroelectronics X-CUBE-AZRTOS-F4 1.1.0
2025-05-03 17:21:30,524 [INFO] ThirdParty:1030 - CMSIS Pack Vendor :STMicroelectronics LIBJPEG 8.0.0
2025-05-03 17:21:30,524 [INFO] ThirdParty:1030 - CMSIS Pack Vendor :STMicroelectronics FP-ATR-ASTRA1 2.0.2
2025-05-03 17:21:30,524 [INFO] ThirdParty:1030 - CMSIS Pack Vendor :STMicroelectronics FP-ATR-ASTRA1 2.0.1
2025-05-03 17:21:30,524 [INFO] ThirdParty:1030 - CMSIS Pack Vendor :STMicroelectronics X-CUBE-BLE1 7.1.0
2025-05-03 17:21:30,525 [INFO] ThirdParty:1030 - CMSIS Pack Vendor :STMicroelectronics X-CUBE-SMBUS 2.1.0
2025-05-03 17:21:30,525 [INFO] ThirdParty:1030 - CMSIS Pack Vendor :STMicroelectronics X-CUBE-WB05N 1.1.0
2025-05-03 17:21:30,525 [INFO] ThirdParty:1030 - CMSIS Pack Vendor :STMicroelectronics USB_DEVICE 3.0.0
2025-05-03 17:21:30,525 [INFO] ThirdParty:1030 - CMSIS Pack Vendor :STMicroelectronics X-CUBE-ISPU 2.1.0
2025-05-03 17:21:30,525 [INFO] ThirdParty:1030 - CMSIS Pack Vendor :STMicroelectronics X-CUBE-AZRTOS-WB 2.0.0
2025-05-03 17:21:30,525 [INFO] ThirdParty:1030 - CMSIS Pack Vendor :STMicroelectronics X-CUBE-GNSS1 7.0.1
2025-05-03 17:21:30,525 [INFO] ThirdParty:1030 - CMSIS Pack Vendor :STMicroelectronics X-CUBE-AZRTOS-F7 1.1.0
2025-05-03 17:21:30,525 [INFO] ThirdParty:1030 - CMSIS Pack Vendor :STMicroelectronics X-CUBE-AZRTOS-L5 2.0.0
2025-05-03 17:21:30,525 [INFO] ThirdParty:1030 - CMSIS Pack Vendor :STMicroelectronics X-CUBE-TOUCHGFX 4.25.0
2025-05-03 17:21:30,525 [INFO] ThirdParty:1030 - CMSIS Pack Vendor :STMicroelectronics USB_DEVICE 2.0.0
2025-05-03 17:21:30,525 [INFO] ThirdParty:1030 - CMSIS Pack Vendor :STMicroelectronics X-CUBE-NFC6 3.1.0
2025-05-03 17:21:30,525 [INFO] ThirdParty:1030 - CMSIS Pack Vendor :STMicroelectronics X-CUBE-MEMS1 11.2.0
2025-05-03 17:21:30,526 [INFO] ThirdParty:1030 - CMSIS Pack Vendor :STMicroelectronics FreeRTOS 0.0.1
2025-05-03 17:21:30,526 [INFO] ThirdParty:1030 - CMSIS Pack Vendor :STMicroelectronics X-CUBE-AZRTOS-G0 1.1.0
2025-05-03 17:21:30,526 [INFO] ThirdParty:1030 - CMSIS Pack Vendor :STMicroelectronics X-CUBE-SAFEA1 1.2.2
2025-05-03 17:21:30,526 [INFO] ThirdParty:1030 - CMSIS Pack Vendor :STMicroelectronics X-CUBE-NFC4 3.0.0
2025-05-03 17:21:30,526 [INFO] ThirdParty:1030 - CMSIS Pack Vendor :STMicroelectronics X-CUBE-SUBG2 5.0.0
2025-05-03 17:21:30,526 [INFO] ThirdParty:1030 - CMSIS Pack Vendor :STMicroelectronics X-CUBE-AZRTOS-H7RS 1.1.0
2025-05-03 17:21:30,526 [INFO] ThirdParty:1030 - CMSIS Pack Vendor :STMicroelectronics STM32_WPAN 1.0.0
2025-05-03 17:21:30,526 [INFO] ThirdParty:1030 - CMSIS Pack Vendor :STMicroelectronics lwIP 2.0.3
2025-05-03 17:21:30,527 [INFO] ThirdParty:1030 - CMSIS Pack Vendor :STMicroelectronics FP-SNS-FLIGHT1 5.0.2
2025-05-03 17:21:30,527 [INFO] ThirdParty:1030 - CMSIS Pack Vendor :Cesanta I-CUBE-Mongoose 7.13.0
2025-05-03 17:21:30,527 [INFO] ThirdParty:1030 - CMSIS Pack Vendor :STMicroelectronics USB_HOST 1.0.0
2025-05-03 17:21:30,527 [INFO] ThirdParty:1030 - CMSIS Pack Vendor :STMicroelectronics X-CUBE-AZRTOS-G4 2.0.0
2025-05-03 17:21:30,527 [INFO] ThirdParty:1030 - CMSIS Pack Vendor :STMicroelectronics X-CUBE-WB05N 2.0.0
2025-05-03 17:21:30,527 [INFO] ThirdParty:1030 - CMSIS Pack Vendor :STMicroelectronics PDM2PCM 3.1.0
2025-05-03 17:21:30,528 [INFO] ThirdParty:1030 - CMSIS Pack Vendor :STMicroelectronics PDM2PCM 3.3.0
2025-05-03 17:21:30,528 [INFO] ThirdParty:1030 - CMSIS Pack Vendor :STMicroelectronics X-CUBE-DISPLAY 3.0.0
2025-05-03 17:21:30,528 [INFO] ThirdParty:1030 - CMSIS Pack Vendor :STMicroelectronics X-CUBE-NFC7 2.0.0
2025-05-03 17:21:30,528 [INFO] ThirdParty:1030 - CMSIS Pack Vendor :STMicroelectronics X-CUBE-BLE1 7.0.0
2025-05-03 17:21:30,529 [INFO] ThirdParty:1030 - CMSIS Pack Vendor :STMicroelectronics FP-ATR-SIGFOX1 3.2.0
2025-05-03 17:21:30,529 [INFO] ThirdParty:1030 - CMSIS Pack Vendor :STMicroelectronics X-CUBE-NFC10 1.0.0
2025-05-03 17:21:30,529 [INFO] ThirdParty:1030 - CMSIS Pack Vendor :STMicroelectronics X-CUBE-EEPRMA1 5.1.0
2025-05-03 17:21:30,529 [INFO] ThirdParty:1030 - CMSIS Pack Vendor :STMicroelectronics HAL Drivers 0.0.0
2025-05-03 17:21:30,529 [INFO] ThirdParty:1030 - CMSIS Pack Vendor :STMicroelectronics MBEDTLS 2.16.2
2025-05-03 17:21:30,529 [INFO] ThirdParty:1030 - CMSIS Pack Vendor :STMicroelectronics X-CUBE-ALS 1.0.2
2025-05-03 17:21:30,529 [INFO] ThirdParty:1030 - CMSIS Pack Vendor :emotas I-CUBE-CANOPEN 1.3.0
2025-05-03 17:21:30,529 [INFO] ThirdParty:1030 - CMSIS Pack Vendor :STMicroelectronics X-CUBE-FREERTOS 1.3.0
2025-05-03 17:21:30,529 [INFO] ThirdParty:1030 - CMSIS Pack Vendor :STMicroelectronics X-CUBE-NFC7 1.0.1
2025-05-03 17:21:30,529 [INFO] ThirdParty:1030 - CMSIS Pack Vendor :STMicroelectronics MBEDTLS 2.14.1
2025-05-03 17:21:30,530 [INFO] ThirdParty:1030 - CMSIS Pack Vendor :wolfSSL I-CUBE-wolfSSL 5.7.6
2025-05-03 17:21:30,530 [INFO] ThirdParty:1030 - CMSIS Pack Vendor :ITTIA_DB I-CUBE-ITTIADB 8.9.0
2025-05-03 17:21:30,530 [INFO] ThirdParty:1030 - CMSIS Pack Vendor :STMicroelectronics X-CUBE-TOUCHGFX 4.24.2
2025-05-03 17:21:30,530 [INFO] ThirdParty:1030 - CMSIS Pack Vendor :wolfSSL I-CUBE-wolfTPM 3.4.0
2025-05-03 17:21:30,530 [INFO] ThirdParty:1030 - CMSIS Pack Vendor :portGmbH I-Cube-SoM-uGOAL 1.1.0
2025-05-03 17:21:30,530 [INFO] ThirdParty:1030 - CMSIS Pack Vendor :STMicroelectronics X-CUBE-AI 10.0.0
2025-05-03 17:21:30,530 [INFO] ThirdParty:1030 - CMSIS Pack Vendor :STMicroelectronics ThreadX 1.0.0
2025-05-03 17:21:30,530 [INFO] ThirdParty:1030 - CMSIS Pack Vendor :STMicroelectronics FP-SNS-SMARTAG2 1.2.0
2025-05-03 17:21:30,530 [INFO] ThirdParty:1030 - CMSIS Pack Vendor :STMicroelectronics X-CUBE-MEMS1 11.1.0
2025-05-03 17:21:30,530 [INFO] ThirdParty:1030 - CMSIS Pack Vendor :STMicroelectronics X-CUBE-AZRTOS-WL 2.0.0
2025-05-03 17:21:30,530 [INFO] ThirdParty:1030 - CMSIS Pack Vendor :SEGGER I-CUBE-embOS 1.3.1
2025-05-03 17:21:30,530 [INFO] ThirdParty:1030 - CMSIS Pack Vendor :STMicroelectronics X-CUBE-ALGOBUILD 1.4.0
2025-05-03 17:21:30,531 [INFO] ThirdParty:1030 - CMSIS Pack Vendor :STMicroelectronics FP-SNS-MOTENV1 5.0.0
2025-05-03 17:21:30,531 [INFO] ThirdParty:1030 - CMSIS Pack Vendor :STMicroelectronics USB_DEVICE 1.0.0
2025-05-03 17:21:30,531 [INFO] ThirdParty:1030 - CMSIS Pack Vendor :STMicroelectronics X-CUBE-AZRTOS-H7RS 1.0.0
2025-05-03 17:21:30,531 [INFO] ThirdParty:1030 - CMSIS Pack Vendor :wolfSSL I-CUBE-wolfMQTT 1.19.0
2025-05-03 17:21:30,531 [INFO] ThirdParty:1030 - CMSIS Pack Vendor :STMicroelectronics X-CUBE-AZRTOS-L4 2.0.0
2025-05-03 17:21:30,531 [INFO] ThirdParty:1030 - CMSIS Pack Vendor :STMicroelectronics ThreadX 0.0.2
2025-05-03 17:21:30,531 [INFO] ThirdParty:1030 - CMSIS Pack Vendor :WES I-CUBE-Cesium 1.3.0
2025-05-03 17:21:30,531 [INFO] ThirdParty:1030 - CMSIS Pack Vendor :STMicroelectronics lwIP 2.1.2
2025-05-03 17:21:30,531 [INFO] ThirdParty:1030 - CMSIS Pack Vendor :STMicroelectronics X-CUBE-SFXS2LP1 4.0.0
2025-05-03 17:21:30,531 [INFO] ThirdParty:1030 - CMSIS Pack Vendor :STMicroelectronics X-CUBE-BLE2 3.3.0
2025-05-03 17:21:30,531 [INFO] ThirdParty:1030 - CMSIS Pack Vendor :STMicroelectronics PDM2PCM 3.2.0
2025-05-03 17:21:30,531 [INFO] ThirdParty:1030 - CMSIS Pack Vendor :wolfSSL I-CUBE-wolfSSH 1.4.17
2025-05-03 17:21:30,532 [INFO] ThirdParty:841 - exiting critical section [change project]
2025-05-03 17:21:31,434 [INFO] PinOutPanel:1499 - setPackage(No Configuration,No Configuration)
2025-05-03 17:21:31,436 [INFO] PinOutPanel:1499 - setPackage(STM32F405RGTx,LQFP64)
2025-05-03 17:21:32,200 [INFO] UtilMem:75 - Before build in PCC Used Memory: 666070016 Bytes (880803840)
2025-05-03 17:21:34,782 [INFO] UtilMem:75 - After build in PCC Used Memory: 771882256 Bytes (880803840)
2025-05-03 17:21:34,909 [INFO] IPUIPlugin:80 - create IPUIPlugin
2025-05-03 17:21:34,909 [INFO] IPUIPlugin:80 - create IPUIPlugin
2025-05-03 17:21:34,909 [INFO] IPUIPlugin:80 - create IPUIPlugin
2025-05-03 17:21:34,909 [INFO] IPUIPlugin:80 - create IPUIPlugin
2025-05-03 17:21:34,909 [INFO] IPUIPlugin:80 - create IPUIPlugin
2025-05-03 17:21:34,910 [INFO] IPUIPlugin:80 - create IPUIPlugin
2025-05-03 17:21:34,910 [INFO] IPUIPlugin:80 - create IPUIPlugin
2025-05-03 17:21:34,910 [INFO] IPUIPlugin:80 - create IPUIPlugin
2025-05-03 17:21:34,910 [INFO] IPUIPlugin:80 - create IPUIPlugin
2025-05-03 17:21:34,911 [INFO] IPUIPlugin:80 - create IPUIPlugin
2025-05-03 17:21:34,915 [INFO] IPUIPlugin:80 - create IPUIPlugin
2025-05-03 17:21:34,915 [INFO] IPUIPlugin:80 - create IPUIPlugin
2025-05-03 17:21:34,915 [INFO] IPUIPlugin:80 - create IPUIPlugin
2025-05-03 17:21:34,916 [INFO] IPUIPlugin:80 - create IPUIPlugin
2025-05-03 17:21:34,916 [INFO] IPUIPlugin:80 - create IPUIPlugin
2025-05-03 17:21:34,916 [INFO] IPUIPlugin:80 - create IPUIPlugin
2025-05-03 17:21:34,916 [INFO] IPUIPlugin:80 - create IPUIPlugin
2025-05-03 17:21:34,917 [INFO] IPUIPlugin:80 - create IPUIPlugin
2025-05-03 17:21:34,917 [INFO] IPUIPlugin:80 - create IPUIPlugin
2025-05-03 17:21:34,917 [INFO] IPUIPlugin:80 - create IPUIPlugin
2025-05-03 17:21:34,918 [INFO] IPUIPlugin:80 - create IPUIPlugin
2025-05-03 17:21:34,921 [INFO] IPUIPlugin:80 - create IPUIPlugin
2025-05-03 17:21:34,922 [INFO] IPUIPlugin:80 - create IPUIPlugin
2025-05-03 17:21:34,922 [INFO] IPUIPlugin:80 - create IPUIPlugin
2025-05-03 17:21:34,922 [INFO] IPUIPlugin:80 - create IPUIPlugin
2025-05-03 17:21:34,923 [INFO] IPUIPlugin:80 - create IPUIPlugin
2025-05-03 17:21:34,923 [INFO] IPUIPlugin:80 - create IPUIPlugin
2025-05-03 17:21:34,923 [INFO] IPUIPlugin:80 - create IPUIPlugin
2025-05-03 17:21:34,929 [INFO] IPUIPlugin:80 - create IPUIPlugin
2025-05-03 17:21:34,930 [INFO] IPUIPlugin:80 - create IPUIPlugin
2025-05-03 17:21:34,930 [INFO] IPUIPlugin:80 - create IPUIPlugin
2025-05-03 17:21:34,931 [INFO] IPUIPlugin:80 - create IPUIPlugin
2025-05-03 17:21:34,931 [INFO] IPUIPlugin:80 - create IPUIPlugin
2025-05-03 17:21:34,931 [INFO] IPUIPlugin:80 - create IPUIPlugin
2025-05-03 17:21:34,931 [INFO] IPUIPlugin:80 - create IPUIPlugin
2025-05-03 17:21:34,935 [INFO] IPUIPlugin:80 - create IPUIPlugin
2025-05-03 17:21:34,936 [INFO] IPUIPlugin:80 - create IPUIPlugin
2025-05-03 17:21:34,937 [INFO] IPUIPlugin:80 - create IPUIPlugin
2025-05-03 17:21:34,937 [INFO] IPUIPlugin:80 - create IPUIPlugin
2025-05-03 17:21:34,937 [INFO] IPUIPlugin:80 - create IPUIPlugin
2025-05-03 17:21:34,941 [INFO] IPUIPlugin:80 - create IPUIPlugin
2025-05-03 17:21:34,942 [INFO] IPUIPlugin:80 - create IPUIPlugin
2025-05-03 17:21:34,946 [INFO] IPUIPlugin:80 - create IPUIPlugin
2025-05-03 17:21:34,946 [INFO] IPUIPlugin:80 - create IPUIPlugin
2025-05-03 17:21:34,947 [INFO] IPUIPlugin:80 - create IPUIPlugin
2025-05-03 17:21:34,947 [INFO] IPUIPlugin:80 - create IPUIPlugin
2025-05-03 17:21:34,948 [INFO] IPUIPlugin:80 - create IPUIPlugin
2025-05-03 17:21:34,948 [INFO] IPUIPlugin:80 - create IPUIPlugin
2025-05-03 17:21:34,949 [INFO] IPUIPlugin:80 - create IPUIPlugin
2025-05-03 17:21:34,950 [INFO] IPUIPlugin:80 - create IPUIPlugin
2025-05-03 17:21:34,950 [INFO] IPUIPlugin:80 - create IPUIPlugin
2025-05-03 17:21:34,951 [INFO] IPUIPlugin:80 - create IPUIPlugin
2025-05-03 17:21:34,952 [INFO] IPUIPlugin:80 - create IPUIPlugin
2025-05-03 17:21:34,954 [INFO] IPUIPlugin:80 - create IPUIPlugin
2025-05-03 17:21:35,128 [INFO] ApiDbMcu:507 - Load IP Config File for PDM2PCM
2025-05-03 17:21:35,620 [INFO] CADModel:165 - CPN selected for project levelSTM32F405RGT6
2025-05-03 17:21:35,620 [INFO] CADModel:114 - Register for checkConnection events
2025-05-03 17:21:35,667 [INFO] OpenFileManager:328 - Restore cursor
2025-05-03 17:23:23,731 [INFO] UtilMem:75 - End SaveConfig() Used Memory: 782349168 Bytes (880803840)
2025-05-03 17:23:23,890 [INFO] UtilMem:75 - End SaveConfig() Used Memory: 664522992 Bytes (880803840)
2025-05-03 17:23:24,463 [INFO] UtilMem:75 - End SaveConfig() Used Memory: 697551088 Bytes (880803840)
2025-05-03 17:23:25,599 [INFO] BlockDiagram:2759 - set Specific Code input for plugin: RCC
2025-05-03 17:23:25,600 [INFO] BlockDiagram:2759 - set Specific Code input for plugin: NVIC
2025-05-03 17:23:25,600 [INFO] BlockDiagram:2759 - set Specific Code input for plugin: USART
2025-05-03 17:23:25,601 [INFO] BlockDiagram:2759 - set Specific Code input for plugin: GPIO
2025-05-03 17:23:25,603 [INFO] CodeGenerator:793 - code generatio: config db path: /app/stm32cubeide/plugins/com.st.stm32cube.common.mx_6.8.0.202302231600//db/
2025-05-03 17:23:26,458 [INFO] CodeEngine:255 - oldGeneratedFile, /home/ziad/Ziad_WS/sarcoos_project/code/stm32f405RGT6/stm32f405rgt6/MXTmpFiles/license.tmp_save
2025-05-03 17:23:27,610 [INFO] CodeEngine:279 - Generated code: /home/ziad/Ziad_WS/sarcoos_project/code/stm32f405RGT6/stm32f405rgt6/MXTmpFiles/license.tmp
2025-05-03 17:23:27,670 [INFO] CodeEngine:255 - oldGeneratedFile, /home/ziad/Ziad_WS/sarcoos_project/code/stm32f405RGT6/stm32f405rgt6/MXTmpFiles/gpio.tmp_save
2025-05-03 17:23:27,903 [INFO] CodeEngine:279 - Generated code: /home/ziad/Ziad_WS/sarcoos_project/code/stm32f405RGT6/stm32f405rgt6/MXTmpFiles/gpio.tmp
2025-05-03 17:23:27,981 [INFO] CodeEngine:255 - oldGeneratedFile, /home/ziad/Ziad_WS/sarcoos_project/code/stm32f405RGT6/stm32f405rgt6/Core/Src/stm32f4xx_it.c_save
2025-05-03 17:23:28,263 [INFO] CodeEngine:279 - Generated code: /home/ziad/Ziad_WS/sarcoos_project/code/stm32f405RGT6/stm32f405rgt6/Core/Src/stm32f4xx_it.c
2025-05-03 17:23:28,267 [INFO] CodeEngine:255 - oldGeneratedFile, /home/ziad/Ziad_WS/sarcoos_project/code/stm32f405RGT6/stm32f405rgt6/Core/Inc/stm32f4xx_it.h_save
2025-05-03 17:23:28,413 [INFO] CodeEngine:279 - Generated code: /home/ziad/Ziad_WS/sarcoos_project/code/stm32f405RGT6/stm32f405rgt6/Core/Inc/stm32f4xx_it.h
2025-05-03 17:23:28,436 [INFO] CodeEngine:255 - oldGeneratedFile, /home/ziad/Ziad_WS/sarcoos_project/code/stm32f405RGT6/stm32f405rgt6/Core/Src/stm32f4xx_hal_msp.c_save
2025-05-03 17:23:28,676 [INFO] CodeEngine:279 - Generated code: /home/ziad/Ziad_WS/sarcoos_project/code/stm32f405RGT6/stm32f405rgt6/Core/Src/stm32f4xx_hal_msp.c
2025-05-03 17:23:28,680 [INFO] CodeEngine:255 - oldGeneratedFile, /home/ziad/Ziad_WS/sarcoos_project/code/stm32f405RGT6/stm32f405rgt6/MXTmpFiles/system.tmp_save
2025-05-03 17:23:28,823 [INFO] CodeEngine:279 - Generated code: /home/ziad/Ziad_WS/sarcoos_project/code/stm32f405RGT6/stm32f405rgt6/MXTmpFiles/system.tmp
2025-05-03 17:23:28,833 [INFO] CodeEngine:311 - oldGeneratedFile, /home/ziad/Ziad_WS/sarcoos_project/code/stm32f405RGT6/stm32f405rgt6/Core/Inc/stm32f4xx_hal_conf.h_save
2025-05-03 17:23:29,053 [INFO] CodeEngine:335 - Generated code: /home/ziad/Ziad_WS/sarcoos_project/code/stm32f405RGT6/stm32f405rgt6/Core/Inc/stm32f4xx_hal_conf.h
2025-05-03 17:23:29,120 [INFO] CodeEngine:255 - oldGeneratedFile, /home/ziad/Ziad_WS/sarcoos_project/code/stm32f405RGT6/stm32f405rgt6/Core/Inc/main.h_save
2025-05-03 17:23:29,314 [INFO] CodeEngine:279 - Generated code: /home/ziad/Ziad_WS/sarcoos_project/code/stm32f405RGT6/stm32f405rgt6/Core/Inc/main.h
2025-05-03 17:23:29,317 [INFO] CodeEngine:255 - oldGeneratedFile, /home/ziad/Ziad_WS/sarcoos_project/code/stm32f405RGT6/stm32f405rgt6/Core/Src/main.c_save
2025-05-03 17:23:29,542 [INFO] CodeEngine:279 - Generated code: /home/ziad/Ziad_WS/sarcoos_project/code/stm32f405RGT6/stm32f405rgt6/Core/Src/main.c
2025-05-03 17:23:30,475 [INFO] ProjectBuilder:2996 - Time for Copy HAL[1] : 81mS.
2025-05-03 17:23:30,493 [INFO] ProjectBuilder:4304 - Project Generator version: 3.19.2
2025-05-03 17:23:31,780 [INFO] ConfigFileManager:1483 - The Die is : DIE413
2025-05-03 17:23:31,794 [INFO] ApiDbMcu:507 - Load IP Config File for FATFS
2025-05-03 17:23:31,820 [INFO] ApiDbMcu:507 - Load IP Config File for FREERTOS
2025-05-03 17:23:31,827 [INFO] ApiDbMcu:507 - Load IP Config File for LIBJPEG
2025-05-03 17:23:31,844 [INFO] ApiDbMcu:507 - Load IP Config File for MBEDTLS
2025-05-03 17:23:31,923 [INFO] ApiDbMcu:507 - Load IP Config File for USB_DEVICE
2025-05-03 17:23:31,933 [INFO] ApiDbMcu:507 - Load IP Config File for USB_HOST
2025-05-03 17:23:33,467 [INFO] LogOutputStream:77 - [STDOUT_REDIRECT] 
2025-05-03 17:23:35,535 [INFO] ProjectBuilder:4505 - Time for Generating toolchain IDE Files: 5041mS.
2025-05-03 17:23:35,535 [INFO] ProjectBuilder:2867 - Time for Copy CMSIS : 0mS.
2025-05-03 17:23:35,543 [INFO] ProjectBuilder:2867 - Time for Copy CMSIS : 0mS.
2025-05-03 17:30:50,980 [INFO] MainUpdater:2854 - connection check result : 10
2025-05-03 17:30:50,981 [INFO] MainUpdater:2854 - connection check result : 10
2025-05-03 17:30:51,024 [INFO] MicroXplorer:468 - Change Database Path : 
2025-05-03 17:30:51,025 [INFO] MicroXplorer:498 - Change Database Version : DB.6.0.80
2025-05-03 17:30:51,080 [WARN] ThirdParty:871 - waiting for thirdparty lock release [close project]
2025-05-03 17:30:51,080 [INFO] ThirdParty:873 - entering critical section [close project]
2025-05-03 17:30:51,080 [INFO] ThirdParty:883 - exiting critical section [close project]
2025-05-03 17:30:51,084 [INFO] PinOutPanel:1499 - setPackage(No Configuration,No Configuration)
2025-05-03 17:30:51,095 [WARN] IpParametersView:150 - Warning: This peripheral hasn't parameters
2025-05-03 17:30:51,102 [WARN] MainPanel:257 - <html><b><center>Warning: This peripheral has no parameters to be configured<br></b></html>
2025-05-03 17:30:51,116 [INFO] UtilMem:75 - Begin LoadConfig() Used Memory: 518680064 Bytes (924844032)
2025-05-03 17:30:51,117 [INFO] MicroXplorer:468 - Change Database Path : 
2025-05-03 17:30:51,117 [INFO] MicroXplorer:498 - Change Database Version : DB.6.0.80
2025-05-03 17:30:51,118 [INFO] OpenFileManager:308 - Change cursor
2025-05-03 17:30:51,148 [INFO] RulesReader:64 - Compatibility file has been processed (293 Rules)
2025-05-03 17:30:51,153 [INFO] Mcu:1937 - Initializing MCU STM32F405RGTx STM32F405RGTx STM32F405RGT6
2025-05-03 17:30:53,172 [INFO] Context:659 - Trying to add GPIOservice into a context  which must be forbidden
2025-05-03 17:30:54,042 [INFO] RtosManager:555 - Registered RTOS mode: class=CMSIS, group=RTOS, mode=CMSIS_V1, owner=FREERTOS
2025-05-03 17:30:54,042 [INFO] RtosManager:555 - Registered RTOS mode: class=CMSIS, group=RTOS2, mode=CMSIS_V2, owner=FREERTOS
2025-05-03 17:30:54,043 [INFO] RtosManager:555 - Registered RTOS mode: class=RTOS, group=Core, mode=CMSIS_V1, owner=FREERTOS
2025-05-03 17:30:54,043 [INFO] RtosManager:555 - Registered RTOS mode: class=RTOS, group=Core, mode=CMSIS_V2, owner=FREERTOS
2025-05-03 17:30:54,043 [WARN] ModelIntegratedComponent:184 - Missing modes for component STMicroelectronics:FreeRTOS:0.0.1:STMicroelectronics:RTOS:FreeRTOS:Core:::10.2.0:
2025-05-03 17:30:54,062 [WARN] ModelIntegratedComponent:63 - No mode defined for component null
2025-05-03 17:30:54,062 [WARN] ModelIntegratedComponent:63 - No mode defined for component null
2025-05-03 17:30:54,063 [WARN] ModelIntegratedComponent:63 - No mode defined for component null
2025-05-03 17:30:54,063 [WARN] ModelIntegratedComponent:63 - No mode defined for component null
2025-05-03 17:30:54,063 [WARN] ModelIntegratedComponent:63 - No mode defined for component null
2025-05-03 17:30:54,063 [WARN] ModelIntegratedComponent:63 - No mode defined for component null
2025-05-03 17:30:54,063 [WARN] ModelIntegratedComponent:63 - No mode defined for component null
2025-05-03 17:30:54,063 [WARN] ModelIntegratedComponent:63 - No mode defined for component null
2025-05-03 17:30:54,063 [WARN] ModelIntegratedComponent:63 - No mode defined for component null
2025-05-03 17:30:54,063 [WARN] ModelIntegratedComponent:63 - No mode defined for component null
2025-05-03 17:30:54,063 [WARN] ModelIntegratedComponent:63 - No mode defined for component null
2025-05-03 17:30:54,063 [WARN] ModelIntegratedComponent:63 - No mode defined for component null
2025-05-03 17:30:54,063 [WARN] ModelIntegratedComponent:63 - No mode defined for component null
2025-05-03 17:30:54,063 [WARN] ModelIntegratedComponent:63 - No mode defined for component null
2025-05-03 17:30:54,063 [WARN] ModelIntegratedComponent:63 - No mode defined for component null
2025-05-03 17:30:54,063 [WARN] ModelIntegratedComponent:63 - No mode defined for component null
2025-05-03 17:30:54,064 [WARN] ModelIntegratedComponent:63 - No mode defined for component null
2025-05-03 17:30:54,064 [WARN] ModelIntegratedComponent:63 - No mode defined for component null
2025-05-03 17:30:54,064 [WARN] ModelIntegratedComponent:63 - No mode defined for component null
2025-05-03 17:30:54,064 [WARN] ModelIntegratedComponent:63 - No mode defined for component null
2025-05-03 17:30:54,064 [WARN] ModelIntegratedComponent:63 - No mode defined for component null
2025-05-03 17:30:54,064 [WARN] ModelIntegratedComponent:63 - No mode defined for component null
2025-05-03 17:30:54,064 [WARN] ModelIntegratedComponent:63 - No mode defined for component null
2025-05-03 17:30:54,064 [WARN] ModelIntegratedComponent:63 - No mode defined for component null
2025-05-03 17:30:54,064 [WARN] ModelIntegratedComponent:63 - No mode defined for component null
2025-05-03 17:30:54,064 [WARN] ModelIntegratedComponent:63 - No mode defined for component null
2025-05-03 17:30:54,064 [WARN] ModelIntegratedComponent:63 - No mode defined for component null
2025-05-03 17:30:54,064 [WARN] ModelIntegratedComponent:63 - No mode defined for component null
2025-05-03 17:30:54,064 [WARN] ModelIntegratedComponent:63 - No mode defined for component null
2025-05-03 17:30:54,064 [WARN] ModelIntegratedComponent:63 - No mode defined for component null
2025-05-03 17:30:54,065 [WARN] ModelIntegratedComponent:63 - No mode defined for component null
2025-05-03 17:30:54,065 [WARN] ModelIntegratedComponent:63 - No mode defined for component null
2025-05-03 17:30:54,065 [WARN] ModelIntegratedComponent:63 - No mode defined for component null
2025-05-03 17:30:54,256 [INFO] ThirdPartyModel:298 - Start build external matchings
2025-05-03 17:30:55,181 [INFO] ThirdPartyModel:316 - End build external matchings
2025-05-03 17:30:55,194 [INFO] ImportTextPane:194 - (OptionalMessage_ERROR) IP (RCC) : Parameter (48MHZClocksFreq_Value) has invalid value (84000000)
2025-05-03 17:30:55,195 [INFO] ImportTextPane:194 - (OptionalMessage_ERROR) IP (RCC) : Parameter (RTCHSEDivFreq_Value) has invalid value (12500000)
2025-05-03 17:30:55,438 [INFO] UtilMem:75 - End LoadConfig() Used Memory: 333390448 Bytes (924844032)
2025-05-03 17:30:55,460 [WARN] ThirdParty:833 - waiting for thirdparty lock release [change project]
2025-05-03 17:30:55,460 [INFO] ThirdParty:835 - entering critical section [change project]
2025-05-03 17:30:55,460 [INFO] ThirdParty:1030 - CMSIS Pack Vendor :STMicroelectronics X-CUBE-AZRTOS-H7 3.3.0
2025-05-03 17:30:55,460 [INFO] ThirdParty:1030 - CMSIS Pack Vendor :STMicroelectronics X-CUBE-NFC9 1.0.0
2025-05-03 17:30:55,460 [INFO] ThirdParty:1030 - CMSIS Pack Vendor :STMicroelectronics USB_HOST 2.0.0
2025-05-03 17:30:55,460 [INFO] ThirdParty:1030 - CMSIS Pack Vendor :STMicroelectronics FP-SNS-MOTENVWB1 1.4.0
2025-05-03 17:30:55,460 [INFO] ThirdParty:1030 - CMSIS Pack Vendor :STMicroelectronics X-CUBE-AZRTOS-F4 1.1.0
2025-05-03 17:30:55,460 [INFO] ThirdParty:1030 - CMSIS Pack Vendor :STMicroelectronics LIBJPEG 8.0.0
2025-05-03 17:30:55,461 [INFO] ThirdParty:1030 - CMSIS Pack Vendor :STMicroelectronics FP-ATR-ASTRA1 2.0.2
2025-05-03 17:30:55,461 [INFO] ThirdParty:1030 - CMSIS Pack Vendor :STMicroelectronics FP-ATR-ASTRA1 2.0.1
2025-05-03 17:30:55,461 [INFO] ThirdParty:1030 - CMSIS Pack Vendor :STMicroelectronics X-CUBE-BLE1 7.1.0
2025-05-03 17:30:55,461 [INFO] ThirdParty:1030 - CMSIS Pack Vendor :STMicroelectronics X-CUBE-SMBUS 2.1.0
2025-05-03 17:30:55,461 [INFO] ThirdParty:1030 - CMSIS Pack Vendor :STMicroelectronics X-CUBE-WB05N 1.1.0
2025-05-03 17:30:55,461 [INFO] ThirdParty:1030 - CMSIS Pack Vendor :STMicroelectronics USB_DEVICE 3.0.0
2025-05-03 17:30:55,461 [INFO] ThirdParty:1030 - CMSIS Pack Vendor :STMicroelectronics X-CUBE-ISPU 2.1.0
2025-05-03 17:30:55,461 [INFO] ThirdParty:1030 - CMSIS Pack Vendor :STMicroelectronics X-CUBE-AZRTOS-WB 2.0.0
2025-05-03 17:30:55,461 [INFO] ThirdParty:1030 - CMSIS Pack Vendor :STMicroelectronics X-CUBE-GNSS1 7.0.1
2025-05-03 17:30:55,461 [INFO] ThirdParty:1030 - CMSIS Pack Vendor :STMicroelectronics X-CUBE-AZRTOS-F7 1.1.0
2025-05-03 17:30:55,461 [INFO] ThirdParty:1030 - CMSIS Pack Vendor :STMicroelectronics X-CUBE-AZRTOS-L5 2.0.0
2025-05-03 17:30:55,461 [INFO] ThirdParty:1030 - CMSIS Pack Vendor :STMicroelectronics X-CUBE-TOUCHGFX 4.25.0
2025-05-03 17:30:55,461 [INFO] ThirdParty:1030 - CMSIS Pack Vendor :STMicroelectronics USB_DEVICE 2.0.0
2025-05-03 17:30:55,461 [INFO] ThirdParty:1030 - CMSIS Pack Vendor :STMicroelectronics X-CUBE-NFC6 3.1.0
2025-05-03 17:30:55,461 [INFO] ThirdParty:1030 - CMSIS Pack Vendor :STMicroelectronics X-CUBE-MEMS1 11.2.0
2025-05-03 17:30:55,461 [INFO] ThirdParty:1030 - CMSIS Pack Vendor :STMicroelectronics FreeRTOS 0.0.1
2025-05-03 17:30:55,461 [INFO] ThirdParty:1030 - CMSIS Pack Vendor :STMicroelectronics X-CUBE-AZRTOS-G0 1.1.0
2025-05-03 17:30:55,461 [INFO] ThirdParty:1030 - CMSIS Pack Vendor :STMicroelectronics X-CUBE-SAFEA1 1.2.2
2025-05-03 17:30:55,462 [INFO] ThirdParty:1030 - CMSIS Pack Vendor :STMicroelectronics X-CUBE-NFC4 3.0.0
2025-05-03 17:30:55,462 [INFO] ThirdParty:1030 - CMSIS Pack Vendor :STMicroelectronics X-CUBE-SUBG2 5.0.0
2025-05-03 17:30:55,462 [INFO] ThirdParty:1030 - CMSIS Pack Vendor :STMicroelectronics X-CUBE-AZRTOS-H7RS 1.1.0
2025-05-03 17:30:55,462 [INFO] ThirdParty:1030 - CMSIS Pack Vendor :STMicroelectronics STM32_WPAN 1.0.0
2025-05-03 17:30:55,462 [INFO] ThirdParty:1030 - CMSIS Pack Vendor :STMicroelectronics lwIP 2.0.3
2025-05-03 17:30:55,462 [INFO] ThirdParty:1030 - CMSIS Pack Vendor :STMicroelectronics FP-SNS-FLIGHT1 5.0.2
2025-05-03 17:30:55,462 [INFO] ThirdParty:1030 - CMSIS Pack Vendor :Cesanta I-CUBE-Mongoose 7.13.0
2025-05-03 17:30:55,462 [INFO] ThirdParty:1030 - CMSIS Pack Vendor :STMicroelectronics USB_HOST 1.0.0
2025-05-03 17:30:55,462 [INFO] ThirdParty:1030 - CMSIS Pack Vendor :STMicroelectronics X-CUBE-AZRTOS-G4 2.0.0
2025-05-03 17:30:55,462 [INFO] ThirdParty:1030 - CMSIS Pack Vendor :STMicroelectronics X-CUBE-WB05N 2.0.0
2025-05-03 17:30:55,462 [INFO] ThirdParty:1030 - CMSIS Pack Vendor :STMicroelectronics PDM2PCM 3.1.0
2025-05-03 17:30:55,462 [INFO] ThirdParty:1030 - CMSIS Pack Vendor :STMicroelectronics PDM2PCM 3.3.0
2025-05-03 17:30:55,462 [INFO] ThirdParty:1030 - CMSIS Pack Vendor :STMicroelectronics X-CUBE-DISPLAY 3.0.0
2025-05-03 17:30:55,462 [INFO] ThirdParty:1030 - CMSIS Pack Vendor :STMicroelectronics X-CUBE-NFC7 2.0.0
2025-05-03 17:30:55,463 [INFO] ThirdParty:1030 - CMSIS Pack Vendor :STMicroelectronics X-CUBE-BLE1 7.0.0
2025-05-03 17:30:55,463 [INFO] ThirdParty:1030 - CMSIS Pack Vendor :STMicroelectronics FP-ATR-SIGFOX1 3.2.0
2025-05-03 17:30:55,463 [INFO] ThirdParty:1030 - CMSIS Pack Vendor :STMicroelectronics X-CUBE-NFC10 1.0.0
2025-05-03 17:30:55,463 [INFO] ThirdParty:1030 - CMSIS Pack Vendor :STMicroelectronics X-CUBE-EEPRMA1 5.1.0
2025-05-03 17:30:55,463 [INFO] ThirdParty:1030 - CMSIS Pack Vendor :STMicroelectronics HAL Drivers 0.0.0
2025-05-03 17:30:55,463 [INFO] ThirdParty:1030 - CMSIS Pack Vendor :STMicroelectronics MBEDTLS 2.16.2
2025-05-03 17:30:55,463 [INFO] ThirdParty:1030 - CMSIS Pack Vendor :STMicroelectronics X-CUBE-ALS 1.0.2
2025-05-03 17:30:55,463 [INFO] ThirdParty:1030 - CMSIS Pack Vendor :emotas I-CUBE-CANOPEN 1.3.0
2025-05-03 17:30:55,463 [INFO] ThirdParty:1030 - CMSIS Pack Vendor :STMicroelectronics X-CUBE-FREERTOS 1.3.0
2025-05-03 17:30:55,463 [INFO] ThirdParty:1030 - CMSIS Pack Vendor :STMicroelectronics X-CUBE-NFC7 1.0.1
2025-05-03 17:30:55,463 [INFO] ThirdParty:1030 - CMSIS Pack Vendor :STMicroelectronics MBEDTLS 2.14.1
2025-05-03 17:30:55,463 [INFO] ThirdParty:1030 - CMSIS Pack Vendor :wolfSSL I-CUBE-wolfSSL 5.7.6
2025-05-03 17:30:55,463 [INFO] ThirdParty:1030 - CMSIS Pack Vendor :ITTIA_DB I-CUBE-ITTIADB 8.9.0
2025-05-03 17:30:55,463 [INFO] ThirdParty:1030 - CMSIS Pack Vendor :STMicroelectronics X-CUBE-TOUCHGFX 4.24.2
2025-05-03 17:30:55,463 [INFO] ThirdParty:1030 - CMSIS Pack Vendor :wolfSSL I-CUBE-wolfTPM 3.4.0
2025-05-03 17:30:55,464 [INFO] ThirdParty:1030 - CMSIS Pack Vendor :portGmbH I-Cube-SoM-uGOAL 1.1.0
2025-05-03 17:30:55,464 [INFO] ThirdParty:1030 - CMSIS Pack Vendor :STMicroelectronics X-CUBE-AI 10.0.0
2025-05-03 17:30:55,464 [INFO] ThirdParty:1030 - CMSIS Pack Vendor :STMicroelectronics ThreadX 1.0.0
2025-05-03 17:30:55,465 [INFO] ThirdParty:1030 - CMSIS Pack Vendor :STMicroelectronics FP-SNS-SMARTAG2 1.2.0
2025-05-03 17:30:55,465 [INFO] ThirdParty:1030 - CMSIS Pack Vendor :STMicroelectronics X-CUBE-MEMS1 11.1.0
2025-05-03 17:30:55,465 [INFO] ThirdParty:1030 - CMSIS Pack Vendor :STMicroelectronics X-CUBE-AZRTOS-WL 2.0.0
2025-05-03 17:30:55,465 [INFO] ThirdParty:1030 - CMSIS Pack Vendor :SEGGER I-CUBE-embOS 1.3.1
2025-05-03 17:30:55,465 [INFO] ThirdParty:1030 - CMSIS Pack Vendor :STMicroelectronics X-CUBE-ALGOBUILD 1.4.0
2025-05-03 17:30:55,465 [INFO] ThirdParty:1030 - CMSIS Pack Vendor :STMicroelectronics FP-SNS-MOTENV1 5.0.0
2025-05-03 17:30:55,465 [INFO] ThirdParty:1030 - CMSIS Pack Vendor :STMicroelectronics USB_DEVICE 1.0.0
2025-05-03 17:30:55,466 [INFO] ThirdParty:1030 - CMSIS Pack Vendor :STMicroelectronics X-CUBE-AZRTOS-H7RS 1.0.0
2025-05-03 17:30:55,466 [INFO] ThirdParty:1030 - CMSIS Pack Vendor :wolfSSL I-CUBE-wolfMQTT 1.19.0
2025-05-03 17:30:55,466 [INFO] ThirdParty:1030 - CMSIS Pack Vendor :STMicroelectronics X-CUBE-AZRTOS-L4 2.0.0
2025-05-03 17:30:55,466 [INFO] ThirdParty:1030 - CMSIS Pack Vendor :STMicroelectronics ThreadX 0.0.2
2025-05-03 17:30:55,466 [INFO] ThirdParty:1030 - CMSIS Pack Vendor :WES I-CUBE-Cesium 1.3.0
2025-05-03 17:30:55,466 [INFO] ThirdParty:1030 - CMSIS Pack Vendor :STMicroelectronics lwIP 2.1.2
2025-05-03 17:30:55,466 [INFO] ThirdParty:1030 - CMSIS Pack Vendor :STMicroelectronics X-CUBE-SFXS2LP1 4.0.0
2025-05-03 17:30:55,466 [INFO] ThirdParty:1030 - CMSIS Pack Vendor :STMicroelectronics X-CUBE-BLE2 3.3.0
2025-05-03 17:30:55,466 [INFO] ThirdParty:1030 - CMSIS Pack Vendor :STMicroelectronics PDM2PCM 3.2.0
2025-05-03 17:30:55,466 [INFO] ThirdParty:1030 - CMSIS Pack Vendor :wolfSSL I-CUBE-wolfSSH 1.4.17
2025-05-03 17:30:55,466 [INFO] ThirdParty:841 - exiting critical section [change project]
2025-05-03 17:30:55,912 [INFO] PinOutPanel:1499 - setPackage(No Configuration,No Configuration)
2025-05-03 17:30:55,912 [INFO] PinOutPanel:1499 - setPackage(STM32F405RGTx,LQFP64)
2025-05-03 17:30:56,183 [INFO] UtilMem:75 - Before build in PCC Used Memory: 286840896 Bytes (924844032)
2025-05-03 17:30:56,714 [INFO] UtilMem:75 - After build in PCC Used Memory: 331929664 Bytes (924844032)
2025-05-03 17:30:56,759 [INFO] IPUIPlugin:80 - create IPUIPlugin
2025-05-03 17:30:56,759 [INFO] IPUIPlugin:80 - create IPUIPlugin
2025-05-03 17:30:56,759 [INFO] IPUIPlugin:80 - create IPUIPlugin
2025-05-03 17:30:56,759 [INFO] IPUIPlugin:80 - create IPUIPlugin
2025-05-03 17:30:56,760 [INFO] IPUIPlugin:80 - create IPUIPlugin
2025-05-03 17:30:56,760 [INFO] IPUIPlugin:80 - create IPUIPlugin
2025-05-03 17:30:56,760 [INFO] IPUIPlugin:80 - create IPUIPlugin
2025-05-03 17:30:56,760 [INFO] IPUIPlugin:80 - create IPUIPlugin
2025-05-03 17:30:56,760 [INFO] IPUIPlugin:80 - create IPUIPlugin
2025-05-03 17:30:56,760 [INFO] IPUIPlugin:80 - create IPUIPlugin
2025-05-03 17:30:56,761 [INFO] IPUIPlugin:80 - create IPUIPlugin
2025-05-03 17:30:56,761 [INFO] IPUIPlugin:80 - create IPUIPlugin
2025-05-03 17:30:56,761 [INFO] IPUIPlugin:80 - create IPUIPlugin
2025-05-03 17:30:56,761 [INFO] IPUIPlugin:80 - create IPUIPlugin
2025-05-03 17:30:56,761 [INFO] IPUIPlugin:80 - create IPUIPlugin
2025-05-03 17:30:56,761 [INFO] IPUIPlugin:80 - create IPUIPlugin
2025-05-03 17:30:56,762 [INFO] IPUIPlugin:80 - create IPUIPlugin
2025-05-03 17:30:56,762 [INFO] IPUIPlugin:80 - create IPUIPlugin
2025-05-03 17:30:56,762 [INFO] IPUIPlugin:80 - create IPUIPlugin
2025-05-03 17:30:56,763 [INFO] IPUIPlugin:80 - create IPUIPlugin
2025-05-03 17:30:56,763 [INFO] IPUIPlugin:80 - create IPUIPlugin
2025-05-03 17:30:56,763 [INFO] IPUIPlugin:80 - create IPUIPlugin
2025-05-03 17:30:56,764 [INFO] IPUIPlugin:80 - create IPUIPlugin
2025-05-03 17:30:56,764 [INFO] IPUIPlugin:80 - create IPUIPlugin
2025-05-03 17:30:56,764 [INFO] IPUIPlugin:80 - create IPUIPlugin
2025-05-03 17:30:56,765 [INFO] IPUIPlugin:80 - create IPUIPlugin
2025-05-03 17:30:56,765 [INFO] IPUIPlugin:80 - create IPUIPlugin
2025-05-03 17:30:56,765 [INFO] IPUIPlugin:80 - create IPUIPlugin
2025-05-03 17:30:56,766 [INFO] IPUIPlugin:80 - create IPUIPlugin
2025-05-03 17:30:56,768 [INFO] IPUIPlugin:80 - create IPUIPlugin
2025-05-03 17:30:56,768 [INFO] IPUIPlugin:80 - create IPUIPlugin
2025-05-03 17:30:56,769 [INFO] IPUIPlugin:80 - create IPUIPlugin
2025-05-03 17:30:56,769 [INFO] IPUIPlugin:80 - create IPUIPlugin
2025-05-03 17:30:56,769 [INFO] IPUIPlugin:80 - create IPUIPlugin
2025-05-03 17:30:56,769 [INFO] IPUIPlugin:80 - create IPUIPlugin
2025-05-03 17:30:56,770 [INFO] IPUIPlugin:80 - create IPUIPlugin
2025-05-03 17:30:56,770 [INFO] IPUIPlugin:80 - create IPUIPlugin
2025-05-03 17:30:56,770 [INFO] IPUIPlugin:80 - create IPUIPlugin
2025-05-03 17:30:56,770 [INFO] IPUIPlugin:80 - create IPUIPlugin
2025-05-03 17:30:56,771 [INFO] IPUIPlugin:80 - create IPUIPlugin
2025-05-03 17:30:56,771 [INFO] IPUIPlugin:80 - create IPUIPlugin
2025-05-03 17:30:56,771 [INFO] IPUIPlugin:80 - create IPUIPlugin
2025-05-03 17:30:56,772 [INFO] IPUIPlugin:80 - create IPUIPlugin
2025-05-03 17:30:56,772 [INFO] IPUIPlugin:80 - create IPUIPlugin
2025-05-03 17:30:56,772 [INFO] IPUIPlugin:80 - create IPUIPlugin
2025-05-03 17:30:56,773 [INFO] IPUIPlugin:80 - create IPUIPlugin
2025-05-03 17:30:56,773 [INFO] IPUIPlugin:80 - create IPUIPlugin
2025-05-03 17:30:56,773 [INFO] IPUIPlugin:80 - create IPUIPlugin
2025-05-03 17:30:56,774 [INFO] IPUIPlugin:80 - create IPUIPlugin
2025-05-03 17:30:56,776 [INFO] IPUIPlugin:80 - create IPUIPlugin
2025-05-03 17:30:56,777 [INFO] IPUIPlugin:80 - create IPUIPlugin
2025-05-03 17:30:56,777 [INFO] IPUIPlugin:80 - create IPUIPlugin
2025-05-03 17:30:56,778 [INFO] IPUIPlugin:80 - create IPUIPlugin
2025-05-03 17:30:56,779 [INFO] IPUIPlugin:80 - create IPUIPlugin
2025-05-03 17:30:56,782 [INFO] ApiDbMcu:507 - Load IP Config File for PDM2PCM
2025-05-03 17:30:56,867 [INFO] CADModel:165 - CPN selected for project levelSTM32F405RGT6
2025-05-03 17:30:56,867 [INFO] CADModel:114 - Register for checkConnection events
2025-05-03 17:30:56,910 [INFO] OpenFileManager:328 - Restore cursor
2025-05-03 17:31:49,038 [INFO] UtilMem:75 - End SaveConfig() Used Memory: 636184552 Bytes (924844032)
2025-05-03 17:31:49,150 [INFO] UtilMem:75 - End SaveConfig() Used Memory: 657678312 Bytes (924844032)
2025-05-03 17:31:49,830 [INFO] UtilMem:75 - End SaveConfig() Used Memory: 705390568 Bytes (924844032)
2025-05-03 17:31:50,564 [INFO] BlockDiagram:2759 - set Specific Code input for plugin: RCC
2025-05-03 17:31:50,564 [INFO] BlockDiagram:2759 - set Specific Code input for plugin: NVIC
2025-05-03 17:31:50,565 [INFO] BlockDiagram:2759 - set Specific Code input for plugin: USART
2025-05-03 17:31:50,565 [INFO] BlockDiagram:2759 - set Specific Code input for plugin: GPIO
2025-05-03 17:31:50,565 [INFO] CodeGenerator:793 - code generatio: config db path: /app/stm32cubeide/plugins/com.st.stm32cube.common.mx_6.8.0.202302231600//db/
2025-05-03 17:31:50,894 [INFO] CodeEngine:255 - oldGeneratedFile, /home/ziad/Ziad_WS/sarcoos_project/code/stm32f405RGT6/stm32f405rgt6/MXTmpFiles/license.tmp_save
2025-05-03 17:31:51,060 [INFO] CodeEngine:279 - Generated code: /home/ziad/Ziad_WS/sarcoos_project/code/stm32f405RGT6/stm32f405rgt6/MXTmpFiles/license.tmp
2025-05-03 17:31:51,091 [INFO] CodeEngine:255 - oldGeneratedFile, /home/ziad/Ziad_WS/sarcoos_project/code/stm32f405RGT6/stm32f405rgt6/MXTmpFiles/gpio.tmp_save
2025-05-03 17:31:51,219 [INFO] CodeEngine:279 - Generated code: /home/ziad/Ziad_WS/sarcoos_project/code/stm32f405RGT6/stm32f405rgt6/MXTmpFiles/gpio.tmp
2025-05-03 17:31:51,256 [INFO] CodeEngine:255 - oldGeneratedFile, /home/ziad/Ziad_WS/sarcoos_project/code/stm32f405RGT6/stm32f405rgt6/Core/Src/stm32f4xx_it.c_save
2025-05-03 17:31:51,386 [INFO] CodeEngine:279 - Generated code: /home/ziad/Ziad_WS/sarcoos_project/code/stm32f405RGT6/stm32f405rgt6/Core/Src/stm32f4xx_it.c
2025-05-03 17:31:51,388 [INFO] CodeEngine:255 - oldGeneratedFile, /home/ziad/Ziad_WS/sarcoos_project/code/stm32f405RGT6/stm32f405rgt6/Core/Inc/stm32f4xx_it.h_save
2025-05-03 17:31:51,495 [INFO] CodeEngine:279 - Generated code: /home/ziad/Ziad_WS/sarcoos_project/code/stm32f405RGT6/stm32f405rgt6/Core/Inc/stm32f4xx_it.h
2025-05-03 17:31:51,509 [INFO] CodeEngine:255 - oldGeneratedFile, /home/ziad/Ziad_WS/sarcoos_project/code/stm32f405RGT6/stm32f405rgt6/Core/Src/stm32f4xx_hal_msp.c_save
2025-05-03 17:31:51,669 [INFO] CodeEngine:279 - Generated code: /home/ziad/Ziad_WS/sarcoos_project/code/stm32f405RGT6/stm32f405rgt6/Core/Src/stm32f4xx_hal_msp.c
2025-05-03 17:31:51,671 [INFO] CodeEngine:255 - oldGeneratedFile, /home/ziad/Ziad_WS/sarcoos_project/code/stm32f405RGT6/stm32f405rgt6/MXTmpFiles/system.tmp_save
2025-05-03 17:31:51,776 [INFO] CodeEngine:279 - Generated code: /home/ziad/Ziad_WS/sarcoos_project/code/stm32f405RGT6/stm32f405rgt6/MXTmpFiles/system.tmp
2025-05-03 17:31:51,779 [INFO] CodeEngine:311 - oldGeneratedFile, /home/ziad/Ziad_WS/sarcoos_project/code/stm32f405RGT6/stm32f405rgt6/Core/Inc/stm32f4xx_hal_conf.h_save
2025-05-03 17:31:51,901 [INFO] CodeEngine:335 - Generated code: /home/ziad/Ziad_WS/sarcoos_project/code/stm32f405RGT6/stm32f405rgt6/Core/Inc/stm32f4xx_hal_conf.h
2025-05-03 17:31:51,937 [INFO] CodeEngine:255 - oldGeneratedFile, /home/ziad/Ziad_WS/sarcoos_project/code/stm32f405RGT6/stm32f405rgt6/Core/Inc/main.h_save
2025-05-03 17:31:52,030 [INFO] CodeEngine:279 - Generated code: /home/ziad/Ziad_WS/sarcoos_project/code/stm32f405RGT6/stm32f405rgt6/Core/Inc/main.h
2025-05-03 17:31:52,033 [INFO] CodeEngine:255 - oldGeneratedFile, /home/ziad/Ziad_WS/sarcoos_project/code/stm32f405RGT6/stm32f405rgt6/Core/Src/main.c_save
2025-05-03 17:31:52,138 [INFO] CodeEngine:279 - Generated code: /home/ziad/Ziad_WS/sarcoos_project/code/stm32f405RGT6/stm32f405rgt6/Core/Src/main.c
2025-05-03 17:31:53,052 [INFO] ProjectBuilder:2996 - Time for Copy HAL[1] : 29mS.
2025-05-03 17:31:53,054 [INFO] ProjectBuilder:4304 - Project Generator version: 3.19.2
2025-05-03 17:31:53,504 [INFO] ConfigFileManager:1483 - The Die is : DIE413
2025-05-03 17:31:53,506 [INFO] ApiDbMcu:507 - Load IP Config File for FATFS
2025-05-03 17:31:53,510 [INFO] ApiDbMcu:507 - Load IP Config File for FREERTOS
2025-05-03 17:31:53,511 [INFO] ApiDbMcu:507 - Load IP Config File for LIBJPEG
2025-05-03 17:31:53,518 [INFO] ApiDbMcu:507 - Load IP Config File for MBEDTLS
2025-05-03 17:31:53,526 [INFO] ApiDbMcu:507 - Load IP Config File for USB_DEVICE
2025-05-03 17:31:53,531 [INFO] ApiDbMcu:507 - Load IP Config File for USB_HOST
2025-05-03 17:31:56,379 [INFO] ProjectBuilder:4505 - Time for Generating toolchain IDE Files: 3325mS.
2025-05-03 17:31:56,380 [INFO] ProjectBuilder:2867 - Time for Copy CMSIS : 0mS.
2025-05-03 17:31:56,384 [INFO] ProjectBuilder:2867 - Time for Copy CMSIS : 0mS.
2025-05-03 19:01:19,869 [INFO] UtilMem:75 - End SaveConfig() Used Memory: 253248608 Bytes (723517440)
2025-05-03 19:01:20,017 [INFO] UtilMem:75 - End SaveConfig() Used Memory: 273697888 Bytes (723517440)
2025-05-03 19:01:20,552 [INFO] UtilMem:75 - End SaveConfig() Used Memory: 307252320 Bytes (723517440)
2025-05-03 19:01:21,176 [INFO] BlockDiagram:2759 - set Specific Code input for plugin: RCC
2025-05-03 19:01:21,176 [INFO] BlockDiagram:2759 - set Specific Code input for plugin: NVIC
2025-05-03 19:01:21,176 [INFO] BlockDiagram:2759 - set Specific Code input for plugin: USART
2025-05-03 19:01:21,176 [INFO] BlockDiagram:2759 - set Specific Code input for plugin: GPIO
2025-05-03 19:01:21,182 [INFO] CodeGenerator:793 - code generatio: config db path: /app/stm32cubeide/plugins/com.st.stm32cube.common.mx_6.8.0.202302231600//db/
2025-05-03 19:01:21,639 [INFO] CodeEngine:255 - oldGeneratedFile, /home/ziad/Ziad_WS/sarcoos_project/code/stm32f405RGT6/stm32f405rgt6/MXTmpFiles/license.tmp_save
2025-05-03 19:01:21,915 [INFO] CodeEngine:279 - Generated code: /home/ziad/Ziad_WS/sarcoos_project/code/stm32f405RGT6/stm32f405rgt6/MXTmpFiles/license.tmp
2025-05-03 19:01:21,936 [INFO] CodeEngine:255 - oldGeneratedFile, /home/ziad/Ziad_WS/sarcoos_project/code/stm32f405RGT6/stm32f405rgt6/MXTmpFiles/gpio.tmp_save
2025-05-03 19:01:22,079 [INFO] CodeEngine:279 - Generated code: /home/ziad/Ziad_WS/sarcoos_project/code/stm32f405RGT6/stm32f405rgt6/MXTmpFiles/gpio.tmp
2025-05-03 19:01:22,295 [INFO] CodeEngine:255 - oldGeneratedFile, /home/ziad/Ziad_WS/sarcoos_project/code/stm32f405RGT6/stm32f405rgt6/Core/Src/stm32f4xx_it.c_save
2025-05-03 19:01:22,700 [INFO] CodeEngine:279 - Generated code: /home/ziad/Ziad_WS/sarcoos_project/code/stm32f405RGT6/stm32f405rgt6/Core/Src/stm32f4xx_it.c
2025-05-03 19:01:22,701 [INFO] CodeEngine:255 - oldGeneratedFile, /home/ziad/Ziad_WS/sarcoos_project/code/stm32f405RGT6/stm32f405rgt6/Core/Inc/stm32f4xx_it.h_save
2025-05-03 19:01:22,783 [INFO] CodeEngine:279 - Generated code: /home/ziad/Ziad_WS/sarcoos_project/code/stm32f405RGT6/stm32f405rgt6/Core/Inc/stm32f4xx_it.h
2025-05-03 19:01:22,800 [INFO] CodeEngine:255 - oldGeneratedFile, /home/ziad/Ziad_WS/sarcoos_project/code/stm32f405RGT6/stm32f405rgt6/Core/Src/stm32f4xx_hal_msp.c_save
2025-05-03 19:01:23,004 [INFO] CodeEngine:279 - Generated code: /home/ziad/Ziad_WS/sarcoos_project/code/stm32f405RGT6/stm32f405rgt6/Core/Src/stm32f4xx_hal_msp.c
2025-05-03 19:01:23,008 [INFO] CodeEngine:255 - oldGeneratedFile, /home/ziad/Ziad_WS/sarcoos_project/code/stm32f405RGT6/stm32f405rgt6/MXTmpFiles/system.tmp_save
2025-05-03 19:01:23,080 [INFO] CodeEngine:279 - Generated code: /home/ziad/Ziad_WS/sarcoos_project/code/stm32f405RGT6/stm32f405rgt6/MXTmpFiles/system.tmp
2025-05-03 19:01:23,083 [INFO] CodeEngine:311 - oldGeneratedFile, /home/ziad/Ziad_WS/sarcoos_project/code/stm32f405RGT6/stm32f405rgt6/Core/Inc/stm32f4xx_hal_conf.h_save
2025-05-03 19:01:23,167 [INFO] CodeEngine:335 - Generated code: /home/ziad/Ziad_WS/sarcoos_project/code/stm32f405RGT6/stm32f405rgt6/Core/Inc/stm32f4xx_hal_conf.h
2025-05-03 19:01:23,185 [INFO] CodeEngine:255 - oldGeneratedFile, /home/ziad/Ziad_WS/sarcoos_project/code/stm32f405RGT6/stm32f405rgt6/Core/Inc/main.h_save
2025-05-03 19:01:23,335 [INFO] CodeEngine:279 - Generated code: /home/ziad/Ziad_WS/sarcoos_project/code/stm32f405RGT6/stm32f405rgt6/Core/Inc/main.h
2025-05-03 19:01:23,338 [INFO] CodeEngine:255 - oldGeneratedFile, /home/ziad/Ziad_WS/sarcoos_project/code/stm32f405RGT6/stm32f405rgt6/Core/Src/main.c_save
2025-05-03 19:01:24,084 [INFO] CodeEngine:279 - Generated code: /home/ziad/Ziad_WS/sarcoos_project/code/stm32f405RGT6/stm32f405rgt6/Core/Src/main.c
2025-05-03 19:01:25,007 [INFO] ProjectBuilder:2996 - Time for Copy HAL[1] : 142mS.
2025-05-03 19:01:25,015 [INFO] ProjectBuilder:4304 - Project Generator version: 3.19.2
2025-05-03 19:01:25,635 [INFO] ConfigFileManager:1483 - The Die is : DIE413
2025-05-03 19:01:28,278 [INFO] ProjectBuilder:4505 - Time for Generating toolchain IDE Files: 3263mS.
2025-05-03 19:01:28,280 [INFO] ProjectBuilder:2867 - Time for Copy CMSIS : 1mS.
2025-05-03 19:01:28,283 [INFO] ProjectBuilder:2867 - Time for Copy CMSIS : 0mS.
2025-05-03 19:03:59,300 [INFO] Activator:176 - 


2025-05-03 19:03:59,302 [INFO] Activator:177 - !SESSION log4j initialized
2025-05-03 19:04:07,253 [INFO] LogOutputStream:77 - [STDOUT_REDIRECT] 
2025-05-03 19:04:28,988 [ERROR] LogOutputStream:75 - [STDERR_REDIRECT] SLF4J: Failed to load class "org.slf4j.impl.StaticLoggerBinder".
2025-05-03 19:04:28,988 [ERROR] LogOutputStream:75 - [STDERR_REDIRECT] SLF4J: Defaulting to no-operation (NOP) logger implementation
2025-05-03 19:04:28,989 [ERROR] LogOutputStream:75 - [STDERR_REDIRECT] SLF4J: See http://www.slf4j.org/codes.html#StaticLoggerBinder for further details.
