2025-05-06 13:58:43,684 [INFO] Activator:176 - 


2025-05-06 13:58:43,689 [INFO] Activator:177 - !SESSION log4j initialized
2025-05-06 13:58:51,999 [INFO] LogOutputStream:77 - [STDOUT_REDIRECT] 
2025-05-06 13:59:01,432 [INFO] ApplicationProperties:184 - Using Application install path: /app/stm32cubeide/plugins/com.st.stm32cube.common.mx_6.8.0.202302231600
2025-05-06 13:59:01,462 [INFO] DbMcusXml:78 - Set database path to: /app/stm32cubeide/plugins/com.st.stm32cube.common.mx_6.8.0.202302231600//db//mcu/
2025-05-06 13:59:01,462 [INFO] ApiDb:274 - Set plugin database path to: /app/stm32cubeide/plugins/com.st.stm32cube.common.mx_6.8.0.202302231600//db//plugins/boardmanager/
2025-05-06 13:59:01,467 [WARN] ApiDb:259 - Overriding images path with different value:  => /app/stm32cubeide/plugins/com.st.stm32cube.common.mx_6.8.0.202302231600//db//plugins/mcufinder/images/
2025-05-06 13:59:01,491 [INFO] ApiDb:250 - Set database path to: /home/ziad/.stmcufinder/plugins/mcufinder//mcu/
2025-05-06 13:59:01,493 [INFO] DbMcusAds:125 - Set database path to: /home/ziad/.stmcufinder/plugins/mcufinder//mcu/
2025-05-06 13:59:01,498 [INFO] CrossReferenceDbSqlite:203 - Set database path to: /home/ziad/.stmcufinder/plugins/mcufinder//mcu/cs/
2025-05-06 13:59:01,651 [INFO] RulesReader:64 - Compatibility file has been processed (293 Rules)
2025-05-06 13:59:01,754 [INFO] DbMcusXml:78 - Set database path to: /app/stm32cubeide/plugins/com.st.stm32cube.common.mx_6.8.0.202302231600//db//mcu/
2025-05-06 13:59:01,755 [INFO] ApiDb:274 - Set plugin database path to: /app/stm32cubeide/plugins/com.st.stm32cube.common.mx_6.8.0.202302231600//db//plugins/boardmanager/
2025-05-06 13:59:01,756 [INFO] ApiDb:261 - Set plugin images path to: /app/stm32cubeide/plugins/com.st.stm32cube.common.mx_6.8.0.202302231600//db//plugins/mcufinder/images/
2025-05-06 13:59:01,758 [WARN] DbFile:41 - Overriding database path with different value: /home/ziad/.stmcufinder/plugins/mcufinder/ => /home/ziad/.stmcufinder/plugins/mcufinder
2025-05-06 13:59:01,758 [INFO] ApiDb:250 - Set database path to: /home/ziad/.stmcufinder/plugins/mcufinder//mcu/
2025-05-06 13:59:01,758 [WARN] DbFile:41 - Overriding database path with different value: /home/ziad/.stmcufinder/plugins/mcufinder/ => /home/ziad/.stmcufinder/plugins/mcufinder
2025-05-06 13:59:01,758 [INFO] DbMcusAds:125 - Set database path to: /home/ziad/.stmcufinder/plugins/mcufinder//mcu/
2025-05-06 13:59:01,758 [WARN] DbFile:41 - Overriding database path with different value: /home/ziad/.stmcufinder/plugins/mcufinder/ => /home/ziad/.stmcufinder/plugins/mcufinder
2025-05-06 13:59:01,758 [WARN] DbFile:41 - Overriding database path with different value: /home/ziad/.stmcufinder/plugins/mcufinder/ => /home/ziad/.stmcufinder/plugins/mcufinder
2025-05-06 13:59:01,759 [INFO] CrossReferenceDbSqlite:203 - Set database path to: /home/ziad/.stmcufinder/plugins/mcufinder//mcu/cs/
2025-05-06 13:59:01,881 [INFO] MainPanel:253 - HeapMemory: 268435456
2025-05-06 13:59:02,038 [INFO] DbMcusXml:78 - Set database path to: /app/stm32cubeide/plugins/com.st.stm32cube.common.mx_6.8.0.202302231600//db//mcu/
2025-05-06 13:59:02,038 [INFO] ApiDb:274 - Set plugin database path to: /app/stm32cubeide/plugins/com.st.stm32cube.common.mx_6.8.0.202302231600//db//plugins/boardmanager/
2025-05-06 13:59:02,038 [INFO] ApiDb:261 - Set plugin images path to: /app/stm32cubeide/plugins/com.st.stm32cube.common.mx_6.8.0.202302231600//db//plugins/mcufinder/images/
2025-05-06 13:59:02,039 [WARN] DbFile:41 - Overriding database path with different value: /home/ziad/.stmcufinder/plugins/mcufinder/ => /home/ziad/.stmcufinder/plugins/mcufinder
2025-05-06 13:59:02,039 [INFO] ApiDb:250 - Set database path to: /home/ziad/.stmcufinder/plugins/mcufinder//mcu/
2025-05-06 13:59:02,039 [WARN] DbFile:41 - Overriding database path with different value: /home/ziad/.stmcufinder/plugins/mcufinder/ => /home/ziad/.stmcufinder/plugins/mcufinder
2025-05-06 13:59:02,039 [INFO] DbMcusAds:125 - Set database path to: /home/ziad/.stmcufinder/plugins/mcufinder//mcu/
2025-05-06 13:59:02,039 [WARN] DbFile:41 - Overriding database path with different value: /home/ziad/.stmcufinder/plugins/mcufinder/ => /home/ziad/.stmcufinder/plugins/mcufinder
2025-05-06 13:59:02,039 [WARN] DbFile:41 - Overriding database path with different value: /home/ziad/.stmcufinder/plugins/mcufinder/ => /home/ziad/.stmcufinder/plugins/mcufinder
2025-05-06 13:59:02,040 [INFO] CrossReferenceDbSqlite:203 - Set database path to: /home/ziad/.stmcufinder/plugins/mcufinder//mcu/cs/
2025-05-06 13:59:02,059 [INFO] ApplicationProperties:184 - Using Application install path: /app/stm32cubeide/plugins/com.st.stm32cube.common.mx_6.8.0.202302231600
2025-05-06 13:59:02,061 [INFO] PluginManage:196 - Search for loadable plugins [exclusion list=, ]
2025-05-06 13:59:02,063 [INFO] PluginManage:310 - Check plugin analytics
2025-05-06 13:59:02,239 [INFO] AnalyticsPlugin:253 - Accepted Software Licenses: 
2025-05-06 13:59:02,240 [INFO] AnalyticsPlugin:255 - Accepted CMSIS Pack Licenses: 
2025-05-06 13:59:02,240 [INFO] AnalyticsPlugin:257 - Accepted Firmware Licenses: FW.F4.1.27.0
2025-05-06 13:59:02,251 [INFO] PluginManage:359 - Loaded plugin analytics (category:tool,tabindex:-1)
2025-05-06 13:59:02,252 [INFO] PluginManage:310 - Check plugin cadmodel
2025-05-06 13:59:02,310 [INFO] CADModel:105 - Init CAD model plugin
2025-05-06 13:59:02,311 [INFO] PluginManage:359 - Loaded plugin cadmodel (category:power,tabindex:5)
2025-05-06 13:59:02,311 [INFO] PluginManage:310 - Check plugin clock
2025-05-06 13:59:02,325 [INFO] PluginManage:359 - Loaded plugin clock (category:base,tabindex:2)
2025-05-06 13:59:02,325 [INFO] PluginManage:310 - Check plugin ddr
2025-05-06 13:59:02,329 [INFO] PluginManage:359 - Loaded plugin ddr (category:tool,tabindex:6)
2025-05-06 13:59:02,329 [INFO] PluginManage:310 - Check plugin filemanager
2025-05-06 13:59:02,544 [INFO] PluginManage:359 - Loaded plugin filemanager (category:base,tabindex:10)
2025-05-06 13:59:02,545 [INFO] PluginManage:310 - Check plugin ipmanager
2025-05-06 13:59:02,552 [INFO] PluginManage:359 - Loaded plugin ipmanager (category:base,tabindex:5)
2025-05-06 13:59:02,552 [INFO] PluginManage:310 - Check plugin lpbam
2025-05-06 13:59:02,566 [INFO] PluginManage:359 - Loaded plugin lpbam (category:base,tabindex:0)
2025-05-06 13:59:02,566 [INFO] PluginManage:310 - Check plugin pinoutandconfiguration
2025-05-06 13:59:02,578 [INFO] PluginManage:359 - Loaded plugin pinoutandconfiguration (category:base,tabindex:1)
2025-05-06 13:59:02,578 [INFO] PluginManage:310 - Check plugin pinoutconfig
2025-05-06 13:59:02,685 [WARN] SupportedApi:132 - Cannot load RTOS API schema: s4s-elt-must-match.1: The content of 'definitions' must match (annotation?, (simpleType | complexType)?, (unique | key | keyref)*)). A problem was found starting at: attribute.
2025-05-06 13:59:02,932 [INFO] PluginManage:359 - Loaded plugin pinoutconfig (category:base,tabindex:0)
2025-05-06 13:59:02,933 [INFO] PluginManage:310 - Check plugin power
2025-05-06 13:59:02,953 [INFO] PluginManage:359 - Loaded plugin power (category:power,tabindex:4)
2025-05-06 13:59:02,953 [INFO] PluginManage:310 - Check plugin projectmanager
2025-05-06 13:59:02,985 [INFO] PluginManage:359 - Loaded plugin projectmanager (category:projectmanager,tabindex:3)
2025-05-06 13:59:02,985 [INFO] PluginManage:310 - Check plugin thirdparty
2025-05-06 13:59:03,155 [WARN] IntegrityCheckThread:84 - waiting for thirdparty lock release [integrity check]
2025-05-06 13:59:03,157 [INFO] PluginManage:359 - Loaded plugin thirdparty (category:base,tabindex:-1)
2025-05-06 13:59:03,157 [INFO] IntegrityCheckThread:86 - entering critical section [integrity check]
2025-05-06 13:59:03,157 [INFO] PluginManage:310 - Check plugin tools
2025-05-06 13:59:03,160 [INFO] ThirdPartyUpdaterWithRetryManager:70 - Updater plugin not ready yet. [1/15]
2025-05-06 13:59:03,161 [INFO] PluginManage:359 - Loaded plugin tools (category:base,tabindex:7)
2025-05-06 13:59:03,161 [INFO] PluginManage:310 - Check plugin tutovideos
2025-05-06 13:59:03,429 [INFO] PluginManage:359 - Loaded plugin tutovideos (category:base,tabindex:-1)
2025-05-06 13:59:03,429 [INFO] PluginManage:310 - Check plugin updater
2025-05-06 13:59:03,448 [INFO] PluginManage:359 - Loaded plugin updater (category:base,tabindex:12)
2025-05-06 13:59:03,449 [INFO] PluginManage:283 - PluginManage : Loaded plugins [15]
2025-05-06 13:59:03,756 [INFO] PinOutPanel:1499 - setPackage(No Configuration,No Configuration)
2025-05-06 13:59:03,834 [INFO] CADModel:165 - CPN selected for project level
2025-05-06 13:59:03,835 [INFO] CADModel:114 - Register for checkConnection events
2025-05-06 13:59:03,851 [INFO] IPUIPlugin:80 - create IPUIPlugin
2025-05-06 13:59:03,851 [INFO] PluginManager:220 - loadIPPluginJar : add dfsdm
2025-05-06 13:59:03,853 [INFO] IPUIPlugin:80 - create IPUIPlugin
2025-05-06 13:59:03,853 [INFO] PluginManager:220 - loadIPPluginJar : add fatfs
2025-05-06 13:59:03,856 [INFO] IPUIPlugin:80 - create IPUIPlugin
2025-05-06 13:59:03,856 [INFO] PluginManager:220 - loadIPPluginJar : add tracer_emb
2025-05-06 13:59:03,862 [INFO] IPUIPlugin:80 - create IPUIPlugin
2025-05-06 13:59:03,862 [INFO] PluginManager:220 - loadIPPluginJar : add hash
2025-05-06 13:59:03,868 [INFO] IPUIPlugin:80 - create IPUIPlugin
2025-05-06 13:59:03,868 [INFO] PluginManager:220 - loadIPPluginJar : add opamp
2025-05-06 13:59:03,870 [INFO] IPUIPlugin:80 - create IPUIPlugin
2025-05-06 13:59:03,870 [INFO] PluginManager:220 - loadIPPluginJar : add quadspi
2025-05-06 13:59:03,873 [INFO] IPUIPlugin:80 - create IPUIPlugin
2025-05-06 13:59:03,873 [INFO] PluginManager:220 - loadIPPluginJar : add openamp
2025-05-06 13:59:03,875 [INFO] IPUIPlugin:80 - create IPUIPlugin
2025-05-06 13:59:03,875 [INFO] PluginManager:220 - loadIPPluginJar : add ltdc
2025-05-06 13:59:03,879 [INFO] IPUIPlugin:80 - create IPUIPlugin
2025-05-06 13:59:03,879 [INFO] PluginManager:220 - loadIPPluginJar : add resmgrutility
2025-05-06 13:59:03,883 [INFO] IPUIPlugin:80 - create IPUIPlugin
2025-05-06 13:59:03,883 [INFO] PluginManager:220 - loadIPPluginJar : add gtzc
2025-05-06 13:59:03,886 [INFO] IPUIPlugin:80 - create IPUIPlugin
2025-05-06 13:59:03,886 [INFO] PluginManager:220 - loadIPPluginJar : add can
2025-05-06 13:59:03,892 [INFO] IPUIPlugin:80 - create IPUIPlugin
2025-05-06 13:59:03,893 [INFO] PluginManager:220 - loadIPPluginJar : add gic
2025-05-06 13:59:03,899 [INFO] IPUIPlugin:80 - create IPUIPlugin
2025-05-06 13:59:03,900 [INFO] PluginManager:220 - loadIPPluginJar : add gpio
2025-05-06 13:59:03,903 [INFO] IPUIPlugin:80 - create IPUIPlugin
2025-05-06 13:59:03,903 [INFO] PluginManager:220 - loadIPPluginJar : add i2c
2025-05-06 13:59:03,906 [INFO] IPUIPlugin:80 - create IPUIPlugin
2025-05-06 13:59:03,906 [INFO] PluginManager:220 - loadIPPluginJar : add gfxmmu
2025-05-06 13:59:03,910 [INFO] IPUIPlugin:80 - create IPUIPlugin
2025-05-06 13:59:03,910 [INFO] PluginManager:220 - loadIPPluginJar : add i3c
2025-05-06 13:59:03,916 [INFO] IPUIPlugin:80 - create IPUIPlugin
2025-05-06 13:59:03,917 [INFO] PluginManager:220 - loadIPPluginJar : add stm32_wpan
2025-05-06 13:59:03,921 [INFO] IPUIPlugin:80 - create IPUIPlugin
2025-05-06 13:59:03,921 [INFO] PluginManager:220 - loadIPPluginJar : add ipddr
2025-05-06 13:59:03,924 [INFO] IPUIPlugin:80 - create IPUIPlugin
2025-05-06 13:59:03,924 [INFO] PluginManager:220 - loadIPPluginJar : add i2s
2025-05-06 13:59:03,927 [INFO] IPUIPlugin:80 - create IPUIPlugin
2025-05-06 13:59:03,927 [INFO] PluginManager:220 - loadIPPluginJar : add pdm2pcm
2025-05-06 13:59:03,935 [INFO] IPUIPlugin:80 - create IPUIPlugin
2025-05-06 13:59:03,935 [INFO] PluginManager:220 - loadIPPluginJar : add freertos
2025-05-06 13:59:03,938 [INFO] IPUIPlugin:80 - create IPUIPlugin
2025-05-06 13:59:03,938 [INFO] PluginManager:220 - loadIPPluginJar : add aes
2025-05-06 13:59:03,941 [INFO] IPUIPlugin:80 - create IPUIPlugin
2025-05-06 13:59:03,941 [INFO] PluginManager:220 - loadIPPluginJar : add tim
2025-05-06 13:59:03,944 [INFO] IPUIPlugin:80 - create IPUIPlugin
2025-05-06 13:59:03,944 [INFO] PluginManager:220 - loadIPPluginJar : add ucpd
2025-05-06 13:59:03,948 [INFO] IPUIPlugin:80 - create IPUIPlugin
2025-05-06 13:59:03,949 [INFO] PluginManager:220 - loadIPPluginJar : add usart
2025-05-06 13:59:03,954 [INFO] IPUIPlugin:80 - create IPUIPlugin
2025-05-06 13:59:03,954 [INFO] PluginManager:220 - loadIPPluginJar : add touchsensing
2025-05-06 13:59:03,960 [INFO] IPUIPlugin:80 - create IPUIPlugin
2025-05-06 13:59:03,960 [INFO] PluginManager:220 - loadIPPluginJar : add nvic
2025-05-06 13:59:03,967 [INFO] IPUIPlugin:80 - create IPUIPlugin
2025-05-06 13:59:03,967 [INFO] PluginManager:220 - loadIPPluginJar : add fmc
2025-05-06 13:59:03,969 [INFO] IPUIPlugin:80 - create IPUIPlugin
2025-05-06 13:59:03,970 [INFO] PluginManager:220 - loadIPPluginJar : add comp
2025-05-06 13:59:03,973 [INFO] IPUIPlugin:80 - create IPUIPlugin
2025-05-06 13:59:03,973 [INFO] PluginManager:220 - loadIPPluginJar : add spi
2025-05-06 13:59:03,977 [INFO] IPUIPlugin:80 - create IPUIPlugin
2025-05-06 13:59:03,978 [INFO] PluginManager:220 - loadIPPluginJar : add lorawan
2025-05-06 13:59:03,980 [INFO] IPUIPlugin:80 - create IPUIPlugin
2025-05-06 13:59:03,980 [INFO] PluginManager:220 - loadIPPluginJar : add tsc
2025-05-06 13:59:03,984 [INFO] IPUIPlugin:80 - create IPUIPlugin
2025-05-06 13:59:03,985 [INFO] PluginManager:220 - loadIPPluginJar : add cryp
2025-05-06 13:59:03,990 [INFO] IPUIPlugin:80 - create IPUIPlugin
2025-05-06 13:59:03,990 [INFO] PluginManager:220 - loadIPPluginJar : add usbx
2025-05-06 13:59:03,993 [INFO] IPUIPlugin:80 - create IPUIPlugin
2025-05-06 13:59:03,993 [INFO] PluginManager:220 - loadIPPluginJar : add genericplugin
2025-05-06 13:59:04,001 [INFO] IPUIPlugin:80 - create IPUIPlugin
2025-05-06 13:59:04,006 [INFO] PluginManager:220 - loadIPPluginJar : add plateformsettings
2025-05-06 13:59:04,014 [INFO] IPUIPlugin:80 - create IPUIPlugin
2025-05-06 13:59:04,014 [INFO] PluginManager:220 - loadIPPluginJar : add linkedlist
2025-05-06 13:59:04,016 [INFO] IPUIPlugin:80 - create IPUIPlugin
2025-05-06 13:59:04,017 [INFO] PluginManager:220 - loadIPPluginJar : add ts
2025-05-06 13:59:04,027 [INFO] IPUIPlugin:80 - create IPUIPlugin
2025-05-06 13:59:04,027 [INFO] PluginManager:220 - loadIPPluginJar : add mdma
2025-05-06 13:59:04,030 [INFO] IPUIPlugin:80 - create IPUIPlugin
2025-05-06 13:59:04,030 [INFO] PluginManager:220 - loadIPPluginJar : add dma3
2025-05-06 13:59:04,037 [INFO] IPUIPlugin:80 - create IPUIPlugin
2025-05-06 13:59:04,037 [INFO] PluginManager:220 - loadIPPluginJar : add adc
2025-05-06 13:59:04,041 [INFO] IPUIPlugin:80 - create IPUIPlugin
2025-05-06 13:59:04,041 [INFO] PluginManager:220 - loadIPPluginJar : add sai
2025-05-06 13:59:04,048 [INFO] IPUIPlugin:80 - create IPUIPlugin
2025-05-06 13:59:04,048 [INFO] PluginManager:220 - loadIPPluginJar : add dma
2025-05-06 13:59:04,161 [INFO] CADModel:165 - CPN selected for project level
2025-05-06 13:59:04,161 [INFO] CADModel:114 - Register for checkConnection events
2025-05-06 13:59:04,162 [FATAL] Updater:308 - Updater called before beeing initialized
2025-05-06 13:59:04,162 [ERROR] CADModel:125 - Updater not yet initialized, retry later 
2025-05-06 13:59:04,362 [INFO] CADModel:165 - CPN selected for project level
2025-05-06 13:59:04,362 [INFO] CADModel:114 - Register for checkConnection events
2025-05-06 13:59:04,363 [FATAL] Updater:308 - Updater called before beeing initialized
2025-05-06 13:59:04,363 [ERROR] CADModel:125 - Updater not yet initialized, retry later 
2025-05-06 13:59:04,368 [FATAL] Updater:308 - Updater called before beeing initialized
2025-05-06 13:59:04,487 [FATAL] Updater:308 - Updater called before beeing initialized
2025-05-06 13:59:04,494 [INFO] DbMcusAds:53 - JSON generation date=Thu Mar 06 16:54:22 EET 2025 (1741272862204)
2025-05-06 13:59:04,494 [FATAL] Updater:308 - Updater called before beeing initialized
2025-05-06 13:59:04,541 [WARN] DetailPanel:346 - Failed to get advertising image, set to default
2025-05-06 13:59:04,677 [FATAL] Updater:308 - Updater called before beeing initialized
2025-05-06 13:59:04,679 [FATAL] Updater:308 - Updater called before beeing initialized
2025-05-06 13:59:04,680 [FATAL] Updater:308 - Updater called before beeing initialized
2025-05-06 13:59:04,680 [WARN] DetailPanel:346 - Failed to get advertising image, set to default
2025-05-06 13:59:04,681 [FATAL] Updater:308 - Updater called before beeing initialized
2025-05-06 13:59:04,735 [ERROR] Updater:1120 - MainUpdater not yet initialized. External WinMGr cannot be set.
2025-05-06 13:59:04,737 [INFO] Updater:1056 - Updater Version found : 6.8.0
2025-05-06 13:59:04,768 [INFO] ApplicationProperties:184 - Using Application install path: /app/stm32cubeide/plugins/com.st.stm32cube.common.mx_6.8.0.202302231600
2025-05-06 13:59:05,135 [INFO] MainUpdater:2854 - connection check result : 10
2025-05-06 13:59:05,136 [INFO] MainUpdater:283 - Updater Check For Update Now.
2025-05-06 13:59:05,136 [INFO] MicroXplorer:498 - Change Database Version : DB.6.0.80
2025-05-06 13:59:05,339 [INFO] CheckServerUpdateThread:120 - End of CheckServer Thread
2025-05-06 13:59:05,347 [INFO] MainUpdater:2854 - connection check result : 10
2025-05-06 13:59:05,348 [INFO] MainUpdater:2854 - connection check result : 10
2025-05-06 13:59:05,392 [INFO] MicroXplorer:468 - Change Database Path : 
2025-05-06 13:59:05,393 [INFO] MicroXplorer:498 - Change Database Version : DB.6.0.80
2025-05-06 13:59:05,395 [WARN] ThirdParty:871 - waiting for thirdparty lock release [close project]
2025-05-06 13:59:06,362 [WARN] PackLoader:240 - Cannot read IP mode file for STMicroelectronics.FP-SNS-MOTENVWB1.1.4.0
2025-05-06 13:59:06,373 [WARN] PackLoader:240 - Cannot read IP mode file for STMicroelectronics.FP-ATR-ASTRA1.2.0.2
2025-05-06 13:59:06,378 [WARN] PackLoader:240 - Cannot read IP mode file for STMicroelectronics.FP-ATR-ASTRA1.2.0.1
2025-05-06 13:59:06,386 [WARN] PackLoader:240 - Cannot read IP mode file for STMicroelectronics.X-CUBE-SMBUS.2.1.0
2025-05-06 13:59:06,395 [WARN] PackLoader:240 - Cannot read IP mode file for STMicroelectronics.X-CUBE-WB05N.1.1.0
2025-05-06 13:59:06,438 [WARN] PackLoader:240 - Cannot read IP mode file for STMicroelectronics.X-CUBE-AZRTOS-F7.1.1.0
2025-05-06 13:59:06,451 [WARN] PackLoader:240 - Cannot read IP mode file for STMicroelectronics.FP-SNS-FLIGHT1.5.0.2
2025-05-06 13:59:06,487 [ERROR] Engine:466 - /home/ziad/.stm32cubemx/thirdparties/pdsc/Infineon.AIROC-Wi-Fi-Bluetooth-STM32.1.7.0.pdsc: PDSC version is not supported
2025-05-06 13:59:06,494 [WARN] PackLoader:240 - Cannot read IP mode file for STMicroelectronics.X-CUBE-DISPLAY.3.0.0
2025-05-06 13:59:06,504 [WARN] PackLoader:240 - Cannot read IP mode file for STMicroelectronics.X-CUBE-BLE1.7.0.0
2025-05-06 13:59:06,509 [WARN] PackLoader:240 - Cannot read IP mode file for STMicroelectronics.X-CUBE-NFC10.1.0.0
2025-05-06 13:59:06,515 [ERROR] Engine:466 - /home/ziad/.stm32cubemx/thirdparties/pdsc/STMicroelectronics.X-CUBE-BLEMGR.4.0.0.pdsc: PDSC version is not supported
2025-05-06 13:59:06,518 [WARN] PackLoader:240 - Cannot read IP mode file for emotas.I-CUBE-CANOPEN.1.3.0
2025-05-06 13:59:06,521 [WARN] PackLoader:240 - Cannot read IP mode file for STMicroelectronics.X-CUBE-AI.10.0.0
2025-05-06 13:59:06,524 [WARN] PackLoader:240 - Cannot read IP mode file for STMicroelectronics.FP-SNS-SMARTAG2.1.2.0
2025-05-06 13:59:06,527 [ERROR] Engine:466 - /home/ziad/.stm32cubemx/thirdparties/pdsc/STMicroelectronics.FP-SNS-FLIGHT1.5.1.0.pdsc: PDSC version is not supported
2025-05-06 13:59:06,589 [WARN] PackLoader:240 - Cannot read IP mode file for STMicroelectronics.X-CUBE-MEMS1.11.1.0
2025-05-06 13:59:06,811 [INFO] LogOutputStream:77 - [STDOUT_REDIRECT] 1 : Invalid condition id : UX_CORESTACK_Condition cause : null
2025-05-06 13:59:06,812 [INFO] LogOutputStream:77 - [STDOUT_REDIRECT] 1 : Invalid condition id : UX_CORESTACK_Condition cause : null
2025-05-06 13:59:06,812 [INFO] LogOutputStream:77 - [STDOUT_REDIRECT] 1 : Invalid condition id : UX_CORESTACK_Condition cause : null
2025-05-06 13:59:06,813 [INFO] LogOutputStream:77 - [STDOUT_REDIRECT] 1 : Invalid condition id : UX_CORESTACK_Condition cause : null
2025-05-06 13:59:06,813 [INFO] LogOutputStream:77 - [STDOUT_REDIRECT] 1 : Invalid condition id : UX_CORESTACK_Condition cause : null
2025-05-06 13:59:06,820 [WARN] PackLoader:240 - Cannot read IP mode file for STMicroelectronics.X-CUBE-AZRTOS-WL.2.0.0
2025-05-06 13:59:06,827 [WARN] PackLoader:240 - Cannot read IP mode file for STMicroelectronics.FP-SNS-MOTENV1.5.0.0
2025-05-06 13:59:06,832 [WARN] PackLoader:240 - Cannot read IP mode file for wolfSSL.I-CUBE-wolfMQTT.1.19.0
2025-05-06 13:59:06,840 [WARN] PackLoader:240 - Cannot read IP mode file for WES.I-CUBE-Cesium.1.3.0
2025-05-06 13:59:06,846 [WARN] PackLoader:240 - Cannot read IP mode file for STMicroelectronics.X-CUBE-BLE2.3.3.0
2025-05-06 13:59:06,854 [WARN] PackLoader:240 - Cannot read IP mode file for STMicroelectronics.X-CUBE-NFC9.1.0.0
2025-05-06 13:59:06,861 [WARN] PackLoader:240 - Cannot read IP mode file for STMicroelectronics.X-CUBE-BLE1.7.1.0
2025-05-06 13:59:06,970 [WARN] PackLoader:240 - Cannot read IP mode file for STMicroelectronics.X-CUBE-MEMS1.11.2.0
2025-05-06 13:59:07,298 [WARN] PackLoader:240 - Cannot read IP mode file for STMicroelectronics.X-CUBE-AZRTOS-G0.1.1.0
2025-05-06 13:59:07,304 [WARN] PackLoader:240 - Cannot read IP mode file for STMicroelectronics.X-CUBE-SAFEA1.1.2.2
2025-05-06 13:59:07,309 [WARN] PackLoader:240 - Cannot read IP mode file for STMicroelectronics.X-CUBE-NFC4.3.0.0
2025-05-06 13:59:07,312 [ERROR] Engine:466 - /home/ziad/.stm32cubemx/thirdparties/pdsc/EmbeddedOffice.I-CUBE-FS-RTOS.1.0.1.pdsc: PDSC version is not supported
2025-05-06 13:59:07,315 [WARN] PackLoader:240 - Cannot read IP mode file for STMicroelectronics.X-CUBE-WB05N.2.0.0
2025-05-06 13:59:07,319 [ERROR] Engine:466 - /home/ziad/.stm32cubemx/thirdparties/pdsc/STMicroelectronics.X-CUBE-TCPP.4.2.0.pdsc: PDSC version is not supported
2025-05-06 13:59:07,320 [ERROR] Engine:466 - /home/ziad/.stm32cubemx/thirdparties/pdsc/RealThread.X-CUBE-RT-Thread_Nano.4.1.1.pdsc: PDSC version is not supported
2025-05-06 13:59:07,322 [WARN] PackLoader:240 - Cannot read IP mode file for STMicroelectronics.FP-ATR-SIGFOX1.3.2.0
2025-05-06 13:59:07,324 [ERROR] Engine:466 - /home/ziad/.stm32cubemx/thirdparties/pdsc/quantropi.X-CUBE-qispace-sdk-base.1.9.3.pdsc: PDSC version is not supported
2025-05-06 13:59:07,346 [WARN] PackLoader:240 - Cannot read IP mode file for STMicroelectronics.X-CUBE-EEPRMA1.5.1.0
2025-05-06 13:59:07,352 [WARN] PackLoader:240 - Cannot read IP mode file for wolfSSL.I-CUBE-wolfSSL.5.7.6
2025-05-06 13:59:07,356 [WARN] PackLoader:240 - Cannot read IP mode file for ITTIA_DB.I-CUBE-ITTIADB.8.9.0
2025-05-06 13:59:07,383 [WARN] PackLoader:240 - Cannot read IP mode file for SEGGER.I-CUBE-embOS.1.3.1
2025-05-06 13:59:07,423 [WARN] PackLoader:240 - Cannot read IP mode file for STMicroelectronics.X-CUBE-ALGOBUILD.1.4.0
2025-05-06 13:59:07,437 [WARN] PackLoader:240 - Cannot read IP mode file for STMicroelectronics.X-CUBE-AZRTOS-F4.1.1.0
2025-05-06 13:59:07,441 [ERROR] Engine:466 - /home/ziad/.stm32cubemx/thirdparties/pdsc/Avnet-IotConnect.X-CUBE-IoTC-DA16k-PMOD.1.0.0.pdsc: PDSC version is not supported
2025-05-06 13:59:07,444 [WARN] PackLoader:240 - Cannot read IP mode file for STMicroelectronics.X-CUBE-ISPU.2.1.0
2025-05-06 13:59:07,460 [WARN] PackLoader:240 - Cannot read IP mode file for STMicroelectronics.X-CUBE-AZRTOS-L5.2.0.0
2025-05-06 13:59:07,468 [WARN] PackLoader:240 - Cannot read IP mode file for STMicroelectronics.X-CUBE-NFC6.3.1.0
2025-05-06 13:59:07,472 [ERROR] Engine:466 - /home/ziad/.stm32cubemx/thirdparties/pdsc/STMicroelectronics.X-CUBE-DPower.1.2.0.pdsc: PDSC version is not supported
2025-05-06 13:59:07,475 [WARN] PackLoader:240 - Cannot read IP mode file for STMicroelectronics.X-CUBE-FREERTOS.1.3.0
2025-05-06 13:59:07,479 [WARN] PackLoader:240 - Cannot read IP mode file for STMicroelectronics.X-CUBE-NFC7.1.0.1
2025-05-06 13:59:07,482 [ERROR] Engine:466 - /home/ziad/.stm32cubemx/thirdparties/pdsc/STMicroelectronics.X-CUBE-DPower.1.3.0.pdsc: PDSC version is not supported
2025-05-06 13:59:07,519 [WARN] ConditionMgr:438 - getConditionDescription Invalid condition id : LAN8742 Phy interface Condition cause : null
2025-05-06 13:59:07,520 [WARN] PackLoader:240 - Cannot read IP mode file for STMicroelectronics.X-CUBE-AZRTOS-L4.2.0.0
2025-05-06 13:59:07,522 [WARN] ConditionMgr:1039 - genDependencies : Invalid condition id : LAN8742 Phy interface Condition cause : null
2025-05-06 13:59:07,523 [WARN] ConditionMgr:1039 - genDependencies : Invalid condition id : LAN8742 Phy interface Condition cause : null
2025-05-06 13:59:07,523 [WARN] ConditionMgr:1039 - genDependencies : Invalid condition id : LAN8742 Phy interface Condition cause : null
2025-05-06 13:59:07,533 [WARN] PackLoader:240 - Cannot read IP mode file for STMicroelectronics.X-CUBE-SFXS2LP1.4.0.0
2025-05-06 13:59:07,568 [WARN] PackLoader:240 - Cannot read IP mode file for STMicroelectronics.X-CUBE-AZRTOS-H7.3.3.0
2025-05-06 13:59:07,593 [WARN] ConditionMgr:438 - getConditionDescription Invalid condition id : UX DEVICE CLASS RTOS Condition cause : null
2025-05-06 13:59:07,594 [WARN] ConditionMgr:438 - getConditionDescription Invalid condition id : UX DEVICE CLASS RTOS Condition cause : null
2025-05-06 13:59:07,598 [WARN] PackLoader:240 - Cannot read IP mode file for STMicroelectronics.X-CUBE-AZRTOS-WB.2.0.0
2025-05-06 13:59:07,599 [WARN] ConditionMgr:1039 - genDependencies : Invalid condition id : UX DEVICE CLASS RTOS Condition cause : null
2025-05-06 13:59:07,599 [WARN] ConditionMgr:1039 - genDependencies : Invalid condition id : UX DEVICE CLASS RTOS Condition cause : null
2025-05-06 13:59:07,600 [WARN] ConditionMgr:1039 - genDependencies : Invalid condition id : UX DEVICE CLASS RTOS Condition cause : null
2025-05-06 13:59:07,600 [WARN] ConditionMgr:1039 - genDependencies : Invalid condition id : UX DEVICE CLASS RTOS Condition cause : null
2025-05-06 13:59:07,600 [WARN] ConditionMgr:1039 - genDependencies : Invalid condition id : UX DEVICE CLASS RTOS Condition cause : null
2025-05-06 13:59:07,608 [WARN] PackLoader:240 - Cannot read IP mode file for STMicroelectronics.X-CUBE-GNSS1.7.0.1
2025-05-06 13:59:07,614 [WARN] PackLoader:240 - Cannot read IP mode file for STMicroelectronics.X-CUBE-TOUCHGFX.4.25.0
2025-05-06 13:59:07,619 [ERROR] Engine:466 - /home/ziad/.stm32cubemx/thirdparties/pdsc/STMicroelectronics.FP-SNS-STBOX1.2.0.0.pdsc: PDSC version is not supported
2025-05-06 13:59:07,632 [WARN] PackLoader:240 - Cannot read IP mode file for STMicroelectronics.X-CUBE-SUBG2.5.0.0
2025-05-06 13:59:07,671 [WARN] PackLoader:240 - Cannot read IP mode file for STMicroelectronics.X-CUBE-AZRTOS-H7RS.1.1.0
2025-05-06 13:59:07,678 [WARN] PackLoader:240 - Cannot read IP mode file for Cesanta.I-CUBE-Mongoose.7.13.0
2025-05-06 13:59:07,700 [WARN] PackLoader:240 - Cannot read IP mode file for STMicroelectronics.X-CUBE-AZRTOS-G4.2.0.0
2025-05-06 13:59:07,708 [WARN] PackLoader:240 - Cannot read IP mode file for STMicroelectronics.X-CUBE-NFC7.2.0.0
2025-05-06 13:59:07,718 [ERROR] Engine:466 - /home/ziad/.stm32cubemx/thirdparties/pdsc/STMicroelectronics.X-CUBE-IPS.3.1.0.pdsc: PDSC version is not supported
2025-05-06 13:59:07,723 [WARN] PackLoader:240 - Cannot read IP mode file for STMicroelectronics.X-CUBE-ALS.1.0.2
2025-05-06 13:59:07,727 [WARN] PackLoader:240 - Cannot read IP mode file for STMicroelectronics.X-CUBE-TOUCHGFX.4.24.2
2025-05-06 13:59:07,730 [WARN] PackLoader:240 - Cannot read IP mode file for wolfSSL.I-CUBE-wolfTPM.3.4.0
2025-05-06 13:59:07,735 [WARN] PackLoader:240 - Cannot read IP mode file for portGmbH.I-Cube-SoM-uGOAL.1.1.0
2025-05-06 13:59:07,793 [WARN] PackLoader:240 - Cannot read IP mode file for STMicroelectronics.X-CUBE-AZRTOS-H7RS.1.0.0
2025-05-06 13:59:07,805 [ERROR] Engine:466 - /home/ziad/.stm32cubemx/thirdparties/pdsc/STMicroelectronics.X-CUBE-TOF1.3.4.2.pdsc: PDSC version is not supported
2025-05-06 13:59:07,812 [ERROR] Engine:466 - /home/ziad/.stm32cubemx/thirdparties/pdsc/STMicroelectronics.X-CUBE-TOF1.3.4.3.pdsc: PDSC version is not supported
2025-05-06 13:59:07,815 [WARN] PackLoader:240 - Cannot read IP mode file for wolfSSL.I-CUBE-wolfSSH.1.4.17
2025-05-06 13:59:07,816 [INFO] ThirdParty:978 - Integrity check success = true
2025-05-06 13:59:07,816 [INFO] IntegrityCheckThread:100 - exiting critical section [integrity check]
2025-05-06 13:59:07,816 [INFO] IntegrityCheckThread:103 - End integrity checks thread
2025-05-06 13:59:07,816 [INFO] ThirdParty:873 - entering critical section [close project]
2025-05-06 13:59:07,818 [INFO] ThirdParty:883 - exiting critical section [close project]
2025-05-06 13:59:07,826 [INFO] PinOutPanel:1499 - setPackage(No Configuration,No Configuration)
2025-05-06 13:59:07,835 [INFO] UtilMem:75 - Begin LoadConfig() Used Memory: 206845920 Bytes (268435456)
2025-05-06 13:59:07,837 [INFO] MicroXplorer:468 - Change Database Path : 
2025-05-06 13:59:07,837 [INFO] MicroXplorer:498 - Change Database Version : DB.6.0.80
2025-05-06 13:59:07,838 [INFO] OpenFileManager:308 - Change cursor
2025-05-06 13:59:07,894 [INFO] Mcu:1937 - Initializing MCU STM32F405RGTx STM32F405RGTx STM32F405RGT6
2025-05-06 13:59:10,433 [INFO] Context:659 - Trying to add GPIOservice into a context  which must be forbidden
2025-05-06 13:59:11,976 [INFO] RtosManager:555 - Registered RTOS mode: class=CMSIS, group=RTOS, mode=CMSIS_V1, owner=FREERTOS
2025-05-06 13:59:11,977 [INFO] RtosManager:555 - Registered RTOS mode: class=CMSIS, group=RTOS2, mode=CMSIS_V2, owner=FREERTOS
2025-05-06 13:59:11,977 [INFO] RtosManager:555 - Registered RTOS mode: class=RTOS, group=Core, mode=CMSIS_V1, owner=FREERTOS
2025-05-06 13:59:11,977 [INFO] RtosManager:555 - Registered RTOS mode: class=RTOS, group=Core, mode=CMSIS_V2, owner=FREERTOS
2025-05-06 13:59:11,979 [WARN] ModelIntegratedComponent:184 - Missing modes for component STMicroelectronics:FreeRTOS:0.0.1:STMicroelectronics:RTOS:FreeRTOS:Core:::10.2.0:
2025-05-06 13:59:12,019 [WARN] ModelIntegratedComponent:63 - No mode defined for component null
2025-05-06 13:59:12,019 [WARN] ModelIntegratedComponent:63 - No mode defined for component null
2025-05-06 13:59:12,019 [WARN] ModelIntegratedComponent:63 - No mode defined for component null
2025-05-06 13:59:12,019 [WARN] ModelIntegratedComponent:63 - No mode defined for component null
2025-05-06 13:59:12,019 [WARN] ModelIntegratedComponent:63 - No mode defined for component null
2025-05-06 13:59:12,020 [WARN] ModelIntegratedComponent:63 - No mode defined for component null
2025-05-06 13:59:12,020 [WARN] ModelIntegratedComponent:63 - No mode defined for component null
2025-05-06 13:59:12,020 [WARN] ModelIntegratedComponent:63 - No mode defined for component null
2025-05-06 13:59:12,020 [WARN] ModelIntegratedComponent:63 - No mode defined for component null
2025-05-06 13:59:12,020 [WARN] ModelIntegratedComponent:63 - No mode defined for component null
2025-05-06 13:59:12,020 [WARN] ModelIntegratedComponent:63 - No mode defined for component null
2025-05-06 13:59:12,020 [WARN] ModelIntegratedComponent:63 - No mode defined for component null
2025-05-06 13:59:12,020 [WARN] ModelIntegratedComponent:63 - No mode defined for component null
2025-05-06 13:59:12,020 [WARN] ModelIntegratedComponent:63 - No mode defined for component null
2025-05-06 13:59:12,020 [WARN] ModelIntegratedComponent:63 - No mode defined for component null
2025-05-06 13:59:12,020 [WARN] ModelIntegratedComponent:63 - No mode defined for component null
2025-05-06 13:59:12,021 [WARN] ModelIntegratedComponent:63 - No mode defined for component null
2025-05-06 13:59:12,021 [WARN] ModelIntegratedComponent:63 - No mode defined for component null
2025-05-06 13:59:12,021 [WARN] ModelIntegratedComponent:63 - No mode defined for component null
2025-05-06 13:59:12,021 [WARN] ModelIntegratedComponent:63 - No mode defined for component null
2025-05-06 13:59:12,021 [WARN] ModelIntegratedComponent:63 - No mode defined for component null
2025-05-06 13:59:12,021 [WARN] ModelIntegratedComponent:63 - No mode defined for component null
2025-05-06 13:59:12,021 [WARN] ModelIntegratedComponent:63 - No mode defined for component null
2025-05-06 13:59:12,021 [WARN] ModelIntegratedComponent:63 - No mode defined for component null
2025-05-06 13:59:12,021 [WARN] ModelIntegratedComponent:63 - No mode defined for component null
2025-05-06 13:59:12,021 [WARN] ModelIntegratedComponent:63 - No mode defined for component null
2025-05-06 13:59:12,021 [WARN] ModelIntegratedComponent:63 - No mode defined for component null
2025-05-06 13:59:12,021 [WARN] ModelIntegratedComponent:63 - No mode defined for component null
2025-05-06 13:59:12,022 [WARN] ModelIntegratedComponent:63 - No mode defined for component null
2025-05-06 13:59:12,022 [WARN] ModelIntegratedComponent:63 - No mode defined for component null
2025-05-06 13:59:12,022 [WARN] ModelIntegratedComponent:63 - No mode defined for component null
2025-05-06 13:59:12,022 [WARN] ModelIntegratedComponent:63 - No mode defined for component null
2025-05-06 13:59:12,022 [WARN] ModelIntegratedComponent:63 - No mode defined for component null
2025-05-06 13:59:12,235 [INFO] ThirdPartyModel:298 - Start build external matchings
2025-05-06 13:59:13,359 [INFO] ThirdPartyModel:316 - End build external matchings
2025-05-06 13:59:13,531 [INFO] ImportTextPane:194 - (OptionalMessage_ERROR) IP (RCC) : Parameter (48MHZClocksFreq_Value) has invalid value (84000000)
2025-05-06 13:59:13,533 [INFO] ImportTextPane:194 - (OptionalMessage_ERROR) IP (RCC) : Parameter (RTCHSEDivFreq_Value) has invalid value (12500000)
2025-05-06 13:59:13,888 [ERROR] LogOutputStream:75 - [STDERR_REDIRECT] SLF4J: Failed to load class "org.slf4j.impl.StaticLoggerBinder".
2025-05-06 13:59:13,890 [ERROR] LogOutputStream:75 - [STDERR_REDIRECT] SLF4J: Defaulting to no-operation (NOP) logger implementation
2025-05-06 13:59:13,891 [ERROR] LogOutputStream:75 - [STDERR_REDIRECT] SLF4J: See http://www.slf4j.org/codes.html#StaticLoggerBinder for further details.
2025-05-06 13:59:14,127 [INFO] UtilMem:75 - End LoadConfig() Used Memory: 296818952 Bytes (407896064)
2025-05-06 13:59:14,411 [INFO] ApiDb:581 - Connected to CubeFinder SQLite database (/home/ziad/.stmcufinder/plugins/mcufinder/mcu/cube-finder-db.db)
2025-05-06 13:59:14,551 [INFO] ApiDb:668 - CubeFinder database Data Model version=2.1
2025-05-06 13:59:14,551 [INFO] ApiDb:669 - CubeFinder database Configuration version=3.0.39
2025-05-06 13:59:14,551 [INFO] ApiDb:670 - CubeFinder database generation date=2025-04-23 (1745419778)
2025-05-06 13:59:14,551 [INFO] ApiDb:671 - CubeFinder database FW Pack versions=[FP-ATR-ASTRA1_V2.0.0, FP-SNS-FLIGHT1_V5.1.0, FP-SNS-MOTENV1_V5.0.0, FP-SNS-MOTENVWB1_V1.4.0, FP-SNS-SMARTAG2_V1.2.0, FP-SNS-STBOX1_V2.0.0, STM32Cube_FW_C0_V1.4.0, STM32Cube_FW_F4_V1.28.1, STM32Cube_FW_F7_V1.17.2, STM32Cube_FW_G0_V1.6.2, STM32Cube_FW_G4_V1.6.1, STM32Cube_FW_H5_V1.5.0, STM32Cube_FW_H7RS_V1.2.0, STM32Cube_FW_H7_V1.12.1, STM32Cube_FW_L0_V1.12.2, STM32Cube_FW_L4_V1.18.1, STM32Cube_FW_L5_V1.5.1, STM32Cube_FW_N6_V1.1.1, STM32Cube_FW_U0_V1.2.0, STM32Cube_FW_U3_V1.1.0, STM32Cube_FW_U5_V1.7.0, STM32Cube_FW_WB0_V1.2.0, STM32Cube_FW_WBA_V1.6.0, STM32Cube_FW_WB_V1.22.0, STM32Cube_FW_WL3_V1.1.0, STM32Cube_FW_WL_V1.3.1, X-CUBE-ALGOBUILD_V1.4.0, X-CUBE-ALS_V1.0.2, X-CUBE-AZRTOS-F4_V1.1.0, X-CUBE-AZRTOS-F7_V1.1.0, X-CUBE-AZRTOS-G0_V1.1.0, X-CUBE-AZRTOS-G4_V2.0.0, X-CUBE-AZRTOS-H7RS_V1.1.0, X-CUBE-AZRTOS-H7_V3.3.0, X-CUBE-AZRTOS-L4_V2.0.0, X-CUBE-AZRTOS-L5_V2.0.0, X-CUBE-AZRTOS-WB_V2.0.0, X-CUBE-AZRTOS-WL_V2.0.0, X-CUBE-BLE1_V7.1.0, X-CUBE-BLE2_V3.3.0, X-CUBE-BLEMGR_V4.0.0, X-CUBE-EEPRMA1_V5.1.0, X-CUBE-FREERTOS_V1.3.0, X-CUBE-GNSS1_V6.0.0, X-CUBE-MEMS1_V11.2.0, X-CUBE-NFC4_V3.0.0, X-CUBE-NFC7_V1.0.1, X-CUBE-SFXS2LP1_V4.0.0, X-CUBE-SUBG2_V5.0.0, X-CUBE-TOF1_V3.4.3]
2025-05-06 13:59:18,857 [INFO] ApiDb:240 - Found 297 in-development CPN: [B-G473E-ZEST1S, B-WB1M-WPAN1, B-WL5M-SUBG1, NUCLEO-C031C6, NUCLEO-H503RB, NUCLEO-H563ZI, NUCLEO-U545RE-Q, NUCLEO-U5A5ZJ-Q, NUCLEO-WBA52CG, STEVAL-PROTEUS1, STEVAL-STWINBX1, STM320518-EVAL, STM32C0116-DK, STM32C011D6Y3TR, STM32C011D6Y6TR, STM32C011F4P3, STM32C011F4P6, STM32C011F4U3, STM32C011F4U6TR, STM32C011F6P3, STM32C011F6P6, STM32C011F6U3, STM32C011F6U6TR, STM32C011J4M3, STM32C011J4M6, STM32C011J6M3, STM32C011J6M6, STM32C0316-DK, STM32C031C4T3, STM32C031C4T6, STM32C031C4U3, STM32C031C4U6, STM32C031C6T3, STM32C031C6T6, STM32C031C6U3, STM32C031C6U6, STM32C031F4P3, STM32C031F4P6, STM32C031F6P3, STM32C031F6P6, STM32C031G4U3, STM32C031G4U6, STM32C031G6U3, STM32C031G6U6, STM32C031K4T3, STM32C031K4T6, STM32C031K4U3, STM32C031K4U6, STM32C031K6T3, STM32C031K6T6, STM32C031K6U3, STM32C031K6U6, STM32G071K8TXN, STM32G071K8UXN, STM32G081GBU6N, STM32G081KBT6N, STM32G081KBUXN, STM32G0B1CCT6N, STM32G0B1KCT6, STM32G0B1NEY6TR, STM32G0B1RCT6N, STM32G0C1CCT6, STM32G0C1CCT6N, STM32G0C1CCU6N, STM32G0C1CET6N, STM32G0C1CEU6N, STM32G0C1KCT6, STM32G0C1NEY6TR, STM32G0C1RCI6N, STM32G0C1RCT6N, STM32G0C1REI6N, STM32G0C1RET6N, STM32G0C1VCI6, STM32G0C1VEI6, STM32G471CCT6, STM32G471CCU6, STM32G471CET3, STM32G471CET6, STM32G471CEU3, STM32G471CEU6, STM32G471MCT6, STM32G471MET3, STM32G471MET6, STM32G471MEY6TR, STM32G471QCT6, STM32G471QET3, STM32G471RCT6, STM32G471RET3, STM32G471RET6, STM32G471VCH6, STM32G471VCI6, STM32G471VCT6, STM32G471VEH3, STM32G471VEH6, STM32G471VEI3, STM32G471VEI6, STM32G471VET3, STM32G471VET6, STM32G474CCT6, STM32H503CBT6, STM32H503CBU6, STM32H503EBY6TR, STM32H503KBU6, STM32H503RBT6, STM32H562AGI6, STM32H562AII6, STM32H562IGK6, STM32H562IGT6, STM32H562IIK6, STM32H562IIT6, STM32H562RGT6, STM32H562RGV6, STM32H562RIT6, STM32H562RIV6, STM32H562VGT6, STM32H562VIT6, STM32H562ZGT6, STM32H562ZIT6, STM32H563AGI6, STM32H563AII3Q, STM32H563AII6, STM32H563IGK6, STM32H563IGT6, STM32H563IIK3Q, STM32H563IIK6, STM32H563IIT3Q, STM32H563IIT6, STM32H563MIY3QTR, STM32H563RGT6, STM32H563RGV6, STM32H563RIT6, STM32H563RIV6, STM32H563VGT6, STM32H563VIT3Q, STM32H563VIT6, STM32H563ZGT6, STM32H563ZIT3Q, STM32H563ZIT6, STM32H573AII3Q, STM32H573AII6, STM32H573I-DK, STM32H573IIK3Q, STM32H573IIK6, STM32H573IIT3Q, STM32H573IIT6, STM32H573MIY3QTR, STM32H573RIT6, STM32H573RIV6, STM32H573VIT3Q, STM32H573VIT6, STM32H573ZIT3Q, STM32H573ZIT6, STM32L4R5QGI6STR, STM32MP131AAE3, STM32MP131AAF3, STM32MP131AAG3, STM32MP131CAE3, STM32MP131CAF3, STM32MP131CAG3, STM32MP131DAE7, STM32MP131DAF7, STM32MP131DAG7, STM32MP131FAE7, STM32MP131FAF7, STM32MP131FAG7, STM32MP133AAE3, STM32MP133AAF3, STM32MP133AAG3, STM32MP133CAE3, STM32MP133CAF3, STM32MP133CAG3, STM32MP133DAE7, STM32MP133DAF7, STM32MP133DAG7, STM32MP133FAE7, STM32MP133FAF7, STM32MP133FAG7, STM32MP135AAE3, STM32MP135AAF3, STM32MP135AAG3, STM32MP135CAE3, STM32MP135CAF3, STM32MP135CAG3, STM32MP135DAE7, STM32MP135DAF7, STM32MP135DAG7, STM32MP135F-DK, STM32MP135FAE7, STM32MP135FAF7, STM32MP135FAF7T, STM32MP135FAF7U, STM32MP135FAG7, STM32U535CBT6, STM32U535CBT6Q, STM32U535CBU6, STM32U535CBU6Q, STM32U535CCT6, STM32U535CCT6Q, STM32U535CCU6, STM32U535CCU6Q, STM32U535CET6, STM32U535CET6Q, STM32U535CEU6, STM32U535CEU6Q, STM32U535JEY6QTR, STM32U535NCY6QTR, STM32U535NEY6QTR, STM32U535RBI6, STM32U535RBI6Q, STM32U535RBT6, STM32U535RBT6Q, STM32U535RCI6, STM32U535RCI6Q, STM32U535RCT6, STM32U535RCT6Q, STM32U535REI6, STM32U535REI6Q, STM32U535RET6, STM32U535RET6Q, STM32U535VCI6, STM32U535VCI6Q, STM32U535VCT6, STM32U535VCT6Q, STM32U535VEI6, STM32U535VEI6Q, STM32U535VET6, STM32U535VET6Q, STM32U545CET6, STM32U545CET6Q, STM32U545CEU6, STM32U545CEU6Q, STM32U545JEY6QTR, STM32U545NEY6QTR, STM32U545REI6, STM32U545REI6Q, STM32U545RET6, STM32U545RET6Q, STM32U545VEI6, STM32U545VEI6Q, STM32U545VET6, STM32U545VET6Q, STM32U595AIH6, STM32U595AIH6Q, STM32U595AJH6, STM32U595AJH6Q, STM32U595QII6, STM32U595QII6Q, STM32U595QJI6, STM32U595QJI6Q, STM32U595RIT6, STM32U595RIT6Q, STM32U595RJT6, STM32U595RJT6Q, STM32U595VIT6, STM32U595VIT6Q, STM32U595VJT6, STM32U595VJT6Q, STM32U595ZIT6, STM32U595ZIT6Q, STM32U595ZIY6QTR, STM32U595ZJT6, STM32U595ZJT6Q, STM32U595ZJY6QTR, STM32U599BJY6QTR, STM32U599NIH6Q, STM32U599NJH6Q, STM32U599VIT6Q, STM32U599VJT6, STM32U599VJT6Q, STM32U599ZIT6Q, STM32U599ZIY6QTR, STM32U599ZJT6Q, STM32U599ZJY6QTR, STM32U5A5AJH6, STM32U5A5AJH6Q, STM32U5A5QJI6, STM32U5A5QJI6Q, STM32U5A5RJT6, STM32U5A5RJT6Q, STM32U5A5VJT6, STM32U5A5VJT6Q, STM32U5A5ZJT6, STM32U5A5ZJT6Q, STM32U5A5ZJY6QTR, STM32U5A9BJY6QTR, STM32U5A9J-DK, STM32U5A9NJH6Q, STM32U5A9VJT6Q, STM32U5A9ZJT6Q, STM32U5A9ZJY6QTR, STM32WB1MMCH6, STM32WBA52CEU6, STM32WBA52CEU6T, STM32WBA52CGU6, STM32WBA52CGU6T, STM32WL5MOCH6, STM32WL5MOCH6TR]
2025-05-06 13:59:18,866 [INFO] DbMcus:216 - Found 4635 MCUs, 4635 are supported
2025-05-06 13:59:18,872 [INFO] ApiDb:423 - Load user favorites file /home/ziad/.stm32cubeide/favorites.mcus.txt: 2 item(s)
2025-05-06 13:59:18,872 [INFO] ApiDb:427 - User favorites MCUs=[STM32F103C8T6, STM32F405RGT6]
2025-05-06 13:59:18,873 [INFO] DbMcus:222 - Set 2 / 2 favorites MCUs
2025-05-06 13:59:19,980 [WARN] ThirdParty:833 - waiting for thirdparty lock release [change project]
2025-05-06 13:59:19,981 [INFO] ThirdParty:835 - entering critical section [change project]
2025-05-06 13:59:19,981 [INFO] ThirdParty:1030 - CMSIS Pack Vendor :STMicroelectronics X-CUBE-AZRTOS-H7 3.3.0
2025-05-06 13:59:19,981 [INFO] ThirdParty:1030 - CMSIS Pack Vendor :STMicroelectronics X-CUBE-NFC9 1.0.0
2025-05-06 13:59:19,981 [INFO] ThirdParty:1030 - CMSIS Pack Vendor :STMicroelectronics USB_HOST 2.0.0
2025-05-06 13:59:19,981 [INFO] ThirdParty:1030 - CMSIS Pack Vendor :STMicroelectronics FP-SNS-MOTENVWB1 1.4.0
2025-05-06 13:59:19,981 [INFO] ThirdParty:1030 - CMSIS Pack Vendor :STMicroelectronics X-CUBE-AZRTOS-F4 1.1.0
2025-05-06 13:59:19,981 [INFO] ThirdParty:1030 - CMSIS Pack Vendor :STMicroelectronics LIBJPEG 8.0.0
2025-05-06 13:59:19,981 [INFO] ThirdParty:1030 - CMSIS Pack Vendor :STMicroelectronics FP-ATR-ASTRA1 2.0.2
2025-05-06 13:59:19,981 [INFO] ThirdParty:1030 - CMSIS Pack Vendor :STMicroelectronics FP-ATR-ASTRA1 2.0.1
2025-05-06 13:59:19,981 [INFO] ThirdParty:1030 - CMSIS Pack Vendor :STMicroelectronics X-CUBE-BLE1 7.1.0
2025-05-06 13:59:19,981 [INFO] ThirdParty:1030 - CMSIS Pack Vendor :STMicroelectronics X-CUBE-SMBUS 2.1.0
2025-05-06 13:59:19,982 [INFO] ThirdParty:1030 - CMSIS Pack Vendor :STMicroelectronics X-CUBE-WB05N 1.1.0
2025-05-06 13:59:19,982 [INFO] ThirdParty:1030 - CMSIS Pack Vendor :STMicroelectronics USB_DEVICE 3.0.0
2025-05-06 13:59:19,982 [INFO] ThirdParty:1030 - CMSIS Pack Vendor :STMicroelectronics X-CUBE-ISPU 2.1.0
2025-05-06 13:59:19,982 [INFO] ThirdParty:1030 - CMSIS Pack Vendor :STMicroelectronics X-CUBE-AZRTOS-WB 2.0.0
2025-05-06 13:59:19,982 [INFO] ThirdParty:1030 - CMSIS Pack Vendor :STMicroelectronics X-CUBE-GNSS1 7.0.1
2025-05-06 13:59:19,982 [INFO] ThirdParty:1030 - CMSIS Pack Vendor :STMicroelectronics X-CUBE-AZRTOS-F7 1.1.0
2025-05-06 13:59:19,982 [INFO] ThirdParty:1030 - CMSIS Pack Vendor :STMicroelectronics X-CUBE-AZRTOS-L5 2.0.0
2025-05-06 13:59:19,982 [INFO] ThirdParty:1030 - CMSIS Pack Vendor :STMicroelectronics X-CUBE-TOUCHGFX 4.25.0
2025-05-06 13:59:19,982 [INFO] ThirdParty:1030 - CMSIS Pack Vendor :STMicroelectronics USB_DEVICE 2.0.0
2025-05-06 13:59:19,982 [INFO] ThirdParty:1030 - CMSIS Pack Vendor :STMicroelectronics X-CUBE-NFC6 3.1.0
2025-05-06 13:59:19,982 [INFO] ThirdParty:1030 - CMSIS Pack Vendor :STMicroelectronics X-CUBE-MEMS1 11.2.0
2025-05-06 13:59:19,982 [INFO] ThirdParty:1030 - CMSIS Pack Vendor :STMicroelectronics FreeRTOS 0.0.1
2025-05-06 13:59:19,982 [INFO] ThirdParty:1030 - CMSIS Pack Vendor :STMicroelectronics X-CUBE-AZRTOS-G0 1.1.0
2025-05-06 13:59:19,982 [INFO] ThirdParty:1030 - CMSIS Pack Vendor :STMicroelectronics X-CUBE-SAFEA1 1.2.2
2025-05-06 13:59:19,982 [INFO] ThirdParty:1030 - CMSIS Pack Vendor :STMicroelectronics X-CUBE-NFC4 3.0.0
2025-05-06 13:59:19,982 [INFO] ThirdParty:1030 - CMSIS Pack Vendor :STMicroelectronics X-CUBE-SUBG2 5.0.0
2025-05-06 13:59:19,982 [INFO] ThirdParty:1030 - CMSIS Pack Vendor :STMicroelectronics X-CUBE-AZRTOS-H7RS 1.1.0
2025-05-06 13:59:19,983 [INFO] ThirdParty:1030 - CMSIS Pack Vendor :STMicroelectronics STM32_WPAN 1.0.0
2025-05-06 13:59:19,983 [INFO] ThirdParty:1030 - CMSIS Pack Vendor :STMicroelectronics lwIP 2.0.3
2025-05-06 13:59:19,983 [INFO] ThirdParty:1030 - CMSIS Pack Vendor :STMicroelectronics FP-SNS-FLIGHT1 5.0.2
2025-05-06 13:59:19,983 [INFO] ThirdParty:1030 - CMSIS Pack Vendor :Cesanta I-CUBE-Mongoose 7.13.0
2025-05-06 13:59:19,983 [INFO] ThirdParty:1030 - CMSIS Pack Vendor :STMicroelectronics USB_HOST 1.0.0
2025-05-06 13:59:19,983 [INFO] ThirdParty:1030 - CMSIS Pack Vendor :STMicroelectronics X-CUBE-AZRTOS-G4 2.0.0
2025-05-06 13:59:19,983 [INFO] ThirdParty:1030 - CMSIS Pack Vendor :STMicroelectronics X-CUBE-WB05N 2.0.0
2025-05-06 13:59:19,983 [INFO] ThirdParty:1030 - CMSIS Pack Vendor :STMicroelectronics PDM2PCM 3.1.0
2025-05-06 13:59:19,983 [INFO] ThirdParty:1030 - CMSIS Pack Vendor :STMicroelectronics PDM2PCM 3.3.0
2025-05-06 13:59:19,983 [INFO] ThirdParty:1030 - CMSIS Pack Vendor :STMicroelectronics X-CUBE-DISPLAY 3.0.0
2025-05-06 13:59:19,983 [INFO] ThirdParty:1030 - CMSIS Pack Vendor :STMicroelectronics X-CUBE-NFC7 2.0.0
2025-05-06 13:59:19,983 [INFO] ThirdParty:1030 - CMSIS Pack Vendor :STMicroelectronics X-CUBE-BLE1 7.0.0
2025-05-06 13:59:19,983 [INFO] ThirdParty:1030 - CMSIS Pack Vendor :STMicroelectronics FP-ATR-SIGFOX1 3.2.0
2025-05-06 13:59:19,983 [INFO] ThirdParty:1030 - CMSIS Pack Vendor :STMicroelectronics X-CUBE-NFC10 1.0.0
2025-05-06 13:59:19,984 [INFO] ThirdParty:1030 - CMSIS Pack Vendor :STMicroelectronics X-CUBE-EEPRMA1 5.1.0
2025-05-06 13:59:19,984 [INFO] ThirdParty:1030 - CMSIS Pack Vendor :STMicroelectronics HAL Drivers 0.0.0
2025-05-06 13:59:19,984 [INFO] ThirdParty:1030 - CMSIS Pack Vendor :STMicroelectronics MBEDTLS 2.16.2
2025-05-06 13:59:19,984 [INFO] ThirdParty:1030 - CMSIS Pack Vendor :STMicroelectronics X-CUBE-ALS 1.0.2
2025-05-06 13:59:19,984 [INFO] ThirdParty:1030 - CMSIS Pack Vendor :emotas I-CUBE-CANOPEN 1.3.0
2025-05-06 13:59:19,984 [INFO] ThirdParty:1030 - CMSIS Pack Vendor :STMicroelectronics X-CUBE-FREERTOS 1.3.0
2025-05-06 13:59:19,984 [INFO] ThirdParty:1030 - CMSIS Pack Vendor :STMicroelectronics X-CUBE-NFC7 1.0.1
2025-05-06 13:59:19,984 [INFO] ThirdParty:1030 - CMSIS Pack Vendor :STMicroelectronics MBEDTLS 2.14.1
2025-05-06 13:59:19,984 [INFO] ThirdParty:1030 - CMSIS Pack Vendor :wolfSSL I-CUBE-wolfSSL 5.7.6
2025-05-06 13:59:19,984 [INFO] ThirdParty:1030 - CMSIS Pack Vendor :ITTIA_DB I-CUBE-ITTIADB 8.9.0
2025-05-06 13:59:19,984 [INFO] ThirdParty:1030 - CMSIS Pack Vendor :STMicroelectronics X-CUBE-TOUCHGFX 4.24.2
2025-05-06 13:59:19,984 [INFO] ThirdParty:1030 - CMSIS Pack Vendor :wolfSSL I-CUBE-wolfTPM 3.4.0
2025-05-06 13:59:19,984 [INFO] ThirdParty:1030 - CMSIS Pack Vendor :portGmbH I-Cube-SoM-uGOAL 1.1.0
2025-05-06 13:59:19,984 [INFO] ThirdParty:1030 - CMSIS Pack Vendor :STMicroelectronics X-CUBE-AI 10.0.0
2025-05-06 13:59:19,984 [INFO] ThirdParty:1030 - CMSIS Pack Vendor :STMicroelectronics ThreadX 1.0.0
2025-05-06 13:59:19,984 [INFO] ThirdParty:1030 - CMSIS Pack Vendor :STMicroelectronics FP-SNS-SMARTAG2 1.2.0
2025-05-06 13:59:19,984 [INFO] ThirdParty:1030 - CMSIS Pack Vendor :STMicroelectronics X-CUBE-MEMS1 11.1.0
2025-05-06 13:59:19,985 [INFO] ThirdParty:1030 - CMSIS Pack Vendor :STMicroelectronics X-CUBE-AZRTOS-WL 2.0.0
2025-05-06 13:59:19,985 [INFO] ThirdParty:1030 - CMSIS Pack Vendor :SEGGER I-CUBE-embOS 1.3.1
2025-05-06 13:59:19,985 [INFO] ThirdParty:1030 - CMSIS Pack Vendor :STMicroelectronics X-CUBE-ALGOBUILD 1.4.0
2025-05-06 13:59:19,985 [INFO] ThirdParty:1030 - CMSIS Pack Vendor :STMicroelectronics FP-SNS-MOTENV1 5.0.0
2025-05-06 13:59:19,985 [INFO] ThirdParty:1030 - CMSIS Pack Vendor :STMicroelectronics USB_DEVICE 1.0.0
2025-05-06 13:59:19,985 [INFO] ThirdParty:1030 - CMSIS Pack Vendor :STMicroelectronics X-CUBE-AZRTOS-H7RS 1.0.0
2025-05-06 13:59:19,985 [INFO] ThirdParty:1030 - CMSIS Pack Vendor :wolfSSL I-CUBE-wolfMQTT 1.19.0
2025-05-06 13:59:19,985 [INFO] ThirdParty:1030 - CMSIS Pack Vendor :STMicroelectronics X-CUBE-AZRTOS-L4 2.0.0
2025-05-06 13:59:19,985 [INFO] ThirdParty:1030 - CMSIS Pack Vendor :STMicroelectronics ThreadX 0.0.2
2025-05-06 13:59:19,985 [INFO] ThirdParty:1030 - CMSIS Pack Vendor :WES I-CUBE-Cesium 1.3.0
2025-05-06 13:59:19,985 [INFO] ThirdParty:1030 - CMSIS Pack Vendor :STMicroelectronics lwIP 2.1.2
2025-05-06 13:59:19,985 [INFO] ThirdParty:1030 - CMSIS Pack Vendor :STMicroelectronics X-CUBE-SFXS2LP1 4.0.0
2025-05-06 13:59:19,985 [INFO] ThirdParty:1030 - CMSIS Pack Vendor :STMicroelectronics X-CUBE-BLE2 3.3.0
2025-05-06 13:59:19,985 [INFO] ThirdParty:1030 - CMSIS Pack Vendor :STMicroelectronics PDM2PCM 3.2.0
2025-05-06 13:59:19,985 [INFO] ThirdParty:1030 - CMSIS Pack Vendor :wolfSSL I-CUBE-wolfSSH 1.4.17
2025-05-06 13:59:19,985 [INFO] ThirdParty:841 - exiting critical section [change project]
2025-05-06 13:59:21,040 [INFO] PinOutPanel:1499 - setPackage(No Configuration,No Configuration)
2025-05-06 13:59:21,042 [INFO] PinOutPanel:1499 - setPackage(STM32F405RGTx,LQFP64)
2025-05-06 13:59:21,963 [INFO] UtilMem:75 - Before build in PCC Used Memory: 344082840 Bytes (436207616)
2025-05-06 13:59:23,164 [INFO] UtilMem:75 - After build in PCC Used Memory: 350063880 Bytes (436207616)
2025-05-06 13:59:23,280 [INFO] IPUIPlugin:80 - create IPUIPlugin
2025-05-06 13:59:23,281 [INFO] IPUIPlugin:80 - create IPUIPlugin
2025-05-06 13:59:23,281 [INFO] IPUIPlugin:80 - create IPUIPlugin
2025-05-06 13:59:23,281 [INFO] IPUIPlugin:80 - create IPUIPlugin
2025-05-06 13:59:23,281 [INFO] IPUIPlugin:80 - create IPUIPlugin
2025-05-06 13:59:23,282 [INFO] IPUIPlugin:80 - create IPUIPlugin
2025-05-06 13:59:23,282 [INFO] IPUIPlugin:80 - create IPUIPlugin
2025-05-06 13:59:23,282 [INFO] IPUIPlugin:80 - create IPUIPlugin
2025-05-06 13:59:23,283 [INFO] IPUIPlugin:80 - create IPUIPlugin
2025-05-06 13:59:23,283 [INFO] IPUIPlugin:80 - create IPUIPlugin
2025-05-06 13:59:23,283 [INFO] IPUIPlugin:80 - create IPUIPlugin
2025-05-06 13:59:23,283 [INFO] IPUIPlugin:80 - create IPUIPlugin
2025-05-06 13:59:23,283 [INFO] IPUIPlugin:80 - create IPUIPlugin
2025-05-06 13:59:23,284 [INFO] IPUIPlugin:80 - create IPUIPlugin
2025-05-06 13:59:23,284 [INFO] IPUIPlugin:80 - create IPUIPlugin
2025-05-06 13:59:23,284 [INFO] IPUIPlugin:80 - create IPUIPlugin
2025-05-06 13:59:23,287 [INFO] IPUIPlugin:80 - create IPUIPlugin
2025-05-06 13:59:23,288 [INFO] IPUIPlugin:80 - create IPUIPlugin
2025-05-06 13:59:23,288 [INFO] IPUIPlugin:80 - create IPUIPlugin
2025-05-06 13:59:23,289 [INFO] IPUIPlugin:80 - create IPUIPlugin
2025-05-06 13:59:23,289 [INFO] IPUIPlugin:80 - create IPUIPlugin
2025-05-06 13:59:23,290 [INFO] IPUIPlugin:80 - create IPUIPlugin
2025-05-06 13:59:23,290 [INFO] IPUIPlugin:80 - create IPUIPlugin
2025-05-06 13:59:23,291 [INFO] IPUIPlugin:80 - create IPUIPlugin
2025-05-06 13:59:23,292 [INFO] IPUIPlugin:80 - create IPUIPlugin
2025-05-06 13:59:23,293 [INFO] IPUIPlugin:80 - create IPUIPlugin
2025-05-06 13:59:23,293 [INFO] IPUIPlugin:80 - create IPUIPlugin
2025-05-06 13:59:23,294 [INFO] IPUIPlugin:80 - create IPUIPlugin
2025-05-06 13:59:23,295 [INFO] IPUIPlugin:80 - create IPUIPlugin
2025-05-06 13:59:23,297 [INFO] IPUIPlugin:80 - create IPUIPlugin
2025-05-06 13:59:23,297 [INFO] IPUIPlugin:80 - create IPUIPlugin
2025-05-06 13:59:23,298 [INFO] IPUIPlugin:80 - create IPUIPlugin
2025-05-06 13:59:23,298 [INFO] IPUIPlugin:80 - create IPUIPlugin
2025-05-06 13:59:23,299 [INFO] IPUIPlugin:80 - create IPUIPlugin
2025-05-06 13:59:23,300 [INFO] IPUIPlugin:80 - create IPUIPlugin
2025-05-06 13:59:23,300 [INFO] IPUIPlugin:80 - create IPUIPlugin
2025-05-06 13:59:23,301 [INFO] IPUIPlugin:80 - create IPUIPlugin
2025-05-06 13:59:23,301 [INFO] IPUIPlugin:80 - create IPUIPlugin
2025-05-06 13:59:23,302 [INFO] IPUIPlugin:80 - create IPUIPlugin
2025-05-06 13:59:23,302 [INFO] IPUIPlugin:80 - create IPUIPlugin
2025-05-06 13:59:23,303 [INFO] IPUIPlugin:80 - create IPUIPlugin
2025-05-06 13:59:23,303 [INFO] IPUIPlugin:80 - create IPUIPlugin
2025-05-06 13:59:23,304 [INFO] IPUIPlugin:80 - create IPUIPlugin
2025-05-06 13:59:23,305 [INFO] IPUIPlugin:80 - create IPUIPlugin
2025-05-06 13:59:23,305 [INFO] IPUIPlugin:80 - create IPUIPlugin
2025-05-06 13:59:23,306 [INFO] IPUIPlugin:80 - create IPUIPlugin
2025-05-06 13:59:23,307 [INFO] IPUIPlugin:80 - create IPUIPlugin
2025-05-06 13:59:23,308 [INFO] IPUIPlugin:80 - create IPUIPlugin
2025-05-06 13:59:23,309 [INFO] IPUIPlugin:80 - create IPUIPlugin
2025-05-06 13:59:23,311 [INFO] IPUIPlugin:80 - create IPUIPlugin
2025-05-06 13:59:23,312 [INFO] IPUIPlugin:80 - create IPUIPlugin
2025-05-06 13:59:23,313 [INFO] IPUIPlugin:80 - create IPUIPlugin
2025-05-06 13:59:23,314 [INFO] IPUIPlugin:80 - create IPUIPlugin
2025-05-06 13:59:23,316 [INFO] IPUIPlugin:80 - create IPUIPlugin
2025-05-06 13:59:23,403 [INFO] ApiDbMcu:507 - Load IP Config File for PDM2PCM
2025-05-06 13:59:24,347 [INFO] CADModel:165 - CPN selected for project levelSTM32F405RGT6
2025-05-06 13:59:24,347 [INFO] CADModel:114 - Register for checkConnection events
2025-05-06 13:59:24,718 [INFO] OpenFileManager:328 - Restore cursor
2025-05-06 14:04:23,015 [INFO] UtilMem:75 - End SaveConfig() Used Memory: 655030376 Bytes (799014912)
2025-05-06 14:04:23,160 [INFO] UtilMem:75 - End SaveConfig() Used Memory: 676503504 Bytes (799014912)
2025-05-06 14:04:55,497 [INFO] UtilMem:75 - End SaveConfig() Used Memory: 651279072 Bytes (799014912)
2025-05-06 14:04:56,766 [INFO] BlockDiagram:2759 - set Specific Code input for plugin: RCC
2025-05-06 14:04:56,767 [INFO] BlockDiagram:2759 - set Specific Code input for plugin: NVIC
2025-05-06 14:04:56,767 [INFO] BlockDiagram:2759 - set Specific Code input for plugin: USART
2025-05-06 14:04:56,767 [INFO] BlockDiagram:2759 - set Specific Code input for plugin: GPIO
2025-05-06 14:04:56,772 [INFO] CodeGenerator:793 - code generatio: config db path: /app/stm32cubeide/plugins/com.st.stm32cube.common.mx_6.8.0.202302231600//db/
2025-05-06 14:04:57,595 [INFO] CodeEngine:255 - oldGeneratedFile, /home/ziad/Ziad_WS/sarcoos_project/code/stm32f405RGT6/stm32f405rgt6/MXTmpFiles/license.tmp_save
2025-05-06 14:04:58,281 [INFO] CodeEngine:279 - Generated code: /home/ziad/Ziad_WS/sarcoos_project/code/stm32f405RGT6/stm32f405rgt6/MXTmpFiles/license.tmp
2025-05-06 14:04:58,502 [INFO] CodeEngine:255 - oldGeneratedFile, /home/ziad/Ziad_WS/sarcoos_project/code/stm32f405RGT6/stm32f405rgt6/MXTmpFiles/gpio.tmp_save
2025-05-06 14:04:58,840 [INFO] CodeEngine:279 - Generated code: /home/ziad/Ziad_WS/sarcoos_project/code/stm32f405RGT6/stm32f405rgt6/MXTmpFiles/gpio.tmp
2025-05-06 14:04:58,955 [INFO] CodeEngine:255 - oldGeneratedFile, /home/ziad/Ziad_WS/sarcoos_project/code/stm32f405RGT6/stm32f405rgt6/Core/Src/stm32f4xx_it.c_save
2025-05-06 14:04:59,288 [INFO] CodeEngine:279 - Generated code: /home/ziad/Ziad_WS/sarcoos_project/code/stm32f405RGT6/stm32f405rgt6/Core/Src/stm32f4xx_it.c
2025-05-06 14:04:59,294 [INFO] CodeEngine:255 - oldGeneratedFile, /home/ziad/Ziad_WS/sarcoos_project/code/stm32f405RGT6/stm32f405rgt6/Core/Inc/stm32f4xx_it.h_save
2025-05-06 14:04:59,588 [INFO] CodeEngine:279 - Generated code: /home/ziad/Ziad_WS/sarcoos_project/code/stm32f405RGT6/stm32f405rgt6/Core/Inc/stm32f4xx_it.h
2025-05-06 14:04:59,656 [INFO] CodeEngine:255 - oldGeneratedFile, /home/ziad/Ziad_WS/sarcoos_project/code/stm32f405RGT6/stm32f405rgt6/Core/Src/stm32f4xx_hal_msp.c_save
2025-05-06 14:04:59,968 [INFO] CodeEngine:279 - Generated code: /home/ziad/Ziad_WS/sarcoos_project/code/stm32f405RGT6/stm32f405rgt6/Core/Src/stm32f4xx_hal_msp.c
2025-05-06 14:04:59,973 [INFO] CodeEngine:255 - oldGeneratedFile, /home/ziad/Ziad_WS/sarcoos_project/code/stm32f405RGT6/stm32f405rgt6/MXTmpFiles/system.tmp_save
2025-05-06 14:05:00,164 [INFO] CodeEngine:279 - Generated code: /home/ziad/Ziad_WS/sarcoos_project/code/stm32f405RGT6/stm32f405rgt6/MXTmpFiles/system.tmp
2025-05-06 14:05:00,176 [INFO] CodeEngine:311 - oldGeneratedFile, /home/ziad/Ziad_WS/sarcoos_project/code/stm32f405RGT6/stm32f405rgt6/Core/Inc/stm32f4xx_hal_conf.h_save
2025-05-06 14:05:00,387 [INFO] CodeEngine:335 - Generated code: /home/ziad/Ziad_WS/sarcoos_project/code/stm32f405RGT6/stm32f405rgt6/Core/Inc/stm32f4xx_hal_conf.h
2025-05-06 14:05:00,599 [INFO] CodeEngine:255 - oldGeneratedFile, /home/ziad/Ziad_WS/sarcoos_project/code/stm32f405RGT6/stm32f405rgt6/Core/Inc/main.h_save
2025-05-06 14:05:00,939 [INFO] CodeEngine:279 - Generated code: /home/ziad/Ziad_WS/sarcoos_project/code/stm32f405RGT6/stm32f405rgt6/Core/Inc/main.h
2025-05-06 14:05:00,944 [INFO] CodeEngine:255 - oldGeneratedFile, /home/ziad/Ziad_WS/sarcoos_project/code/stm32f405RGT6/stm32f405rgt6/Core/Src/main.c_save
2025-05-06 14:05:01,108 [INFO] CodeEngine:279 - Generated code: /home/ziad/Ziad_WS/sarcoos_project/code/stm32f405RGT6/stm32f405rgt6/Core/Src/main.c
2025-05-06 14:05:02,467 [INFO] ProjectBuilder:2996 - Time for Copy HAL[1] : 73mS.
2025-05-06 14:05:02,482 [INFO] ProjectBuilder:4304 - Project Generator version: 3.19.2
2025-05-06 14:05:03,303 [INFO] ConfigFileManager:1483 - The Die is : DIE413
2025-05-06 14:05:03,328 [INFO] ApiDbMcu:507 - Load IP Config File for FATFS
2025-05-06 14:05:03,466 [INFO] ApiDbMcu:507 - Load IP Config File for FREERTOS
2025-05-06 14:05:03,477 [INFO] ApiDbMcu:507 - Load IP Config File for LIBJPEG
2025-05-06 14:05:03,569 [INFO] ApiDbMcu:507 - Load IP Config File for MBEDTLS
2025-05-06 14:05:03,649 [INFO] ApiDbMcu:507 - Load IP Config File for USB_DEVICE
2025-05-06 14:05:03,672 [INFO] ApiDbMcu:507 - Load IP Config File for USB_HOST
2025-05-06 14:05:05,738 [INFO] LogOutputStream:77 - [STDOUT_REDIRECT] 
2025-05-06 14:05:07,952 [INFO] ProjectBuilder:4505 - Time for Generating toolchain IDE Files: 5464mS.
2025-05-06 14:05:07,953 [INFO] ProjectBuilder:2867 - Time for Copy CMSIS : 0mS.
2025-05-06 14:05:07,955 [INFO] ProjectBuilder:2867 - Time for Copy CMSIS : 1mS.
2025-05-06 14:35:42,038 [INFO] Activator:176 - 


2025-05-06 14:35:42,041 [INFO] Activator:177 - !SESSION log4j initialized
2025-05-06 14:35:50,233 [INFO] LogOutputStream:77 - [STDOUT_REDIRECT] 
2025-05-06 14:36:11,743 [ERROR] LogOutputStream:75 - [STDERR_REDIRECT] SLF4J: Failed to load class "org.slf4j.impl.StaticLoggerBinder".
2025-05-06 14:36:11,745 [ERROR] LogOutputStream:75 - [STDERR_REDIRECT] SLF4J: Defaulting to no-operation (NOP) logger implementation
2025-05-06 14:36:11,745 [ERROR] LogOutputStream:75 - [STDERR_REDIRECT] SLF4J: See http://www.slf4j.org/codes.html#StaticLoggerBinder for further details.
